[ 2016-08-16T01:22:33+08:00 ] 127.0.0.1 /index.php/products
INFO: [ app_init ] --START--
INFO: Run Behavior\BuildLiteBehavior [ RunTime:0.000049s ]
INFO: [ app_init ] --END-- [ RunTime:0.001065s ]
ERR: 无法加载模块:Products

[ 2016-08-16T18:40:20+08:00 ] 127.0.0.1 /index.php/%7B%7Bv.img%7D%7D
INFO: [ app_init ] --START--
INFO: Run Behavior\BuildLiteBehavior [ RunTime:0.000034s ]
INFO: [ app_init ] --END-- [ RunTime:0.000597s ]
ERR: 无法加载模块:{{v

[ 2016-08-16T22:48:56+08:00 ] 127.0.0.1 /index.php/%7B%7Bv.img%7D%7D
INFO: [ app_init ] --START--
INFO: Run Behavior\BuildLiteBehavior [ RunTime:0.000033s ]
INFO: [ app_init ] --END-- [ RunTime:0.000622s ]
ERR: 无法加载模块:{{v

[ 2016-08-16T22:49:01+08:00 ] 127.0.0.1 /index.php/%7B%7Bv.img%7D%7D
INFO: [ app_init ] --START--
INFO: Run Behavior\BuildLiteBehavior [ RunTime:0.000038s ]
INFO: [ app_init ] --END-- [ RunTime:0.000621s ]
ERR: 无法加载模块:{{v

[ 2016-08-16T22:49:01+08:00 ] 127.0.0.1 /index.php/index.js.map
INFO: [ app_init ] --START--
INFO: Run Behavior\BuildLiteBehavior [ RunTime:0.000035s ]
INFO: [ app_init ] --END-- [ RunTime:0.000634s ]
ERR: 无法加载模块:Index.js

[ 2016-08-16T22:49:05+08:00 ] 127.0.0.1 /index.php/%7B%7Bv.img%7D%7D
INFO: [ app_init ] --START--
INFO: Run Behavior\BuildLiteBehavior [ RunTime:0.000041s ]
INFO: [ app_init ] --END-- [ RunTime:0.001002s ]
ERR: 无法加载模块:{{v

[ 2016-08-16T22:49:05+08:00 ] 127.0.0.1 /index.php/index.js.map
INFO: [ app_init ] --START--
INFO: Run Behavior\BuildLiteBehavior [ RunTime:0.000036s ]
INFO: [ app_init ] --END-- [ RunTime:0.000585s ]
ERR: 无法加载模块:Index.js

[ 2016-08-16T22:49:15+08:00 ] 127.0.0.1 /index.php/%7B%7Bv.img%7D%7D
INFO: [ app_init ] --START--
INFO: Run Behavior\BuildLiteBehavior [ RunTime:0.000033s ]
INFO: [ app_init ] --END-- [ RunTime:0.000540s ]
ERR: 无法加载模块:{{v

[ 2016-08-16T22:49:31+08:00 ] 127.0.0.1 /index.php/%7B%7Bv.img%7D%7D
INFO: [ app_init ] --START--
INFO: Run Behavior\BuildLiteBehavior [ RunTime:0.000036s ]
INFO: [ app_init ] --END-- [ RunTime:0.000807s ]
ERR: 无法加载模块:{{v

[ 2016-08-16T22:49:32+08:00 ] 127.0.0.1 /index.php/index.js.map
INFO: [ app_init ] --START--
INFO: Run Behavior\BuildLiteBehavior [ RunTime:0.000057s ]
INFO: [ app_init ] --END-- [ RunTime:0.000748s ]
ERR: 无法加载模块:Index.js

[ 2016-08-16T22:51:08+08:00 ] 127.0.0.1 /index.php/%7B%7Bv.img%7D%7D
INFO: [ app_init ] --START--
INFO: Run Behavior\BuildLiteBehavior [ RunTime:0.000036s ]
INFO: [ app_init ] --END-- [ RunTime:0.000565s ]
ERR: 无法加载模块:{{v

[ 2016-08-16T22:51:30+08:00 ] 127.0.0.1 /index.php/%7B%7Bv.img%7D%7D
INFO: [ app_init ] --START--
INFO: Run Behavior\BuildLiteBehavior [ RunTime:0.000038s ]
INFO: [ app_init ] --END-- [ RunTime:0.000625s ]
ERR: 无法加载模块:{{v

[ 2016-08-16T22:51:51+08:00 ] 127.0.0.1 /index.php/%7B%7Bv.img%7D%7D
INFO: [ app_init ] --START--
INFO: Run Behavior\BuildLiteBehavior [ RunTime:0.000038s ]
INFO: [ app_init ] --END-- [ RunTime:0.000620s ]
ERR: 无法加载模块:{{v

[ 2016-08-16T22:51:51+08:00 ] 127.0.0.1 /index.php/index.js.map
INFO: [ app_init ] --START--
INFO: Run Behavior\BuildLiteBehavior [ RunTime:0.000036s ]
INFO: [ app_init ] --END-- [ RunTime:0.000919s ]
ERR: 无法加载模块:Index.js

[ 2016-08-16T22:53:15+08:00 ] 127.0.0.1 /index.php/%7B%7Bv.img%7D%7D
INFO: [ app_init ] --START--
INFO: Run Behavior\BuildLiteBehavior [ RunTime:0.000035s ]
INFO: [ app_init ] --END-- [ RunTime:0.000580s ]
ERR: 无法加载模块:{{v

[ 2016-08-16T22:53:15+08:00 ] 127.0.0.1 /index.php/index.js.map
INFO: [ app_init ] --START--
INFO: Run Behavior\BuildLiteBehavior [ RunTime:0.000041s ]
INFO: [ app_init ] --END-- [ RunTime:0.000675s ]
ERR: 无法加载模块:Index.js

[ 2016-08-16T22:53:22+08:00 ] 127.0.0.1 /index.php/%7B%7Bv.img%7D%7D
INFO: [ app_init ] --START--
INFO: Run Behavior\BuildLiteBehavior [ RunTime:0.000036s ]
INFO: [ app_init ] --END-- [ RunTime:0.000665s ]
ERR: 无法加载模块:{{v

[ 2016-08-16T22:53:22+08:00 ] 127.0.0.1 /index.php/index.js.map
INFO: [ app_init ] --START--
INFO: Run Behavior\BuildLiteBehavior [ RunTime:0.000060s ]
INFO: [ app_init ] --END-- [ RunTime:0.000874s ]
ERR: 无法加载模块:Index.js

[ 2016-08-16T22:53:43+08:00 ] 127.0.0.1 /index.php/%7B%7Bv.img%7D%7D
INFO: [ app_init ] --START--
INFO: Run Behavior\BuildLiteBehavior [ RunTime:0.000034s ]
INFO: [ app_init ] --END-- [ RunTime:0.000651s ]
ERR: 无法加载模块:{{v

[ 2016-08-16T22:53:43+08:00 ] 127.0.0.1 /index.php/index.js.map
INFO: [ app_init ] --START--
INFO: Run Behavior\BuildLiteBehavior [ RunTime:0.000033s ]
INFO: [ app_init ] --END-- [ RunTime:0.000534s ]
ERR: 无法加载模块:Index.js

[ 2016-08-16T22:53:57+08:00 ] 127.0.0.1 /index.php/%7B%7Bv.img%7D%7D
INFO: [ app_init ] --START--
INFO: Run Behavior\BuildLiteBehavior [ RunTime:0.000033s ]
INFO: [ app_init ] --END-- [ RunTime:0.000529s ]
ERR: 无法加载模块:{{v

[ 2016-08-16T22:53:57+08:00 ] 127.0.0.1 /index.php/index.js.map
INFO: [ app_init ] --START--
INFO: Run Behavior\BuildLiteBehavior [ RunTime:0.000034s ]
INFO: [ app_init ] --END-- [ RunTime:0.000586s ]
ERR: 无法加载模块:Index.js

[ 2016-08-16T22:54:11+08:00 ] 127.0.0.1 /index.php/%7B%7Bv.img%7D%7D
INFO: [ app_init ] --START--
INFO: Run Behavior\BuildLiteBehavior [ RunTime:0.000035s ]
INFO: [ app_init ] --END-- [ RunTime:0.000639s ]
ERR: 无法加载模块:{{v

[ 2016-08-16T22:54:20+08:00 ] 127.0.0.1 /index.php/%7B%7Bv.img%7D%7D
INFO: [ app_init ] --START--
INFO: Run Behavior\BuildLiteBehavior [ RunTime:0.000036s ]
INFO: [ app_init ] --END-- [ RunTime:0.000596s ]
ERR: 无法加载模块:{{v

[ 2016-08-16T22:54:43+08:00 ] 127.0.0.1 /index.php/%7B%7Bv.img%7D%7D
INFO: [ app_init ] --START--
INFO: Run Behavior\BuildLiteBehavior [ RunTime:0.000040s ]
INFO: [ app_init ] --END-- [ RunTime:0.000590s ]
ERR: 无法加载模块:{{v

[ 2016-08-16T22:55:00+08:00 ] 127.0.0.1 /index.php/%7B%7Bv.img%7D%7D
INFO: [ app_init ] --START--
INFO: Run Behavior\BuildLiteBehavior [ RunTime:0.000034s ]
INFO: [ app_init ] --END-- [ RunTime:0.000560s ]
ERR: 无法加载模块:{{v

[ 2016-08-16T22:55:21+08:00 ] 127.0.0.1 /index.php/%7B%7Bv.img%7D%7D
INFO: [ app_init ] --START--
INFO: Run Behavior\BuildLiteBehavior [ RunTime:0.000037s ]
INFO: [ app_init ] --END-- [ RunTime:0.000630s ]
ERR: 无法加载模块:{{v

[ 2016-08-16T22:55:58+08:00 ] 127.0.0.1 /index.php/%7B%7Bv.img%7D%7D
INFO: [ app_init ] --START--
INFO: Run Behavior\BuildLiteBehavior [ RunTime:0.000036s ]
INFO: [ app_init ] --END-- [ RunTime:0.000587s ]
ERR: 无法加载模块:{{v

[ 2016-08-16T22:55:58+08:00 ] 127.0.0.1 /index.php/index.js.map
INFO: [ app_init ] --START--
INFO: Run Behavior\BuildLiteBehavior [ RunTime:0.000033s ]
INFO: [ app_init ] --END-- [ RunTime:0.000626s ]
ERR: 无法加载模块:Index.js

[ 2016-08-16T22:57:02+08:00 ] 127.0.0.1 /index.php/%7B%7Bv.img%7D%7D
INFO: [ app_init ] --START--
INFO: Run Behavior\BuildLiteBehavior [ RunTime:0.000032s ]
INFO: [ app_init ] --END-- [ RunTime:0.000539s ]
ERR: 无法加载模块:{{v

[ 2016-08-16T22:57:03+08:00 ] 127.0.0.1 /index.php/index.js.map
INFO: [ app_init ] --START--
INFO: Run Behavior\BuildLiteBehavior [ RunTime:0.000062s ]
INFO: [ app_init ] --END-- [ RunTime:0.000917s ]
ERR: 无法加载模块:Index.js

[ 2016-08-16T22:57:59+08:00 ] 127.0.0.1 /index.php/%7B%7Bv.img%7D%7D
INFO: [ app_init ] --START--
INFO: Run Behavior\BuildLiteBehavior [ RunTime:0.000065s ]
INFO: [ app_init ] --END-- [ RunTime:0.001018s ]
ERR: 无法加载模块:{{v

[ 2016-08-16T22:57:59+08:00 ] 127.0.0.1 /index.php/index.js.map
INFO: [ app_init ] --START--
INFO: Run Behavior\BuildLiteBehavior [ RunTime:0.000033s ]
INFO: [ app_init ] --END-- [ RunTime:0.000554s ]
ERR: 无法加载模块:Index.js

[ 2016-08-16T22:58:22+08:00 ] 127.0.0.1 /index.php/%7B%7Bv.img%7D%7D
INFO: [ app_init ] --START--
INFO: Run Behavior\BuildLiteBehavior [ RunTime:0.000034s ]
INFO: [ app_init ] --END-- [ RunTime:0.000533s ]
ERR: 无法加载模块:{{v

[ 2016-08-16T22:58:22+08:00 ] 127.0.0.1 /index.php/index.js.map
INFO: [ app_init ] --START--
INFO: Run Behavior\BuildLiteBehavior [ RunTime:0.000034s ]
INFO: [ app_init ] --END-- [ RunTime:0.000560s ]
ERR: 无法加载模块:Index.js

[ 2016-08-16T22:58:24+08:00 ] 127.0.0.1 /index.php/%7B%7Bv.img%7D%7D
INFO: [ app_init ] --START--
INFO: Run Behavior\BuildLiteBehavior [ RunTime:0.000033s ]
INFO: [ app_init ] --END-- [ RunTime:0.000610s ]
ERR: 无法加载模块:{{v

[ 2016-08-16T22:58:29+08:00 ] 127.0.0.1 /index.php/%7B%7Bv.img%7D%7D
INFO: [ app_init ] --START--
INFO: Run Behavior\BuildLiteBehavior [ RunTime:0.000039s ]
INFO: [ app_init ] --END-- [ RunTime:0.000762s ]
ERR: 无法加载模块:{{v

[ 2016-08-16T22:58:40+08:00 ] 127.0.0.1 /index.php/%7B%7Bv.img%7D%7D
INFO: [ app_init ] --START--
INFO: Run Behavior\BuildLiteBehavior [ RunTime:0.000035s ]
INFO: [ app_init ] --END-- [ RunTime:0.000574s ]
ERR: 无法加载模块:{{v

[ 2016-08-16T22:59:10+08:00 ] 127.0.0.1 /index.php/%7B%7Bv.img%7D%7D
INFO: [ app_init ] --START--
INFO: Run Behavior\BuildLiteBehavior [ RunTime:0.000073s ]
INFO: [ app_init ] --END-- [ RunTime:0.001015s ]
ERR: 无法加载模块:{{v

[ 2016-08-16T22:59:11+08:00 ] 127.0.0.1 /index.php/index.js.map
INFO: [ app_init ] --START--
INFO: Run Behavior\BuildLiteBehavior [ RunTime:0.000032s ]
INFO: [ app_init ] --END-- [ RunTime:0.000543s ]
ERR: 无法加载模块:Index.js

[ 2016-08-16T22:59:21+08:00 ] 127.0.0.1 /index.php/%7B%7Bv.img%7D%7D
INFO: [ app_init ] --START--
INFO: Run Behavior\BuildLiteBehavior [ RunTime:0.000036s ]
INFO: [ app_init ] --END-- [ RunTime:0.000581s ]
ERR: 无法加载模块:{{v

[ 2016-08-16T23:01:02+08:00 ] 127.0.0.1 /index.php/%7B%7Bv.img%7D%7D
INFO: [ app_init ] --START--
INFO: Run Behavior\BuildLiteBehavior [ RunTime:0.000033s ]
INFO: [ app_init ] --END-- [ RunTime:0.000531s ]
ERR: 无法加载模块:{{v

[ 2016-08-16T23:01:25+08:00 ] 127.0.0.1 /index.php/%7B%7Bv.img%7D%7D
INFO: [ app_init ] --START--
INFO: Run Behavior\BuildLiteBehavior [ RunTime:0.000033s ]
INFO: [ app_init ] --END-- [ RunTime:0.000613s ]
ERR: 无法加载模块:{{v

[ 2016-08-16T23:02:46+08:00 ] 127.0.0.1 /index.php/%7B%7Bv.img%7D%7D
INFO: [ app_init ] --START--
INFO: Run Behavior\BuildLiteBehavior [ RunTime:0.000034s ]
INFO: [ app_init ] --END-- [ RunTime:0.000632s ]
ERR: 无法加载模块:{{v

[ 2016-08-16T23:02:48+08:00 ] 127.0.0.1 /index.php/favicon.ico
INFO: [ app_init ] --START--
INFO: Run Behavior\BuildLiteBehavior [ RunTime:0.000036s ]
INFO: [ app_init ] --END-- [ RunTime:0.000580s ]
ERR: 无法加载模块:Favicon

[ 2016-08-16T23:03:29+08:00 ] 127.0.0.1 /index.php/%7B%7Bv.img%7D%7D
INFO: [ app_init ] --START--
INFO: Run Behavior\BuildLiteBehavior [ RunTime:0.000059s ]
INFO: [ app_init ] --END-- [ RunTime:0.000823s ]
ERR: 无法加载模块:{{v

[ 2016-08-16T23:03:53+08:00 ] 127.0.0.1 /index.php/%7B%7Bv.img%7D%7D
INFO: [ app_init ] --START--
INFO: Run Behavior\BuildLiteBehavior [ RunTime:0.000033s ]
INFO: [ app_init ] --END-- [ RunTime:0.000554s ]
ERR: 无法加载模块:{{v

[ 2016-08-16T23:15:06+08:00 ] 127.0.0.1 /index.php/%7B%7Bv.img%7D%7D
INFO: [ app_init ] --START--
INFO: Run Behavior\BuildLiteBehavior [ RunTime:0.000033s ]
INFO: [ app_init ] --END-- [ RunTime:0.000545s ]
ERR: 无法加载模块:{{v

[ 2016-08-16T23:15:35+08:00 ] 127.0.0.1 /index.php/%7B%7Bv.img%7D%7D
INFO: [ app_init ] --START--
INFO: Run Behavior\BuildLiteBehavior [ RunTime:0.000037s ]
INFO: [ app_init ] --END-- [ RunTime:0.000900s ]
ERR: 无法加载模块:{{v

[ 2016-08-16T23:15:42+08:00 ] 127.0.0.1 /index.php/%7B%7Bv.img%7D%7D
INFO: [ app_init ] --START--
INFO: Run Behavior\BuildLiteBehavior [ RunTime:0.000036s ]
INFO: [ app_init ] --END-- [ RunTime:0.000541s ]
ERR: 无法加载模块:{{v

