[ 2016-08-17T21:19:20+08:00 ] 127.0.0.1 /index.php/Api/Productinfo/product?id=16
INFO: [ app_init ] --START--
INFO: Run Behavior\BuildLiteBehavior [ RunTime:0.000031s ]
INFO: [ app_init ] --END-- [ RunTime:0.000584s ]
INFO: [ app_begin ] --START--
INFO: Run Behavior\ReadHtmlCacheBehavior [ RunTime:0.000767s ]
INFO: [ app_begin ] --END-- [ RunTime:0.000925s ]
NOTIC: [2048] Declaration of Common\Model\ProductModel::find() should be compatible with Think\Model::find($options = Array) D:\wamp\www\Application\Common\Model\ProductModel.class.php 第 9 行.
SQL: SHOW COLUMNS FROM `mall_product` [ RunTime:0.0036s ]
SQL: SELECT * FROM `mall_product` WHERE ( id=16 ) LIMIT 1   [ RunTime:0.0004s ]

[ 2016-08-17T21:19:21+08:00 ] 127.0.0.1 /index.php/Api/Productinfo/product?id=16
INFO: [ app_init ] --START--
INFO: Run Behavior\BuildLiteBehavior [ RunTime:0.000033s ]
INFO: [ app_init ] --END-- [ RunTime:0.000593s ]
INFO: [ app_begin ] --START--
INFO: Run Behavior\ReadHtmlCacheBehavior [ RunTime:0.000687s ]
INFO: [ app_begin ] --END-- [ RunTime:0.000892s ]
NOTIC: [2048] Declaration of Common\Model\ProductModel::find() should be compatible with Think\Model::find($options = Array) D:\wamp\www\Application\Common\Model\ProductModel.class.php 第 9 行.
SQL: SHOW COLUMNS FROM `mall_product` [ RunTime:0.0034s ]
SQL: SELECT * FROM `mall_product` WHERE ( id=16 ) LIMIT 1   [ RunTime:0.0004s ]

[ 2016-08-17T21:19:22+08:00 ] 127.0.0.1 /index.php/Api/Productinfo/product?id=16
INFO: [ app_init ] --START--
INFO: Run Behavior\BuildLiteBehavior [ RunTime:0.000032s ]
INFO: [ app_init ] --END-- [ RunTime:0.000525s ]
INFO: [ app_begin ] --START--
INFO: Run Behavior\ReadHtmlCacheBehavior [ RunTime:0.000919s ]
INFO: [ app_begin ] --END-- [ RunTime:0.001185s ]
NOTIC: [2048] Declaration of Common\Model\ProductModel::find() should be compatible with Think\Model::find($options = Array) D:\wamp\www\Application\Common\Model\ProductModel.class.php 第 9 行.
SQL: SHOW COLUMNS FROM `mall_product` [ RunTime:0.0044s ]
SQL: SELECT * FROM `mall_product` WHERE ( id=16 ) LIMIT 1   [ RunTime:0.0004s ]

[ 2016-08-17T21:19:22+08:00 ] 127.0.0.1 /index.php/Api/Productinfo/product?id=16
INFO: [ app_init ] --START--
INFO: Run Behavior\BuildLiteBehavior [ RunTime:0.000033s ]
INFO: [ app_init ] --END-- [ RunTime:0.000538s ]
INFO: [ app_begin ] --START--
INFO: Run Behavior\ReadHtmlCacheBehavior [ RunTime:0.000601s ]
INFO: [ app_begin ] --END-- [ RunTime:0.000754s ]
NOTIC: [2048] Declaration of Common\Model\ProductModel::find() should be compatible with Think\Model::find($options = Array) D:\wamp\www\Application\Common\Model\ProductModel.class.php 第 9 行.
SQL: SHOW COLUMNS FROM `mall_product` [ RunTime:0.0035s ]
SQL: SELECT * FROM `mall_product` WHERE ( id=16 ) LIMIT 1   [ RunTime:0.0005s ]

[ 2016-08-17T21:19:38+08:00 ] 127.0.0.1 /index.php/Api/Productinfo/product?id=16
INFO: [ app_init ] --START--
INFO: Run Behavior\BuildLiteBehavior [ RunTime:0.000032s ]
INFO: [ app_init ] --END-- [ RunTime:0.000523s ]
INFO: [ app_begin ] --START--
INFO: Run Behavior\ReadHtmlCacheBehavior [ RunTime:0.000630s ]
INFO: [ app_begin ] --END-- [ RunTime:0.000777s ]
NOTIC: [2048] Declaration of Common\Model\ProductModel::find() should be compatible with Think\Model::find($options = Array) D:\wamp\www\Application\Common\Model\ProductModel.class.php 第 9 行.
SQL: SHOW COLUMNS FROM `mall_product` [ RunTime:0.0032s ]
SQL: SELECT * FROM `mall_product` WHERE ( id=16 ) LIMIT 1   [ RunTime:0.0004s ]

[ 2016-08-17T21:19:43+08:00 ] 127.0.0.1 /index.php/Api/Productinfo/product?id=16
INFO: [ app_init ] --START--
INFO: Run Behavior\BuildLiteBehavior [ RunTime:0.000031s ]
INFO: [ app_init ] --END-- [ RunTime:0.000533s ]
INFO: [ app_begin ] --START--
INFO: Run Behavior\ReadHtmlCacheBehavior [ RunTime:0.000613s ]
INFO: [ app_begin ] --END-- [ RunTime:0.000769s ]
NOTIC: [2048] Declaration of Common\Model\ProductModel::find() should be compatible with Think\Model::find($options = Array) D:\wamp\www\Application\Common\Model\ProductModel.class.php 第 9 行.
SQL: SHOW COLUMNS FROM `mall_product` [ RunTime:0.0034s ]
SQL: SELECT * FROM `mall_product` WHERE ( id=16 ) LIMIT 1   [ RunTime:0.0004s ]

[ 2016-08-17T21:20:01+08:00 ] 127.0.0.1 /index.php/Api/Productinfo/product?id=16
INFO: [ app_init ] --START--
INFO: Run Behavior\BuildLiteBehavior [ RunTime:0.000033s ]
INFO: [ app_init ] --END-- [ RunTime:0.000579s ]
INFO: [ app_begin ] --START--
INFO: Run Behavior\ReadHtmlCacheBehavior [ RunTime:0.000616s ]
INFO: [ app_begin ] --END-- [ RunTime:0.000773s ]
NOTIC: [2048] Declaration of Common\Model\ProductModel::find() should be compatible with Think\Model::find($options = Array) D:\wamp\www\Application\Common\Model\ProductModel.class.php 第 9 行.
SQL: SHOW COLUMNS FROM `mall_product` [ RunTime:0.0041s ]
SQL: SELECT * FROM `mall_product` WHERE ( id=16 ) LIMIT 1   [ RunTime:0.0004s ]

[ 2016-08-17T21:20:02+08:00 ] 127.0.0.1 /index.php/Api/Productinfo/product?id=16
INFO: [ app_init ] --START--
INFO: Run Behavior\BuildLiteBehavior [ RunTime:0.000032s ]
INFO: [ app_init ] --END-- [ RunTime:0.000564s ]
INFO: [ app_begin ] --START--
INFO: Run Behavior\ReadHtmlCacheBehavior [ RunTime:0.000632s ]
INFO: [ app_begin ] --END-- [ RunTime:0.000788s ]
NOTIC: [2048] Declaration of Common\Model\ProductModel::find() should be compatible with Think\Model::find($options = Array) D:\wamp\www\Application\Common\Model\ProductModel.class.php 第 9 行.
SQL: SHOW COLUMNS FROM `mall_product` [ RunTime:0.0039s ]
SQL: SELECT * FROM `mall_product` WHERE ( id=16 ) LIMIT 1   [ RunTime:0.0004s ]

[ 2016-08-17T21:20:03+08:00 ] 127.0.0.1 /index.php/Api/Productinfo/product?id=16
INFO: [ app_init ] --START--
INFO: Run Behavior\BuildLiteBehavior [ RunTime:0.000062s ]
INFO: [ app_init ] --END-- [ RunTime:0.000801s ]
INFO: [ app_begin ] --START--
INFO: Run Behavior\ReadHtmlCacheBehavior [ RunTime:0.001075s ]
INFO: [ app_begin ] --END-- [ RunTime:0.001335s ]
NOTIC: [2048] Declaration of Common\Model\ProductModel::find() should be compatible with Think\Model::find($options = Array) D:\wamp\www\Application\Common\Model\ProductModel.class.php 第 9 行.
SQL: SHOW COLUMNS FROM `mall_product` [ RunTime:0.0860s ]
SQL: SELECT * FROM `mall_product` WHERE ( id=16 ) LIMIT 1   [ RunTime:0.0004s ]

[ 2016-08-17T21:20:07+08:00 ] 127.0.0.1 /index.php/Api/index/nav
INFO: [ app_init ] --START--
INFO: Run Behavior\BuildLiteBehavior [ RunTime:0.000041s ]
INFO: [ app_init ] --END-- [ RunTime:0.000624s ]
INFO: [ app_begin ] --START--
INFO: Run Behavior\ReadHtmlCacheBehavior [ RunTime:0.000797s ]
INFO: [ app_begin ] --END-- [ RunTime:0.000983s ]
SQL: SHOW COLUMNS FROM `mall_class` [ RunTime:0.0034s ]
SQL: SELECT * FROM `mall_class` WHERE `status` = 1 AND `partent_id` = 0 ORDER BY listorder desc,class_id   [ RunTime:0.0005s ]

[ 2016-08-17T21:20:07+08:00 ] 127.0.0.1 /index.php/Api/index/floor
INFO: [ app_init ] --START--
INFO: Run Behavior\BuildLiteBehavior [ RunTime:0.000031s ]
INFO: [ app_init ] --END-- [ RunTime:0.000608s ]
INFO: [ app_begin ] --START--
INFO: Run Behavior\ReadHtmlCacheBehavior [ RunTime:0.000854s ]
INFO: [ app_begin ] --END-- [ RunTime:0.001002s ]
SQL: SHOW COLUMNS FROM `mall_class` [ RunTime:0.0034s ]
SQL: SELECT * FROM `mall_class` WHERE `status` = 1  [ RunTime:0.0007s ]
SQL: select  * from mall_product left join mall_class on mall_product.class_id=mall_class.class_id  where partent_id=68 and mall_product.status=1  order by partent_id,sell desc limit 0,4  [ RunTime:0.0006s ]
SQL: select  * from mall_product left join mall_class on mall_product.class_id=mall_class.class_id  where partent_id=69 and mall_product.status=1  order by partent_id,sell desc limit 0,4  [ RunTime:0.0005s ]
SQL: select  * from mall_product left join mall_class on mall_product.class_id=mall_class.class_id  where partent_id=70 and mall_product.status=1  order by partent_id,sell desc limit 0,4  [ RunTime:0.0005s ]
SQL: select  * from mall_product left join mall_class on mall_product.class_id=mall_class.class_id  where partent_id=71 and mall_product.status=1  order by partent_id,sell desc limit 0,4  [ RunTime:0.0005s ]
SQL: select  * from mall_product left join mall_class on mall_product.class_id=mall_class.class_id  where partent_id=72 and mall_product.status=1  order by partent_id,sell desc limit 0,4  [ RunTime:0.0005s ]
SQL: select  * from mall_product left join mall_class on mall_product.class_id=mall_class.class_id  where partent_id=73 and mall_product.status=1  order by partent_id,sell desc limit 0,4  [ RunTime:0.0004s ]
SQL: select  * from mall_product left join mall_class on mall_product.class_id=mall_class.class_id  where partent_id=74 and mall_product.status=1  order by partent_id,sell desc limit 0,4  [ RunTime:0.0005s ]
SQL: select  * from mall_product left join mall_class on mall_product.class_id=mall_class.class_id  where partent_id=75 and mall_product.status=1  order by partent_id,sell desc limit 0,4  [ RunTime:0.0007s ]
SQL: select  * from mall_product left join mall_class on mall_product.class_id=mall_class.class_id  where partent_id=40 and mall_product.status=1  order by partent_id,sell desc limit 0,4  [ RunTime:0.0005s ]
SQL: select  * from mall_product left join mall_class on mall_product.class_id=mall_class.class_id  where partent_id=50 and mall_product.status=1  order by partent_id,sell desc limit 0,4  [ RunTime:0.0004s ]
SQL: select  * from mall_product left join mall_class on mall_product.class_id=mall_class.class_id  where partent_id=51 and mall_product.status=1  order by partent_id,sell desc limit 0,4  [ RunTime:0.0004s ]
SQL: select  * from mall_product left join mall_class on mall_product.class_id=mall_class.class_id  where partent_id=54 and mall_product.status=1  order by partent_id,sell desc limit 0,4  [ RunTime:0.0004s ]
SQL: select  * from mall_product left join mall_class on mall_product.class_id=mall_class.class_id  where partent_id=55 and mall_product.status=1  order by partent_id,sell desc limit 0,4  [ RunTime:0.0004s ]
SQL: select  * from mall_product left join mall_class on mall_product.class_id=mall_class.class_id  where partent_id=56 and mall_product.status=1  order by partent_id,sell desc limit 0,4  [ RunTime:0.0005s ]
SQL: select  * from mall_product left join mall_class on mall_product.class_id=mall_class.class_id  where partent_id=57 and mall_product.status=1  order by partent_id,sell desc limit 0,4  [ RunTime:0.0005s ]
SQL: select  * from mall_product left join mall_class on mall_product.class_id=mall_class.class_id  where partent_id=58 and mall_product.status=1  order by partent_id,sell desc limit 0,4  [ RunTime:0.0005s ]
SQL: select  * from mall_product left join mall_class on mall_product.class_id=mall_class.class_id  where partent_id=59 and mall_product.status=1  order by partent_id,sell desc limit 0,4  [ RunTime:0.0005s ]
SQL: select  * from mall_product left join mall_class on mall_product.class_id=mall_class.class_id  where partent_id=41 and mall_product.status=1  order by partent_id,sell desc limit 0,4  [ RunTime:0.0004s ]
SQL: select  * from mall_product left join mall_class on mall_product.class_id=mall_class.class_id  where partent_id=111 and mall_product.status=1  order by partent_id,sell desc limit 0,4  [ RunTime:0.0004s ]
SQL: select  * from mall_product left join mall_class on mall_product.class_id=mall_class.class_id  where partent_id=112 and mall_product.status=1  order by partent_id,sell desc limit 0,4  [ RunTime:0.0004s ]
SQL: select  * from mall_product left join mall_class on mall_product.class_id=mall_class.class_id  where partent_id=113 and mall_product.status=1  order by partent_id,sell desc limit 0,4  [ RunTime:0.0003s ]
SQL: select  * from mall_product left join mall_class on mall_product.class_id=mall_class.class_id  where partent_id=114 and mall_product.status=1  order by partent_id,sell desc limit 0,4  [ RunTime:0.0004s ]
SQL: select  * from mall_product left join mall_class on mall_product.class_id=mall_class.class_id  where partent_id=115 and mall_product.status=1  order by partent_id,sell desc limit 0,4  [ RunTime:0.0004s ]
SQL: select  * from mall_product left join mall_class on mall_product.class_id=mall_class.class_id  where partent_id=116 and mall_product.status=1  order by partent_id,sell desc limit 0,4  [ RunTime:0.0004s ]
SQL: select  * from mall_product left join mall_class on mall_product.class_id=mall_class.class_id  where partent_id=117 and mall_product.status=1  order by partent_id,sell desc limit 0,4  [ RunTime:0.0004s ]
SQL: select  * from mall_product left join mall_class on mall_product.class_id=mall_class.class_id  where partent_id=42 and mall_product.status=1  order by partent_id,sell desc limit 0,4  [ RunTime:0.0004s ]
SQL: select  * from mall_product left join mall_class on mall_product.class_id=mall_class.class_id  where partent_id=118 and mall_product.status=1  order by partent_id,sell desc limit 0,4  [ RunTime:0.0004s ]
SQL: select  * from mall_product left join mall_class on mall_product.class_id=mall_class.class_id  where partent_id=119 and mall_product.status=1  order by partent_id,sell desc limit 0,4  [ RunTime:0.0004s ]
SQL: select  * from mall_product left join mall_class on mall_product.class_id=mall_class.class_id  where partent_id=120 and mall_product.status=1  order by partent_id,sell desc limit 0,4  [ RunTime:0.0004s ]
SQL: select  * from mall_product left join mall_class on mall_product.class_id=mall_class.class_id  where partent_id=121 and mall_product.status=1  order by partent_id,sell desc limit 0,4  [ RunTime:0.0004s ]
SQL: select  * from mall_product left join mall_class on mall_product.class_id=mall_class.class_id  where partent_id=122 and mall_product.status=1  order by partent_id,sell desc limit 0,4  [ RunTime:0.0004s ]
SQL: select  * from mall_product left join mall_class on mall_product.class_id=mall_class.class_id  where partent_id=123 and mall_product.status=1  order by partent_id,sell desc limit 0,4  [ RunTime:0.0004s ]
SQL: select  * from mall_product left join mall_class on mall_product.class_id=mall_class.class_id  where partent_id=43 and mall_product.status=1  order by partent_id,sell desc limit 0,4  [ RunTime:0.0004s ]
SQL: select  * from mall_product left join mall_class on mall_product.class_id=mall_class.class_id  where partent_id=105 and mall_product.status=1  order by partent_id,sell desc limit 0,4  [ RunTime:0.0005s ]
SQL: select  * from mall_product left join mall_class on mall_product.class_id=mall_class.class_id  where partent_id=106 and mall_product.status=1  order by partent_id,sell desc limit 0,4  [ RunTime:0.0004s ]
SQL: select  * from mall_product left join mall_class on mall_product.class_id=mall_class.class_id  where partent_id=107 and mall_product.status=1  order by partent_id,sell desc limit 0,4  [ RunTime:0.0004s ]
SQL: select  * from mall_product left join mall_class on mall_product.class_id=mall_class.class_id  where partent_id=108 and mall_product.status=1  order by partent_id,sell desc limit 0,4  [ RunTime:0.0003s ]
SQL: select  * from mall_product left join mall_class on mall_product.class_id=mall_class.class_id  where partent_id=109 and mall_product.status=1  order by partent_id,sell desc limit 0,4  [ RunTime:0.0003s ]
SQL: select  * from mall_product left join mall_class on mall_product.class_id=mall_class.class_id  where partent_id=110 and mall_product.status=1  order by partent_id,sell desc limit 0,4  [ RunTime:0.0003s ]
SQL: select  * from mall_product left join mall_class on mall_product.class_id=mall_class.class_id  where partent_id=44 and mall_product.status=1  order by partent_id,sell desc limit 0,4  [ RunTime:0.0004s ]
SQL: select  * from mall_product left join mall_class on mall_product.class_id=mall_class.class_id  where partent_id=99 and mall_product.status=1  order by partent_id,sell desc limit 0,4  [ RunTime:0.0004s ]
SQL: select  * from mall_product left join mall_class on mall_product.class_id=mall_class.class_id  where partent_id=100 and mall_product.status=1  order by partent_id,sell desc limit 0,4  [ RunTime:0.0003s ]
SQL: select  * from mall_product left join mall_class on mall_product.class_id=mall_class.class_id  where partent_id=101 and mall_product.status=1  order by partent_id,sell desc limit 0,4  [ RunTime:0.0003s ]
SQL: select  * from mall_product left join mall_class on mall_product.class_id=mall_class.class_id  where partent_id=102 and mall_product.status=1  order by partent_id,sell desc limit 0,4  [ RunTime:0.0003s ]
SQL: select  * from mall_product left join mall_class on mall_product.class_id=mall_class.class_id  where partent_id=103 and mall_product.status=1  order by partent_id,sell desc limit 0,4  [ RunTime:0.0003s ]
SQL: select  * from mall_product left join mall_class on mall_product.class_id=mall_class.class_id  where partent_id=104 and mall_product.status=1  order by partent_id,sell desc limit 0,4  [ RunTime:0.0003s ]
SQL: select  * from mall_product left join mall_class on mall_product.class_id=mall_class.class_id  where partent_id=45 and mall_product.status=1  order by partent_id,sell desc limit 0,4  [ RunTime:0.0003s ]
SQL: select  * from mall_product left join mall_class on mall_product.class_id=mall_class.class_id  where partent_id=92 and mall_product.status=1  order by partent_id,sell desc limit 0,4  [ RunTime:0.0004s ]
SQL: select  * from mall_product left join mall_class on mall_product.class_id=mall_class.class_id  where partent_id=93 and mall_product.status=1  order by partent_id,sell desc limit 0,4  [ RunTime:0.0004s ]
SQL: select  * from mall_product left join mall_class on mall_product.class_id=mall_class.class_id  where partent_id=94 and mall_product.status=1  order by partent_id,sell desc limit 0,4  [ RunTime:0.0005s ]
SQL: select  * from mall_product left join mall_class on mall_product.class_id=mall_class.class_id  where partent_id=95 and mall_product.status=1  order by partent_id,sell desc limit 0,4  [ RunTime:0.0004s ]
SQL: select  * from mall_product left join mall_class on mall_product.class_id=mall_class.class_id  where partent_id=96 and mall_product.status=1  order by partent_id,sell desc limit 0,4  [ RunTime:0.0004s ]
SQL: select  * from mall_product left join mall_class on mall_product.class_id=mall_class.class_id  where partent_id=97 and mall_product.status=1  order by partent_id,sell desc limit 0,4  [ RunTime:0.0004s ]
SQL: select  * from mall_product left join mall_class on mall_product.class_id=mall_class.class_id  where partent_id=98 and mall_product.status=1  order by partent_id,sell desc limit 0,4  [ RunTime:0.0004s ]
SQL: select  * from mall_product left join mall_class on mall_product.class_id=mall_class.class_id  where partent_id=46 and mall_product.status=1  order by partent_id,sell desc limit 0,4  [ RunTime:0.0004s ]
SQL: select  * from mall_product left join mall_class on mall_product.class_id=mall_class.class_id  where partent_id=85 and mall_product.status=1  order by partent_id,sell desc limit 0,4  [ RunTime:0.0003s ]
SQL: select  * from mall_product left join mall_class on mall_product.class_id=mall_class.class_id  where partent_id=86 and mall_product.status=1  order by partent_id,sell desc limit 0,4  [ RunTime:0.0003s ]
SQL: select  * from mall_product left join mall_class on mall_product.class_id=mall_class.class_id  where partent_id=87 and mall_product.status=1  order by partent_id,sell desc limit 0,4  [ RunTime:0.0004s ]
SQL: select  * from mall_product left join mall_class on mall_product.class_id=mall_class.class_id  where partent_id=88 and mall_product.status=1  order by partent_id,sell desc limit 0,4  [ RunTime:0.0004s ]
SQL: select  * from mall_product left join mall_class on mall_product.class_id=mall_class.class_id  where partent_id=89 and mall_product.status=1  order by partent_id,sell desc limit 0,4  [ RunTime:0.0004s ]
SQL: select  * from mall_product left join mall_class on mall_product.class_id=mall_class.class_id  where partent_id=90 and mall_product.status=1  order by partent_id,sell desc limit 0,4  [ RunTime:0.0004s ]
SQL: select  * from mall_product left join mall_class on mall_product.class_id=mall_class.class_id  where partent_id=91 and mall_product.status=1  order by partent_id,sell desc limit 0,4  [ RunTime:0.0004s ]
SQL: select  * from mall_product left join mall_class on mall_product.class_id=mall_class.class_id  where partent_id=47 and mall_product.status=1  order by partent_id,sell desc limit 0,4  [ RunTime:0.0004s ]
SQL: select  * from mall_product left join mall_class on mall_product.class_id=mall_class.class_id  where partent_id=52 and mall_product.status=1  order by partent_id,sell desc limit 0,4  [ RunTime:0.0004s ]
SQL: select  * from mall_product left join mall_class on mall_product.class_id=mall_class.class_id  where partent_id=76 and mall_product.status=1  order by partent_id,sell desc limit 0,4  [ RunTime:0.0004s ]
SQL: select  * from mall_product left join mall_class on mall_product.class_id=mall_class.class_id  where partent_id=77 and mall_product.status=1  order by partent_id,sell desc limit 0,4  [ RunTime:0.0007s ]
SQL: select  * from mall_product left join mall_class on mall_product.class_id=mall_class.class_id  where partent_id=78 and mall_product.status=1  order by partent_id,sell desc limit 0,4  [ RunTime:0.0009s ]
SQL: select  * from mall_product left join mall_class on mall_product.class_id=mall_class.class_id  where partent_id=79 and mall_product.status=1  order by partent_id,sell desc limit 0,4  [ RunTime:0.0005s ]
SQL: select  * from mall_product left join mall_class on mall_product.class_id=mall_class.class_id  where partent_id=80 and mall_product.status=1  order by partent_id,sell desc limit 0,4  [ RunTime:0.0005s ]
SQL: select  * from mall_product left join mall_class on mall_product.class_id=mall_class.class_id  where partent_id=81 and mall_product.status=1  order by partent_id,sell desc limit 0,4  [ RunTime:0.0005s ]
SQL: select  * from mall_product left join mall_class on mall_product.class_id=mall_class.class_id  where partent_id=82 and mall_product.status=1  order by partent_id,sell desc limit 0,4  [ RunTime:0.0004s ]
SQL: select  * from mall_product left join mall_class on mall_product.class_id=mall_class.class_id  where partent_id=48 and mall_product.status=1  order by partent_id,sell desc limit 0,4  [ RunTime:0.0004s ]
SQL: select  * from mall_product left join mall_class on mall_product.class_id=mall_class.class_id  where partent_id=60 and mall_product.status=1  order by partent_id,sell desc limit 0,4  [ RunTime:0.0004s ]
SQL: select  * from mall_product left join mall_class on mall_product.class_id=mall_class.class_id  where partent_id=61 and mall_product.status=1  order by partent_id,sell desc limit 0,4  [ RunTime:0.0004s ]
SQL: select  * from mall_product left join mall_class on mall_product.class_id=mall_class.class_id  where partent_id=62 and mall_product.status=1  order by partent_id,sell desc limit 0,4  [ RunTime:0.0004s ]
SQL: select  * from mall_product left join mall_class on mall_product.class_id=mall_class.class_id  where partent_id=63 and mall_product.status=1  order by partent_id,sell desc limit 0,4  [ RunTime:0.0004s ]
SQL: select  * from mall_product left join mall_class on mall_product.class_id=mall_class.class_id  where partent_id=64 and mall_product.status=1  order by partent_id,sell desc limit 0,4  [ RunTime:0.0004s ]
SQL: select  * from mall_product left join mall_class on mall_product.class_id=mall_class.class_id  where partent_id=65 and mall_product.status=1  order by partent_id,sell desc limit 0,4  [ RunTime:0.0005s ]
SQL: select  * from mall_product left join mall_class on mall_product.class_id=mall_class.class_id  where partent_id=66 and mall_product.status=1  order by partent_id,sell desc limit 0,4  [ RunTime:0.0004s ]
SQL: select  * from mall_product left join mall_class on mall_product.class_id=mall_class.class_id  where partent_id=67 and mall_product.status=1  order by partent_id,sell desc limit 0,4  [ RunTime:0.0004s ]
SQL: select  * from mall_product left join mall_class on mall_product.class_id=mall_class.class_id  where partent_id=49 and mall_product.status=1  order by partent_id,sell desc limit 0,4  [ RunTime:0.0006s ]
SQL: select  * from mall_product left join mall_class on mall_product.class_id=mall_class.class_id  where partent_id=124 and mall_product.status=1  order by partent_id,sell desc limit 0,4  [ RunTime:0.0004s ]
SQL: select  * from mall_product left join mall_class on mall_product.class_id=mall_class.class_id  where partent_id=125 and mall_product.status=1  order by partent_id,sell desc limit 0,4  [ RunTime:0.0004s ]

[ 2016-08-17T21:20:10+08:00 ] 127.0.0.1 /index.php/Api/Products/products?class_id=46
INFO: [ app_init ] --START--
INFO: Run Behavior\BuildLiteBehavior [ RunTime:0.000053s ]
INFO: [ app_init ] --END-- [ RunTime:0.000648s ]
INFO: [ app_begin ] --START--
INFO: Run Behavior\ReadHtmlCacheBehavior [ RunTime:0.001193s ]
INFO: [ app_begin ] --END-- [ RunTime:0.001431s ]
SQL: SHOW COLUMNS FROM `mall_class` [ RunTime:0.0050s ]
SQL: SELECT `class_id`,`classname` FROM `mall_class` WHERE `status` = 1 AND `partent_id` = '46'  [ RunTime:0.0008s ]
NOTIC: [2048] Declaration of Common\Model\ProductModel::find() should be compatible with Think\Model::find($options = Array) D:\wamp\www\Application\Common\Model\ProductModel.class.php 第 152 行.
SQL: SHOW COLUMNS FROM `mall_product` [ RunTime:0.0048s ]
SQL: SELECT * FROM `mall_product` WHERE `class_id` = 92 AND `status` = 1 ORDER BY sell desc LIMIT 0,4   [ RunTime:0.0010s ]
SQL: SELECT * FROM `mall_product` WHERE `class_id` = 93 AND `status` = 1 ORDER BY sell desc LIMIT 0,4   [ RunTime:0.0007s ]
SQL: SELECT * FROM `mall_product` WHERE `class_id` = 94 AND `status` = 1 ORDER BY sell desc LIMIT 0,4   [ RunTime:0.0006s ]
SQL: SELECT * FROM `mall_product` WHERE `class_id` = 95 AND `status` = 1 ORDER BY sell desc LIMIT 0,4   [ RunTime:0.0005s ]
SQL: SELECT * FROM `mall_product` WHERE `class_id` = 96 AND `status` = 1 ORDER BY sell desc LIMIT 0,4   [ RunTime:0.0005s ]
SQL: SELECT * FROM `mall_product` WHERE `class_id` = 97 AND `status` = 1 ORDER BY sell desc LIMIT 0,4   [ RunTime:0.0005s ]
SQL: SELECT * FROM `mall_product` WHERE `class_id` = 98 AND `status` = 1 ORDER BY sell desc LIMIT 0,4   [ RunTime:0.0007s ]

[ 2016-08-17T21:20:10+08:00 ] 127.0.0.1 /index.php/Api/index/nav
INFO: [ app_init ] --START--
INFO: Run Behavior\BuildLiteBehavior [ RunTime:0.000034s ]
INFO: [ app_init ] --END-- [ RunTime:0.000619s ]
INFO: [ app_begin ] --START--
INFO: Run Behavior\ReadHtmlCacheBehavior [ RunTime:0.000818s ]
INFO: [ app_begin ] --END-- [ RunTime:0.001036s ]
SQL: SHOW COLUMNS FROM `mall_class` [ RunTime:0.0039s ]
SQL: SELECT * FROM `mall_class` WHERE `status` = 1 AND `partent_id` = 0 ORDER BY listorder desc,class_id   [ RunTime:0.0008s ]

[ 2016-08-17T21:20:12+08:00 ] 127.0.0.1 /index.php/Api/Products/products?class_id=46
INFO: [ app_init ] --START--
INFO: Run Behavior\BuildLiteBehavior [ RunTime:0.000064s ]
INFO: [ app_init ] --END-- [ RunTime:0.000978s ]
INFO: [ app_begin ] --START--
INFO: Run Behavior\ReadHtmlCacheBehavior [ RunTime:0.000767s ]
INFO: [ app_begin ] --END-- [ RunTime:0.001011s ]
SQL: SHOW COLUMNS FROM `mall_class` [ RunTime:0.0050s ]
SQL: SELECT `class_id`,`classname` FROM `mall_class` WHERE `status` = 1 AND `partent_id` = '46'  [ RunTime:0.0006s ]
NOTIC: [2048] Declaration of Common\Model\ProductModel::find() should be compatible with Think\Model::find($options = Array) D:\wamp\www\Application\Common\Model\ProductModel.class.php 第 152 行.
SQL: SHOW COLUMNS FROM `mall_product` [ RunTime:0.0039s ]
SQL: SELECT * FROM `mall_product` WHERE `class_id` = 92 AND `status` = 1 ORDER BY sell desc LIMIT 0,4   [ RunTime:0.0006s ]
SQL: SELECT * FROM `mall_product` WHERE `class_id` = 93 AND `status` = 1 ORDER BY sell desc LIMIT 0,4   [ RunTime:0.0009s ]
SQL: SELECT * FROM `mall_product` WHERE `class_id` = 94 AND `status` = 1 ORDER BY sell desc LIMIT 0,4   [ RunTime:0.0005s ]
SQL: SELECT * FROM `mall_product` WHERE `class_id` = 95 AND `status` = 1 ORDER BY sell desc LIMIT 0,4   [ RunTime:0.0005s ]
SQL: SELECT * FROM `mall_product` WHERE `class_id` = 96 AND `status` = 1 ORDER BY sell desc LIMIT 0,4   [ RunTime:0.0004s ]
SQL: SELECT * FROM `mall_product` WHERE `class_id` = 97 AND `status` = 1 ORDER BY sell desc LIMIT 0,4   [ RunTime:0.0005s ]
SQL: SELECT * FROM `mall_product` WHERE `class_id` = 98 AND `status` = 1 ORDER BY sell desc LIMIT 0,4   [ RunTime:0.0003s ]

[ 2016-08-17T21:20:12+08:00 ] 127.0.0.1 /index.php/Api/index/nav
INFO: [ app_init ] --START--
INFO: Run Behavior\BuildLiteBehavior [ RunTime:0.000062s ]
INFO: [ app_init ] --END-- [ RunTime:0.001049s ]
INFO: [ app_begin ] --START--
INFO: Run Behavior\ReadHtmlCacheBehavior [ RunTime:0.000761s ]
INFO: [ app_begin ] --END-- [ RunTime:0.000925s ]
SQL: SHOW COLUMNS FROM `mall_class` [ RunTime:0.0170s ]
SQL: SELECT * FROM `mall_class` WHERE `status` = 1 AND `partent_id` = 0 ORDER BY listorder desc,class_id   [ RunTime:0.0007s ]

[ 2016-08-17T21:20:16+08:00 ] 127.0.0.1 /index.php/Api/Products/products?class_id=46
INFO: [ app_init ] --START--
INFO: Run Behavior\BuildLiteBehavior [ RunTime:0.000035s ]
INFO: [ app_init ] --END-- [ RunTime:0.000582s ]
INFO: [ app_begin ] --START--
INFO: Run Behavior\ReadHtmlCacheBehavior [ RunTime:0.000768s ]
INFO: [ app_begin ] --END-- [ RunTime:0.000935s ]
SQL: SHOW COLUMNS FROM `mall_class` [ RunTime:0.0042s ]
SQL: SELECT `class_id`,`classname` FROM `mall_class` WHERE `status` = 1 AND `partent_id` = '46'  [ RunTime:0.0004s ]
NOTIC: [2048] Declaration of Common\Model\ProductModel::find() should be compatible with Think\Model::find($options = Array) D:\wamp\www\Application\Common\Model\ProductModel.class.php 第 152 行.
SQL: SHOW COLUMNS FROM `mall_product` [ RunTime:0.0046s ]
SQL: SELECT * FROM `mall_product` WHERE `class_id` = 92 AND `status` = 1 ORDER BY sell desc LIMIT 0,4   [ RunTime:0.0008s ]
SQL: SELECT * FROM `mall_product` WHERE `class_id` = 93 AND `status` = 1 ORDER BY sell desc LIMIT 0,4   [ RunTime:0.0008s ]
SQL: SELECT * FROM `mall_product` WHERE `class_id` = 94 AND `status` = 1 ORDER BY sell desc LIMIT 0,4   [ RunTime:0.0009s ]
SQL: SELECT * FROM `mall_product` WHERE `class_id` = 95 AND `status` = 1 ORDER BY sell desc LIMIT 0,4   [ RunTime:0.0007s ]
SQL: SELECT * FROM `mall_product` WHERE `class_id` = 96 AND `status` = 1 ORDER BY sell desc LIMIT 0,4   [ RunTime:0.0007s ]
SQL: SELECT * FROM `mall_product` WHERE `class_id` = 97 AND `status` = 1 ORDER BY sell desc LIMIT 0,4   [ RunTime:0.0006s ]
SQL: SELECT * FROM `mall_product` WHERE `class_id` = 98 AND `status` = 1 ORDER BY sell desc LIMIT 0,4   [ RunTime:0.0011s ]

[ 2016-08-17T21:20:16+08:00 ] 127.0.0.1 /index.php/Api/index/nav
INFO: [ app_init ] --START--
INFO: Run Behavior\BuildLiteBehavior [ RunTime:0.000037s ]
INFO: [ app_init ] --END-- [ RunTime:0.000575s ]
INFO: [ app_begin ] --START--
INFO: Run Behavior\ReadHtmlCacheBehavior [ RunTime:0.000719s ]
INFO: [ app_begin ] --END-- [ RunTime:0.000871s ]
SQL: SHOW COLUMNS FROM `mall_class` [ RunTime:0.0045s ]
SQL: SELECT * FROM `mall_class` WHERE `status` = 1 AND `partent_id` = 0 ORDER BY listorder desc,class_id   [ RunTime:0.0005s ]

[ 2016-08-17T21:20:32+08:00 ] 127.0.0.1 /index.php/Api/Products/products?class_id=46
INFO: [ app_init ] --START--
INFO: Run Behavior\BuildLiteBehavior [ RunTime:0.000034s ]
INFO: [ app_init ] --END-- [ RunTime:0.000599s ]
INFO: [ app_begin ] --START--
INFO: Run Behavior\ReadHtmlCacheBehavior [ RunTime:0.000771s ]
INFO: [ app_begin ] --END-- [ RunTime:0.000944s ]
SQL: SHOW COLUMNS FROM `mall_class` [ RunTime:0.0044s ]
SQL: SELECT `class_id`,`classname` FROM `mall_class` WHERE `status` = 1 AND `partent_id` = '46'  [ RunTime:0.0007s ]
NOTIC: [2048] Declaration of Common\Model\ProductModel::find() should be compatible with Think\Model::find($options = Array) D:\wamp\www\Application\Common\Model\ProductModel.class.php 第 152 行.
SQL: SHOW COLUMNS FROM `mall_product` [ RunTime:0.0045s ]
SQL: SELECT * FROM `mall_product` WHERE `class_id` = 92 AND `status` = 1 ORDER BY sell desc LIMIT 0,4   [ RunTime:0.0005s ]
SQL: SELECT * FROM `mall_product` WHERE `class_id` = 93 AND `status` = 1 ORDER BY sell desc LIMIT 0,4   [ RunTime:0.0003s ]
SQL: SELECT * FROM `mall_product` WHERE `class_id` = 94 AND `status` = 1 ORDER BY sell desc LIMIT 0,4   [ RunTime:0.0004s ]
SQL: SELECT * FROM `mall_product` WHERE `class_id` = 95 AND `status` = 1 ORDER BY sell desc LIMIT 0,4   [ RunTime:0.0003s ]
SQL: SELECT * FROM `mall_product` WHERE `class_id` = 96 AND `status` = 1 ORDER BY sell desc LIMIT 0,4   [ RunTime:0.0003s ]
SQL: SELECT * FROM `mall_product` WHERE `class_id` = 97 AND `status` = 1 ORDER BY sell desc LIMIT 0,4   [ RunTime:0.0003s ]
SQL: SELECT * FROM `mall_product` WHERE `class_id` = 98 AND `status` = 1 ORDER BY sell desc LIMIT 0,4   [ RunTime:0.0003s ]

[ 2016-08-17T21:20:32+08:00 ] 127.0.0.1 /index.php/Api/index/nav
INFO: [ app_init ] --START--
INFO: Run Behavior\BuildLiteBehavior [ RunTime:0.000036s ]
INFO: [ app_init ] --END-- [ RunTime:0.000592s ]
INFO: [ app_begin ] --START--
INFO: Run Behavior\ReadHtmlCacheBehavior [ RunTime:0.000701s ]
INFO: [ app_begin ] --END-- [ RunTime:0.000850s ]
SQL: SHOW COLUMNS FROM `mall_class` [ RunTime:0.0041s ]
SQL: SELECT * FROM `mall_class` WHERE `status` = 1 AND `partent_id` = 0 ORDER BY listorder desc,class_id   [ RunTime:0.0005s ]

[ 2016-08-17T21:20:53+08:00 ] 127.0.0.1 /index.php/Api/Products/products?class_id=46
INFO: [ app_init ] --START--
INFO: Run Behavior\BuildLiteBehavior [ RunTime:0.000053s ]
INFO: [ app_init ] --END-- [ RunTime:0.000711s ]
INFO: [ app_begin ] --START--
INFO: Run Behavior\ReadHtmlCacheBehavior [ RunTime:0.000741s ]
INFO: [ app_begin ] --END-- [ RunTime:0.000906s ]
SQL: SHOW COLUMNS FROM `mall_class` [ RunTime:0.0034s ]
SQL: SELECT `class_id`,`classname` FROM `mall_class` WHERE `status` = 1 AND `partent_id` = '46'  [ RunTime:0.0004s ]
NOTIC: [2048] Declaration of Common\Model\ProductModel::find() should be compatible with Think\Model::find($options = Array) D:\wamp\www\Application\Common\Model\ProductModel.class.php 第 152 行.
SQL: SHOW COLUMNS FROM `mall_product` [ RunTime:0.0034s ]
SQL: SELECT * FROM `mall_product` WHERE `class_id` = 92 AND `status` = 1 ORDER BY sell desc LIMIT 0,4   [ RunTime:0.0006s ]
SQL: SELECT * FROM `mall_product` WHERE `class_id` = 93 AND `status` = 1 ORDER BY sell desc LIMIT 0,4   [ RunTime:0.0005s ]
SQL: SELECT * FROM `mall_product` WHERE `class_id` = 94 AND `status` = 1 ORDER BY sell desc LIMIT 0,4   [ RunTime:0.0005s ]
SQL: SELECT * FROM `mall_product` WHERE `class_id` = 95 AND `status` = 1 ORDER BY sell desc LIMIT 0,4   [ RunTime:0.0006s ]
SQL: SELECT * FROM `mall_product` WHERE `class_id` = 96 AND `status` = 1 ORDER BY sell desc LIMIT 0,4   [ RunTime:0.0005s ]
SQL: SELECT * FROM `mall_product` WHERE `class_id` = 97 AND `status` = 1 ORDER BY sell desc LIMIT 0,4   [ RunTime:0.0004s ]
SQL: SELECT * FROM `mall_product` WHERE `class_id` = 98 AND `status` = 1 ORDER BY sell desc LIMIT 0,4   [ RunTime:0.0003s ]

[ 2016-08-17T21:20:53+08:00 ] 127.0.0.1 /index.php/Api/index/nav
INFO: [ app_init ] --START--
INFO: Run Behavior\BuildLiteBehavior [ RunTime:0.000035s ]
INFO: [ app_init ] --END-- [ RunTime:0.000594s ]
INFO: [ app_begin ] --START--
INFO: Run Behavior\ReadHtmlCacheBehavior [ RunTime:0.000788s ]
INFO: [ app_begin ] --END-- [ RunTime:0.000958s ]
SQL: SHOW COLUMNS FROM `mall_class` [ RunTime:0.0049s ]
SQL: SELECT * FROM `mall_class` WHERE `status` = 1 AND `partent_id` = 0 ORDER BY listorder desc,class_id   [ RunTime:0.0005s ]

[ 2016-08-17T21:21:45+08:00 ] 127.0.0.1 /index.php/Api/Products/products?class_id=46
INFO: [ app_init ] --START--
INFO: Run Behavior\BuildLiteBehavior [ RunTime:0.000036s ]
INFO: [ app_init ] --END-- [ RunTime:0.000603s ]
INFO: [ app_begin ] --START--
INFO: Run Behavior\ReadHtmlCacheBehavior [ RunTime:0.000739s ]
INFO: [ app_begin ] --END-- [ RunTime:0.000889s ]
SQL: SHOW COLUMNS FROM `mall_class` [ RunTime:0.0078s ]
SQL: SELECT `class_id`,`classname` FROM `mall_class` WHERE `status` = 1 AND `partent_id` = '46'  [ RunTime:0.0007s ]
NOTIC: [2048] Declaration of Common\Model\ProductModel::find() should be compatible with Think\Model::find($options = Array) D:\wamp\www\Application\Common\Model\ProductModel.class.php 第 152 行.
SQL: SHOW COLUMNS FROM `mall_product` [ RunTime:0.0034s ]
SQL: SELECT * FROM `mall_product` WHERE `class_id` = 92 AND `status` = 1 ORDER BY sell desc LIMIT 0,4   [ RunTime:0.0004s ]
SQL: SELECT * FROM `mall_product` WHERE `class_id` = 93 AND `status` = 1 ORDER BY sell desc LIMIT 0,4   [ RunTime:0.0004s ]
SQL: SELECT * FROM `mall_product` WHERE `class_id` = 94 AND `status` = 1 ORDER BY sell desc LIMIT 0,4   [ RunTime:0.0005s ]
SQL: SELECT * FROM `mall_product` WHERE `class_id` = 95 AND `status` = 1 ORDER BY sell desc LIMIT 0,4   [ RunTime:0.0005s ]
SQL: SELECT * FROM `mall_product` WHERE `class_id` = 96 AND `status` = 1 ORDER BY sell desc LIMIT 0,4   [ RunTime:0.0003s ]
SQL: SELECT * FROM `mall_product` WHERE `class_id` = 97 AND `status` = 1 ORDER BY sell desc LIMIT 0,4   [ RunTime:0.0003s ]
SQL: SELECT * FROM `mall_product` WHERE `class_id` = 98 AND `status` = 1 ORDER BY sell desc LIMIT 0,4   [ RunTime:0.0004s ]

[ 2016-08-17T21:21:45+08:00 ] 127.0.0.1 /index.php/Api/index/nav
INFO: [ app_init ] --START--
INFO: Run Behavior\BuildLiteBehavior [ RunTime:0.000034s ]
INFO: [ app_init ] --END-- [ RunTime:0.000618s ]
INFO: [ app_begin ] --START--
INFO: Run Behavior\ReadHtmlCacheBehavior [ RunTime:0.000788s ]
INFO: [ app_begin ] --END-- [ RunTime:0.000956s ]
SQL: SHOW COLUMNS FROM `mall_class` [ RunTime:0.0045s ]
SQL: SELECT * FROM `mall_class` WHERE `status` = 1 AND `partent_id` = 0 ORDER BY listorder desc,class_id   [ RunTime:0.0005s ]

[ 2016-08-17T21:22:08+08:00 ] 127.0.0.1 /index.php/Api/Products/products?class_id=46
INFO: [ app_init ] --START--
INFO: Run Behavior\BuildLiteBehavior [ RunTime:0.000037s ]
INFO: [ app_init ] --END-- [ RunTime:0.000593s ]
INFO: [ app_begin ] --START--
INFO: Run Behavior\ReadHtmlCacheBehavior [ RunTime:0.000746s ]
INFO: [ app_begin ] --END-- [ RunTime:0.000921s ]
SQL: SHOW COLUMNS FROM `mall_class` [ RunTime:0.1144s ]
SQL: SELECT `class_id`,`classname` FROM `mall_class` WHERE `status` = 1 AND `partent_id` = '46'  [ RunTime:0.0006s ]
NOTIC: [2048] Declaration of Common\Model\ProductModel::find() should be compatible with Think\Model::find($options = Array) D:\wamp\www\Application\Common\Model\ProductModel.class.php 第 152 行.
SQL: SHOW COLUMNS FROM `mall_product` [ RunTime:0.1753s ]
SQL: SELECT * FROM `mall_product` WHERE `class_id` = 92 AND `status` = 1 ORDER BY sell desc LIMIT 0,4   [ RunTime:0.0005s ]
SQL: SELECT * FROM `mall_product` WHERE `class_id` = 93 AND `status` = 1 ORDER BY sell desc LIMIT 0,4   [ RunTime:0.0003s ]
SQL: SELECT * FROM `mall_product` WHERE `class_id` = 94 AND `status` = 1 ORDER BY sell desc LIMIT 0,4   [ RunTime:0.0003s ]
SQL: SELECT * FROM `mall_product` WHERE `class_id` = 95 AND `status` = 1 ORDER BY sell desc LIMIT 0,4   [ RunTime:0.0003s ]
SQL: SELECT * FROM `mall_product` WHERE `class_id` = 96 AND `status` = 1 ORDER BY sell desc LIMIT 0,4   [ RunTime:0.0004s ]
SQL: SELECT * FROM `mall_product` WHERE `class_id` = 97 AND `status` = 1 ORDER BY sell desc LIMIT 0,4   [ RunTime:0.0003s ]
SQL: SELECT * FROM `mall_product` WHERE `class_id` = 98 AND `status` = 1 ORDER BY sell desc LIMIT 0,4   [ RunTime:0.0003s ]

[ 2016-08-17T21:22:08+08:00 ] 127.0.0.1 /index.php/Api/index/nav
INFO: [ app_init ] --START--
INFO: Run Behavior\BuildLiteBehavior [ RunTime:0.000068s ]
INFO: [ app_init ] --END-- [ RunTime:0.000997s ]
INFO: [ app_begin ] --START--
INFO: Run Behavior\ReadHtmlCacheBehavior [ RunTime:0.000910s ]
INFO: [ app_begin ] --END-- [ RunTime:0.001089s ]
SQL: SHOW COLUMNS FROM `mall_class` [ RunTime:0.0033s ]
SQL: SELECT * FROM `mall_class` WHERE `status` = 1 AND `partent_id` = 0 ORDER BY listorder desc,class_id   [ RunTime:0.0005s ]

[ 2016-08-17T21:22:17+08:00 ] 127.0.0.1 /index.php/Api/Products/products?class_id=46
INFO: [ app_init ] --START--
INFO: Run Behavior\BuildLiteBehavior [ RunTime:0.000033s ]
INFO: [ app_init ] --END-- [ RunTime:0.000584s ]
INFO: [ app_begin ] --START--
INFO: Run Behavior\ReadHtmlCacheBehavior [ RunTime:0.000847s ]
INFO: [ app_begin ] --END-- [ RunTime:0.001003s ]
SQL: SHOW COLUMNS FROM `mall_class` [ RunTime:0.1731s ]
SQL: SELECT `class_id`,`classname` FROM `mall_class` WHERE `status` = 1 AND `partent_id` = '46'  [ RunTime:0.0010s ]
NOTIC: [2048] Declaration of Common\Model\ProductModel::find() should be compatible with Think\Model::find($options = Array) D:\wamp\www\Application\Common\Model\ProductModel.class.php 第 152 行.
SQL: SHOW COLUMNS FROM `mall_product` [ RunTime:0.0873s ]
SQL: SELECT * FROM `mall_product` WHERE `class_id` = 92 AND `status` = 1 ORDER BY sell desc LIMIT 0,4   [ RunTime:0.0010s ]
SQL: SELECT * FROM `mall_product` WHERE `class_id` = 93 AND `status` = 1 ORDER BY sell desc LIMIT 0,4   [ RunTime:0.0008s ]
SQL: SELECT * FROM `mall_product` WHERE `class_id` = 94 AND `status` = 1 ORDER BY sell desc LIMIT 0,4   [ RunTime:0.0008s ]
SQL: SELECT * FROM `mall_product` WHERE `class_id` = 95 AND `status` = 1 ORDER BY sell desc LIMIT 0,4   [ RunTime:0.0008s ]
SQL: SELECT * FROM `mall_product` WHERE `class_id` = 96 AND `status` = 1 ORDER BY sell desc LIMIT 0,4   [ RunTime:0.0008s ]
SQL: SELECT * FROM `mall_product` WHERE `class_id` = 97 AND `status` = 1 ORDER BY sell desc LIMIT 0,4   [ RunTime:0.0008s ]
SQL: SELECT * FROM `mall_product` WHERE `class_id` = 98 AND `status` = 1 ORDER BY sell desc LIMIT 0,4   [ RunTime:0.0010s ]

[ 2016-08-17T21:22:18+08:00 ] 127.0.0.1 /index.php/Api/index/nav
INFO: [ app_init ] --START--
INFO: Run Behavior\BuildLiteBehavior [ RunTime:0.000037s ]
INFO: [ app_init ] --END-- [ RunTime:0.000752s ]
INFO: [ app_begin ] --START--
INFO: Run Behavior\ReadHtmlCacheBehavior [ RunTime:0.000849s ]
INFO: [ app_begin ] --END-- [ RunTime:0.001012s ]
SQL: SHOW COLUMNS FROM `mall_class` [ RunTime:0.3004s ]
SQL: SELECT * FROM `mall_class` WHERE `status` = 1 AND `partent_id` = 0 ORDER BY listorder desc,class_id   [ RunTime:0.0006s ]

[ 2016-08-17T21:22:29+08:00 ] 127.0.0.1 /index.php/Api/Products/products?class_id=46
INFO: [ app_init ] --START--
INFO: Run Behavior\BuildLiteBehavior [ RunTime:0.000037s ]
INFO: [ app_init ] --END-- [ RunTime:0.000572s ]
INFO: [ app_begin ] --START--
INFO: Run Behavior\ReadHtmlCacheBehavior [ RunTime:0.000710s ]
INFO: [ app_begin ] --END-- [ RunTime:0.000862s ]
SQL: SHOW COLUMNS FROM `mall_class` [ RunTime:0.0042s ]
SQL: SELECT `class_id`,`classname` FROM `mall_class` WHERE `status` = 1 AND `partent_id` = '46'  [ RunTime:0.0005s ]
NOTIC: [2048] Declaration of Common\Model\ProductModel::find() should be compatible with Think\Model::find($options = Array) D:\wamp\www\Application\Common\Model\ProductModel.class.php 第 152 行.
SQL: SHOW COLUMNS FROM `mall_product` [ RunTime:0.0047s ]
SQL: SELECT * FROM `mall_product` WHERE `class_id` = 92 AND `status` = 1 ORDER BY sell desc LIMIT 0,4   [ RunTime:0.0007s ]
SQL: SELECT * FROM `mall_product` WHERE `class_id` = 93 AND `status` = 1 ORDER BY sell desc LIMIT 0,4   [ RunTime:0.0004s ]
SQL: SELECT * FROM `mall_product` WHERE `class_id` = 94 AND `status` = 1 ORDER BY sell desc LIMIT 0,4   [ RunTime:0.0003s ]
SQL: SELECT * FROM `mall_product` WHERE `class_id` = 95 AND `status` = 1 ORDER BY sell desc LIMIT 0,4   [ RunTime:0.0004s ]
SQL: SELECT * FROM `mall_product` WHERE `class_id` = 96 AND `status` = 1 ORDER BY sell desc LIMIT 0,4   [ RunTime:0.0004s ]
SQL: SELECT * FROM `mall_product` WHERE `class_id` = 97 AND `status` = 1 ORDER BY sell desc LIMIT 0,4   [ RunTime:0.0004s ]
SQL: SELECT * FROM `mall_product` WHERE `class_id` = 98 AND `status` = 1 ORDER BY sell desc LIMIT 0,4   [ RunTime:0.0005s ]

[ 2016-08-17T21:22:29+08:00 ] 127.0.0.1 /index.php/Api/index/nav
INFO: [ app_init ] --START--
INFO: Run Behavior\BuildLiteBehavior [ RunTime:0.000053s ]
INFO: [ app_init ] --END-- [ RunTime:0.000649s ]
INFO: [ app_begin ] --START--
INFO: Run Behavior\ReadHtmlCacheBehavior [ RunTime:0.000951s ]
INFO: [ app_begin ] --END-- [ RunTime:0.001130s ]
SQL: SHOW COLUMNS FROM `mall_class` [ RunTime:0.0039s ]
SQL: SELECT * FROM `mall_class` WHERE `status` = 1 AND `partent_id` = 0 ORDER BY listorder desc,class_id   [ RunTime:0.0008s ]

[ 2016-08-17T21:22:36+08:00 ] 127.0.0.1 /index.php/Api/Products/products?class_id=46
INFO: [ app_init ] --START--
INFO: Run Behavior\BuildLiteBehavior [ RunTime:0.000036s ]
INFO: [ app_init ] --END-- [ RunTime:0.000594s ]
INFO: [ app_begin ] --START--
INFO: Run Behavior\ReadHtmlCacheBehavior [ RunTime:0.000770s ]
INFO: [ app_begin ] --END-- [ RunTime:0.000936s ]
SQL: SHOW COLUMNS FROM `mall_class` [ RunTime:0.0032s ]
SQL: SELECT `class_id`,`classname` FROM `mall_class` WHERE `status` = 1 AND `partent_id` = '46'  [ RunTime:0.0004s ]
NOTIC: [2048] Declaration of Common\Model\ProductModel::find() should be compatible with Think\Model::find($options = Array) D:\wamp\www\Application\Common\Model\ProductModel.class.php 第 152 行.
SQL: SHOW COLUMNS FROM `mall_product` [ RunTime:0.0040s ]
SQL: SELECT * FROM `mall_product` WHERE `class_id` = 92 AND `status` = 1 ORDER BY sell desc LIMIT 0,4   [ RunTime:0.0004s ]
SQL: SELECT * FROM `mall_product` WHERE `class_id` = 93 AND `status` = 1 ORDER BY sell desc LIMIT 0,4   [ RunTime:0.0004s ]
SQL: SELECT * FROM `mall_product` WHERE `class_id` = 94 AND `status` = 1 ORDER BY sell desc LIMIT 0,4   [ RunTime:0.0008s ]
SQL: SELECT * FROM `mall_product` WHERE `class_id` = 95 AND `status` = 1 ORDER BY sell desc LIMIT 0,4   [ RunTime:0.0008s ]
SQL: SELECT * FROM `mall_product` WHERE `class_id` = 96 AND `status` = 1 ORDER BY sell desc LIMIT 0,4   [ RunTime:0.0006s ]
SQL: SELECT * FROM `mall_product` WHERE `class_id` = 97 AND `status` = 1 ORDER BY sell desc LIMIT 0,4   [ RunTime:0.0007s ]
SQL: SELECT * FROM `mall_product` WHERE `class_id` = 98 AND `status` = 1 ORDER BY sell desc LIMIT 0,4   [ RunTime:0.0007s ]

[ 2016-08-17T21:22:36+08:00 ] 127.0.0.1 /index.php/Api/index/nav
INFO: [ app_init ] --START--
INFO: Run Behavior\BuildLiteBehavior [ RunTime:0.000036s ]
INFO: [ app_init ] --END-- [ RunTime:0.000615s ]
INFO: [ app_begin ] --START--
INFO: Run Behavior\ReadHtmlCacheBehavior [ RunTime:0.000813s ]
INFO: [ app_begin ] --END-- [ RunTime:0.001033s ]
SQL: SHOW COLUMNS FROM `mall_class` [ RunTime:0.0035s ]
SQL: SELECT * FROM `mall_class` WHERE `status` = 1 AND `partent_id` = 0 ORDER BY listorder desc,class_id   [ RunTime:0.0006s ]

[ 2016-08-17T21:23:46+08:00 ] 127.0.0.1 /index.php/Api/Products/products?class_id=46
INFO: [ app_init ] --START--
INFO: Run Behavior\BuildLiteBehavior [ RunTime:0.000039s ]
INFO: [ app_init ] --END-- [ RunTime:0.000569s ]
INFO: [ app_begin ] --START--
INFO: Run Behavior\ReadHtmlCacheBehavior [ RunTime:0.000701s ]
INFO: [ app_begin ] --END-- [ RunTime:0.000854s ]
SQL: SHOW COLUMNS FROM `mall_class` [ RunTime:0.0044s ]
SQL: SELECT `class_id`,`classname` FROM `mall_class` WHERE `status` = 1 AND `partent_id` = '46'  [ RunTime:0.0005s ]
NOTIC: [2048] Declaration of Common\Model\ProductModel::find() should be compatible with Think\Model::find($options = Array) D:\wamp\www\Application\Common\Model\ProductModel.class.php 第 152 行.
SQL: SHOW COLUMNS FROM `mall_product` [ RunTime:0.0035s ]
SQL: SELECT * FROM `mall_product` WHERE `class_id` = 92 AND `status` = 1 ORDER BY sell desc LIMIT 0,4   [ RunTime:0.0005s ]
SQL: SELECT * FROM `mall_product` WHERE `class_id` = 93 AND `status` = 1 ORDER BY sell desc LIMIT 0,4   [ RunTime:0.0003s ]
SQL: SELECT * FROM `mall_product` WHERE `class_id` = 94 AND `status` = 1 ORDER BY sell desc LIMIT 0,4   [ RunTime:0.0004s ]
SQL: SELECT * FROM `mall_product` WHERE `class_id` = 95 AND `status` = 1 ORDER BY sell desc LIMIT 0,4   [ RunTime:0.0005s ]
SQL: SELECT * FROM `mall_product` WHERE `class_id` = 96 AND `status` = 1 ORDER BY sell desc LIMIT 0,4   [ RunTime:0.0004s ]
SQL: SELECT * FROM `mall_product` WHERE `class_id` = 97 AND `status` = 1 ORDER BY sell desc LIMIT 0,4   [ RunTime:0.0004s ]
SQL: SELECT * FROM `mall_product` WHERE `class_id` = 98 AND `status` = 1 ORDER BY sell desc LIMIT 0,4   [ RunTime:0.0003s ]

[ 2016-08-17T21:23:46+08:00 ] 127.0.0.1 /index.php/Api/index/nav
INFO: [ app_init ] --START--
INFO: Run Behavior\BuildLiteBehavior [ RunTime:0.000062s ]
INFO: [ app_init ] --END-- [ RunTime:0.000682s ]
INFO: [ app_begin ] --START--
INFO: Run Behavior\ReadHtmlCacheBehavior [ RunTime:0.000730s ]
INFO: [ app_begin ] --END-- [ RunTime:0.000900s ]
SQL: SHOW COLUMNS FROM `mall_class` [ RunTime:0.0041s ]
SQL: SELECT * FROM `mall_class` WHERE `status` = 1 AND `partent_id` = 0 ORDER BY listorder desc,class_id   [ RunTime:0.0005s ]

[ 2016-08-17T21:25:27+08:00 ] 127.0.0.1 /index.php/Api/Products/products?class_id=46
INFO: [ app_init ] --START--
INFO: Run Behavior\BuildLiteBehavior [ RunTime:0.000032s ]
INFO: [ app_init ] --END-- [ RunTime:0.000549s ]
INFO: [ app_begin ] --START--
INFO: Run Behavior\ReadHtmlCacheBehavior [ RunTime:0.000623s ]
INFO: [ app_begin ] --END-- [ RunTime:0.000788s ]
SQL: SHOW COLUMNS FROM `mall_class` [ RunTime:0.0038s ]
SQL: SELECT `class_id`,`classname` FROM `mall_class` WHERE `status` = 1 AND `partent_id` = '46'  [ RunTime:0.0008s ]
NOTIC: [2048] Declaration of Common\Model\ProductModel::find() should be compatible with Think\Model::find($options = Array) D:\wamp\www\Application\Common\Model\ProductModel.class.php 第 152 行.
SQL: SHOW COLUMNS FROM `mall_product` [ RunTime:0.0039s ]
SQL: SELECT * FROM `mall_product` WHERE `class_id` = 92 AND `status` = 1 ORDER BY sell desc LIMIT 0,4   [ RunTime:0.0007s ]
SQL: SELECT * FROM `mall_product` WHERE `class_id` = 93 AND `status` = 1 ORDER BY sell desc LIMIT 0,4   [ RunTime:0.0007s ]
SQL: SELECT * FROM `mall_product` WHERE `class_id` = 94 AND `status` = 1 ORDER BY sell desc LIMIT 0,4   [ RunTime:0.0004s ]
SQL: SELECT * FROM `mall_product` WHERE `class_id` = 95 AND `status` = 1 ORDER BY sell desc LIMIT 0,4   [ RunTime:0.0004s ]
SQL: SELECT * FROM `mall_product` WHERE `class_id` = 96 AND `status` = 1 ORDER BY sell desc LIMIT 0,4   [ RunTime:0.0006s ]
SQL: SELECT * FROM `mall_product` WHERE `class_id` = 97 AND `status` = 1 ORDER BY sell desc LIMIT 0,4   [ RunTime:0.0004s ]
SQL: SELECT * FROM `mall_product` WHERE `class_id` = 98 AND `status` = 1 ORDER BY sell desc LIMIT 0,4   [ RunTime:0.0004s ]

[ 2016-08-17T21:25:27+08:00 ] 127.0.0.1 /index.php/Api/index/nav
INFO: [ app_init ] --START--
INFO: Run Behavior\BuildLiteBehavior [ RunTime:0.000055s ]
INFO: [ app_init ] --END-- [ RunTime:0.000679s ]
INFO: [ app_begin ] --START--
INFO: Run Behavior\ReadHtmlCacheBehavior [ RunTime:0.000653s ]
INFO: [ app_begin ] --END-- [ RunTime:0.000827s ]
SQL: SHOW COLUMNS FROM `mall_class` [ RunTime:0.0050s ]
SQL: SELECT * FROM `mall_class` WHERE `status` = 1 AND `partent_id` = 0 ORDER BY listorder desc,class_id   [ RunTime:0.0008s ]

[ 2016-08-17T21:25:36+08:00 ] 127.0.0.1 /index.php/Api/Products/products?class_id=46
INFO: [ app_init ] --START--
INFO: Run Behavior\BuildLiteBehavior [ RunTime:0.000031s ]
INFO: [ app_init ] --END-- [ RunTime:0.000529s ]
INFO: [ app_begin ] --START--
INFO: Run Behavior\ReadHtmlCacheBehavior [ RunTime:0.000629s ]
INFO: [ app_begin ] --END-- [ RunTime:0.000796s ]
SQL: SHOW COLUMNS FROM `mall_class` [ RunTime:0.0039s ]
SQL: SELECT `class_id`,`classname` FROM `mall_class` WHERE `status` = 1 AND `partent_id` = '46'  [ RunTime:0.0007s ]
NOTIC: [2048] Declaration of Common\Model\ProductModel::find() should be compatible with Think\Model::find($options = Array) D:\wamp\www\Application\Common\Model\ProductModel.class.php 第 152 行.
SQL: SHOW COLUMNS FROM `mall_product` [ RunTime:0.0048s ]
SQL: SELECT * FROM `mall_product` WHERE `class_id` = 92 AND `status` = 1 ORDER BY sell desc LIMIT 0,4   [ RunTime:0.0005s ]
SQL: SELECT * FROM `mall_product` WHERE `class_id` = 93 AND `status` = 1 ORDER BY sell desc LIMIT 0,4   [ RunTime:0.0004s ]
SQL: SELECT * FROM `mall_product` WHERE `class_id` = 94 AND `status` = 1 ORDER BY sell desc LIMIT 0,4   [ RunTime:0.0004s ]
SQL: SELECT * FROM `mall_product` WHERE `class_id` = 95 AND `status` = 1 ORDER BY sell desc LIMIT 0,4   [ RunTime:0.0006s ]
SQL: SELECT * FROM `mall_product` WHERE `class_id` = 96 AND `status` = 1 ORDER BY sell desc LIMIT 0,4   [ RunTime:0.0004s ]
SQL: SELECT * FROM `mall_product` WHERE `class_id` = 97 AND `status` = 1 ORDER BY sell desc LIMIT 0,4   [ RunTime:0.0003s ]
SQL: SELECT * FROM `mall_product` WHERE `class_id` = 98 AND `status` = 1 ORDER BY sell desc LIMIT 0,4   [ RunTime:0.0004s ]

[ 2016-08-17T21:25:59+08:00 ] 127.0.0.1 /index.php/Api/Products/products?class_id=46
INFO: [ app_init ] --START--
INFO: Run Behavior\BuildLiteBehavior [ RunTime:0.000031s ]
INFO: [ app_init ] --END-- [ RunTime:0.000524s ]
INFO: [ app_begin ] --START--
INFO: Run Behavior\ReadHtmlCacheBehavior [ RunTime:0.000646s ]
INFO: [ app_begin ] --END-- [ RunTime:0.000817s ]
SQL: SHOW COLUMNS FROM `mall_class` [ RunTime:0.0042s ]
SQL: SELECT `class_id`,`classname` FROM `mall_class` WHERE `status` = 1 AND `partent_id` = '46'  [ RunTime:0.0004s ]
NOTIC: [2048] Declaration of Common\Model\ProductModel::find() should be compatible with Think\Model::find($options = Array) D:\wamp\www\Application\Common\Model\ProductModel.class.php 第 152 行.
SQL: SHOW COLUMNS FROM `mall_product` [ RunTime:0.0053s ]
SQL: SELECT * FROM `mall_product` WHERE `class_id` = 92 AND `status` = 1 ORDER BY sell desc LIMIT 0,4   [ RunTime:0.0007s ]
SQL: SELECT * FROM `mall_product` WHERE `class_id` = 93 AND `status` = 1 ORDER BY sell desc LIMIT 0,4   [ RunTime:0.0007s ]
SQL: SELECT * FROM `mall_product` WHERE `class_id` = 94 AND `status` = 1 ORDER BY sell desc LIMIT 0,4   [ RunTime:0.0005s ]
SQL: SELECT * FROM `mall_product` WHERE `class_id` = 95 AND `status` = 1 ORDER BY sell desc LIMIT 0,4   [ RunTime:0.0004s ]
SQL: SELECT * FROM `mall_product` WHERE `class_id` = 96 AND `status` = 1 ORDER BY sell desc LIMIT 0,4   [ RunTime:0.0003s ]
SQL: SELECT * FROM `mall_product` WHERE `class_id` = 97 AND `status` = 1 ORDER BY sell desc LIMIT 0,4   [ RunTime:0.0003s ]
SQL: SELECT * FROM `mall_product` WHERE `class_id` = 98 AND `status` = 1 ORDER BY sell desc LIMIT 0,4   [ RunTime:0.0004s ]

[ 2016-08-17T21:25:59+08:00 ] 127.0.0.1 /index.php/Api/index/nav
INFO: [ app_init ] --START--
INFO: Run Behavior\BuildLiteBehavior [ RunTime:0.000031s ]
INFO: [ app_init ] --END-- [ RunTime:0.000610s ]
INFO: [ app_begin ] --START--
INFO: Run Behavior\ReadHtmlCacheBehavior [ RunTime:0.000868s ]
INFO: [ app_begin ] --END-- [ RunTime:0.001039s ]
SQL: SHOW COLUMNS FROM `mall_class` [ RunTime:0.0048s ]
SQL: SELECT * FROM `mall_class` WHERE `status` = 1 AND `partent_id` = 0 ORDER BY listorder desc,class_id   [ RunTime:0.0010s ]

[ 2016-08-17T21:26:30+08:00 ] 127.0.0.1 /index.php/Api/Products/products?class_id=46
INFO: [ app_init ] --START--
INFO: Run Behavior\BuildLiteBehavior [ RunTime:0.000033s ]
INFO: [ app_init ] --END-- [ RunTime:0.000605s ]
INFO: [ app_begin ] --START--
INFO: Run Behavior\ReadHtmlCacheBehavior [ RunTime:0.000717s ]
INFO: [ app_begin ] --END-- [ RunTime:0.000909s ]
SQL: SHOW COLUMNS FROM `mall_class` [ RunTime:0.0077s ]
SQL: SELECT `class_id`,`classname` FROM `mall_class` WHERE `status` = 1 AND `partent_id` = '46'  [ RunTime:0.0006s ]
NOTIC: [2048] Declaration of Common\Model\ProductModel::find() should be compatible with Think\Model::find($options = Array) D:\wamp\www\Application\Common\Model\ProductModel.class.php 第 152 行.
SQL: SHOW COLUMNS FROM `mall_product` [ RunTime:0.0056s ]
SQL: SELECT * FROM `mall_product` WHERE `class_id` = 92 AND `status` = 1 ORDER BY sell desc LIMIT 0,4   [ RunTime:0.0008s ]
SQL: SELECT * FROM `mall_product` WHERE `class_id` = 93 AND `status` = 1 ORDER BY sell desc LIMIT 0,4   [ RunTime:0.0006s ]
SQL: SELECT * FROM `mall_product` WHERE `class_id` = 94 AND `status` = 1 ORDER BY sell desc LIMIT 0,4   [ RunTime:0.0005s ]
SQL: SELECT * FROM `mall_product` WHERE `class_id` = 95 AND `status` = 1 ORDER BY sell desc LIMIT 0,4   [ RunTime:0.0004s ]
SQL: SELECT * FROM `mall_product` WHERE `class_id` = 96 AND `status` = 1 ORDER BY sell desc LIMIT 0,4   [ RunTime:0.0004s ]
SQL: SELECT * FROM `mall_product` WHERE `class_id` = 97 AND `status` = 1 ORDER BY sell desc LIMIT 0,4   [ RunTime:0.0008s ]
SQL: SELECT * FROM `mall_product` WHERE `class_id` = 98 AND `status` = 1 ORDER BY sell desc LIMIT 0,4   [ RunTime:0.0010s ]

[ 2016-08-17T21:26:30+08:00 ] 127.0.0.1 /index.php/Api/index/nav
INFO: [ app_init ] --START--
INFO: Run Behavior\BuildLiteBehavior [ RunTime:0.000032s ]
INFO: [ app_init ] --END-- [ RunTime:0.000537s ]
INFO: [ app_begin ] --START--
INFO: Run Behavior\ReadHtmlCacheBehavior [ RunTime:0.000649s ]
INFO: [ app_begin ] --END-- [ RunTime:0.000838s ]
SQL: SHOW COLUMNS FROM `mall_class` [ RunTime:0.0047s ]
SQL: SELECT * FROM `mall_class` WHERE `status` = 1 AND `partent_id` = 0 ORDER BY listorder desc,class_id   [ RunTime:0.0006s ]

