[ 2016-08-11T01:32:18+08:00 ] ::1 /index.php/api/register/register
INFO: [ app_init ] --START--
INFO: Run Behavior\BuildLiteBehavior [ RunTime:0.000031s ]
INFO: [ app_init ] --END-- [ RunTime:0.000613s ]
INFO: [ app_begin ] --START--
INFO: Run Behavior\ReadHtmlCacheBehavior [ RunTime:0.001049s ]
INFO: [ app_begin ] --END-- [ RunTime:0.001200s ]
INFO: [ app_end ] --START--
INFO: Run Behavior\ShowPageTraceBehavior [ RunTime:0.000875s ]
INFO: [ app_end ] --END-- [ RunTime:0.001061s ]

[ 2016-08-11T01:32:32+08:00 ] ::1 /index.php/api/register/register
INFO: [ app_init ] --START--
INFO: Run Behavior\BuildLiteBehavior [ RunTime:0.000034s ]
INFO: [ app_init ] --END-- [ RunTime:0.000607s ]
INFO: [ app_begin ] --START--
INFO: Run Behavior\ReadHtmlCacheBehavior [ RunTime:0.000834s ]
INFO: [ app_begin ] --END-- [ RunTime:0.000978s ]
INFO: [ app_end ] --START--
INFO: Run Behavior\ShowPageTraceBehavior [ RunTime:0.000841s ]
INFO: [ app_end ] --END-- [ RunTime:0.001005s ]

[ 2016-08-11T01:33:11+08:00 ] ::1 /index.php/api/register/register
INFO: [ app_init ] --START--
INFO: Run Behavior\BuildLiteBehavior [ RunTime:0.000036s ]
INFO: [ app_init ] --END-- [ RunTime:0.000746s ]
INFO: [ app_begin ] --START--
INFO: Run Behavior\ReadHtmlCacheBehavior [ RunTime:0.000873s ]
INFO: [ app_begin ] --END-- [ RunTime:0.001028s ]
INFO: [ app_end ] --START--
INFO: Run Behavior\ShowPageTraceBehavior [ RunTime:0.000799s ]
INFO: [ app_end ] --END-- [ RunTime:0.000969s ]

[ 2016-08-11T01:33:28+08:00 ] ::1 /index.php/Api/Register/register
INFO: [ app_init ] --START--
INFO: Run Behavior\BuildLiteBehavior [ RunTime:0.000043s ]
INFO: [ app_init ] --END-- [ RunTime:0.000800s ]
INFO: [ app_begin ] --START--
INFO: Run Behavior\ReadHtmlCacheBehavior [ RunTime:0.001350s ]
INFO: [ app_begin ] --END-- [ RunTime:0.001557s ]
INFO: [ app_end ] --START--
INFO: Run Behavior\ShowPageTraceBehavior [ RunTime:0.000862s ]
INFO: [ app_end ] --END-- [ RunTime:0.001027s ]

[ 2016-08-11T01:39:49+08:00 ] ::1 /index.php/Api/Register/register
INFO: [ app_init ] --START--
INFO: Run Behavior\BuildLiteBehavior [ RunTime:0.000048s ]
INFO: [ app_init ] --END-- [ RunTime:0.000775s ]
INFO: [ app_begin ] --START--
INFO: Run Behavior\ReadHtmlCacheBehavior [ RunTime:0.001086s ]
INFO: [ app_begin ] --END-- [ RunTime:0.001304s ]
SQL: SHOW COLUMNS FROM `mall_user` [ RunTime:0.0054s ]
ERR: Think\Model:getAdminByUsername方法不存在！

[ 2016-08-11T01:40:49+08:00 ] ::1 /index.php/Api/Register/register
INFO: [ app_init ] --START--
INFO: Run Behavior\BuildLiteBehavior [ RunTime:0.000048s ]
INFO: [ app_init ] --END-- [ RunTime:0.000736s ]
INFO: [ app_begin ] --START--
INFO: Run Behavior\ReadHtmlCacheBehavior [ RunTime:0.001042s ]
INFO: [ app_begin ] --END-- [ RunTime:0.001266s ]
SQL: SHOW COLUMNS FROM `mall_user` [ RunTime:0.0345s ]
ERR: Think\Model:getAdminByUsername方法不存在！

[ 2016-08-11T01:42:33+08:00 ] ::1 /index.php/Api/Register/register
INFO: [ app_init ] --START--
INFO: Run Behavior\BuildLiteBehavior [ RunTime:0.000044s ]
INFO: [ app_init ] --END-- [ RunTime:0.000833s ]
INFO: [ app_begin ] --START--
INFO: Run Behavior\ReadHtmlCacheBehavior [ RunTime:0.001041s ]
INFO: [ app_begin ] --END-- [ RunTime:0.001337s ]
SQL: SHOW COLUMNS FROM `mall_user` [ RunTime:0.0227s ]
SQL: SELECT * FROM `mall_user` WHERE ( email="admin" ) LIMIT 1   [ RunTime:0.0004s ]
SQL: INSERT INTO `mall_user` (`email`,`password`) VALUES ('admin','21232f297a57a5a743894a0e4a801fc3') [ RunTime:0.1101s ]

[ 2016-08-11T01:43:21+08:00 ] ::1 /index.php/Api/Register/register
INFO: [ app_init ] --START--
INFO: Run Behavior\BuildLiteBehavior [ RunTime:0.000084s ]
INFO: [ app_init ] --END-- [ RunTime:0.000861s ]
INFO: [ app_begin ] --START--
INFO: Run Behavior\ReadHtmlCacheBehavior [ RunTime:0.000860s ]
INFO: [ app_begin ] --END-- [ RunTime:0.001048s ]
SQL: SHOW COLUMNS FROM `mall_user` [ RunTime:0.0243s ]
SQL: SELECT * FROM `mall_user` WHERE ( email="admin" ) LIMIT 1   [ RunTime:0.0006s ]

[ 2016-08-11T01:43:27+08:00 ] ::1 /index.php/Api/Register/register
INFO: [ app_init ] --START--
INFO: Run Behavior\BuildLiteBehavior [ RunTime:0.000053s ]
INFO: [ app_init ] --END-- [ RunTime:0.000891s ]
INFO: [ app_begin ] --START--
INFO: Run Behavior\ReadHtmlCacheBehavior [ RunTime:0.000961s ]
INFO: [ app_begin ] --END-- [ RunTime:0.001196s ]
SQL: SHOW COLUMNS FROM `mall_user` [ RunTime:0.0067s ]
SQL: SELECT * FROM `mall_user` WHERE ( email="admin" ) LIMIT 1   [ RunTime:0.0004s ]

[ 2016-08-11T01:44:17+08:00 ] ::1 /index.php/Api/Register/register
INFO: [ app_init ] --START--
INFO: Run Behavior\BuildLiteBehavior [ RunTime:0.000039s ]
INFO: [ app_init ] --END-- [ RunTime:0.000569s ]
INFO: [ app_begin ] --START--
INFO: Run Behavior\ReadHtmlCacheBehavior [ RunTime:0.000590s ]
INFO: [ app_begin ] --END-- [ RunTime:0.000734s ]
SQL: SHOW COLUMNS FROM `mall_user` [ RunTime:0.0443s ]
SQL: SELECT * FROM `mall_user` WHERE ( email="admin" ) LIMIT 1   [ RunTime:0.0004s ]

[ 2016-08-11T01:45:29+08:00 ] ::1 /index.php/api/register/register
INFO: [ app_init ] --START--
INFO: Run Behavior\BuildLiteBehavior [ RunTime:0.000045s ]
INFO: [ app_init ] --END-- [ RunTime:0.000686s ]
INFO: [ app_begin ] --START--
INFO: Run Behavior\ReadHtmlCacheBehavior [ RunTime:0.000693s ]
INFO: [ app_begin ] --END-- [ RunTime:0.000837s ]
INFO: [ app_end ] --START--
INFO: Run Behavior\ShowPageTraceBehavior [ RunTime:0.000746s ]
INFO: [ app_end ] --END-- [ RunTime:0.000909s ]

[ 2016-08-11T01:45:52+08:00 ] ::1 /index.php/Api/Register/register
INFO: [ app_init ] --START--
INFO: Run Behavior\BuildLiteBehavior [ RunTime:0.000052s ]
INFO: [ app_init ] --END-- [ RunTime:0.000875s ]
INFO: [ app_begin ] --START--
INFO: Run Behavior\ReadHtmlCacheBehavior [ RunTime:0.000899s ]
INFO: [ app_begin ] --END-- [ RunTime:0.001089s ]
SQL: SHOW COLUMNS FROM `mall_user` [ RunTime:0.0310s ]
SQL: SELECT * FROM `mall_user` WHERE ( email="admin" ) LIMIT 1   [ RunTime:0.0004s ]

[ 2016-08-11T01:46:05+08:00 ] ::1 /index.php/Api/Register/register
INFO: [ app_init ] --START--
INFO: Run Behavior\BuildLiteBehavior [ RunTime:0.000052s ]
INFO: [ app_init ] --END-- [ RunTime:0.000866s ]
INFO: [ app_begin ] --START--
INFO: Run Behavior\ReadHtmlCacheBehavior [ RunTime:0.000951s ]
INFO: [ app_begin ] --END-- [ RunTime:0.001137s ]
SQL: SHOW COLUMNS FROM `mall_user` [ RunTime:0.0268s ]
SQL: SELECT * FROM `mall_user` WHERE ( email="admin" ) LIMIT 1   [ RunTime:0.0003s ]

[ 2016-08-11T01:46:07+08:00 ] ::1 /index.php/Api/Register/register
INFO: [ app_init ] --START--
INFO: Run Behavior\BuildLiteBehavior [ RunTime:0.000040s ]
INFO: [ app_init ] --END-- [ RunTime:0.000712s ]
INFO: [ app_begin ] --START--
INFO: Run Behavior\ReadHtmlCacheBehavior [ RunTime:0.000688s ]
INFO: [ app_begin ] --END-- [ RunTime:0.000842s ]
SQL: SHOW COLUMNS FROM `mall_user` [ RunTime:0.8261s ]
SQL: SELECT * FROM `mall_user` WHERE ( email="admin" ) LIMIT 1   [ RunTime:0.0005s ]

[ 2016-08-11T01:48:43+08:00 ] ::1 /index.php/Api/Register/register
INFO: [ app_init ] --START--
INFO: Run Behavior\BuildLiteBehavior [ RunTime:0.000050s ]
INFO: [ app_init ] --END-- [ RunTime:0.000769s ]
INFO: [ app_begin ] --START--
INFO: Run Behavior\ReadHtmlCacheBehavior [ RunTime:0.000844s ]
INFO: [ app_begin ] --END-- [ RunTime:0.001038s ]
INFO: [ app_end ] --START--
INFO: Run Behavior\ShowPageTraceBehavior [ RunTime:0.001035s ]
INFO: [ app_end ] --END-- [ RunTime:0.001240s ]

[ 2016-08-11T01:48:49+08:00 ] ::1 /index.php/Api/Register/register
INFO: [ app_init ] --START--
INFO: Run Behavior\BuildLiteBehavior [ RunTime:0.000112s ]
INFO: [ app_init ] --END-- [ RunTime:0.001272s ]
INFO: [ app_begin ] --START--
INFO: Run Behavior\ReadHtmlCacheBehavior [ RunTime:0.000947s ]
INFO: [ app_begin ] --END-- [ RunTime:0.001154s ]
SQL: SHOW COLUMNS FROM `mall_user` [ RunTime:0.0624s ]
SQL: SELECT * FROM `mall_user` WHERE ( email="admin" ) LIMIT 1   [ RunTime:0.0006s ]

[ 2016-08-11T01:48:56+08:00 ] ::1 /index.php/Api/Register/register
INFO: [ app_init ] --START--
INFO: Run Behavior\BuildLiteBehavior [ RunTime:0.000097s ]
INFO: [ app_init ] --END-- [ RunTime:0.001023s ]
INFO: [ app_begin ] --START--
INFO: Run Behavior\ReadHtmlCacheBehavior [ RunTime:0.000907s ]
INFO: [ app_begin ] --END-- [ RunTime:0.001108s ]
SQL: SHOW COLUMNS FROM `mall_user` [ RunTime:0.0340s ]
SQL: SELECT * FROM `mall_user` WHERE ( email="admin" ) LIMIT 1   [ RunTime:0.0005s ]

[ 2016-08-11T01:48:59+08:00 ] ::1 /index.php/Api/Register/register
INFO: [ app_init ] --START--
INFO: Run Behavior\BuildLiteBehavior [ RunTime:0.000096s ]
INFO: [ app_init ] --END-- [ RunTime:0.001349s ]
INFO: [ app_begin ] --START--
INFO: Run Behavior\ReadHtmlCacheBehavior [ RunTime:0.000787s ]
INFO: [ app_begin ] --END-- [ RunTime:0.000955s ]
SQL: SHOW COLUMNS FROM `mall_user` [ RunTime:0.0405s ]
SQL: SELECT * FROM `mall_user` WHERE ( email="admin" ) LIMIT 1   [ RunTime:0.0004s ]

[ 2016-08-11T01:49:07+08:00 ] ::1 /index.php/Api/Register/register
INFO: [ app_init ] --START--
INFO: Run Behavior\BuildLiteBehavior [ RunTime:0.000044s ]
INFO: [ app_init ] --END-- [ RunTime:0.000663s ]
INFO: [ app_begin ] --START--
INFO: Run Behavior\ReadHtmlCacheBehavior [ RunTime:0.000667s ]
INFO: [ app_begin ] --END-- [ RunTime:0.000814s ]
SQL: SHOW COLUMNS FROM `mall_user` [ RunTime:0.0227s ]
SQL: SELECT * FROM `mall_user` WHERE ( email="admin" ) LIMIT 1   [ RunTime:0.0003s ]

[ 2016-08-11T01:49:18+08:00 ] ::1 /index.php/Api/Register/register
INFO: [ app_init ] --START--
INFO: Run Behavior\BuildLiteBehavior [ RunTime:0.000083s ]
INFO: [ app_init ] --END-- [ RunTime:0.001245s ]
INFO: [ app_begin ] --START--
INFO: Run Behavior\ReadHtmlCacheBehavior [ RunTime:0.000920s ]
INFO: [ app_begin ] --END-- [ RunTime:0.001128s ]
SQL: SHOW COLUMNS FROM `mall_user` [ RunTime:0.0479s ]
SQL: SELECT * FROM `mall_user` WHERE ( email="admin" ) LIMIT 1   [ RunTime:0.0004s ]

[ 2016-08-11T01:49:25+08:00 ] ::1 /index.php/Api/Register/register
INFO: [ app_init ] --START--
INFO: Run Behavior\BuildLiteBehavior [ RunTime:0.000045s ]
INFO: [ app_init ] --END-- [ RunTime:0.001049s ]
INFO: [ app_begin ] --START--
INFO: Run Behavior\ReadHtmlCacheBehavior [ RunTime:0.000701s ]
INFO: [ app_begin ] --END-- [ RunTime:0.000853s ]
SQL: SHOW COLUMNS FROM `mall_user` [ RunTime:0.0576s ]
SQL: SELECT * FROM `mall_user` WHERE ( email="bbbb" ) LIMIT 1   [ RunTime:0.0004s ]
SQL: INSERT INTO `mall_user` (`email`,`password`) VALUES ('bbbb','21232f297a57a5a743894a0e4a801fc3') [ RunTime:0.0739s ]

[ 2016-08-11T01:59:08+08:00 ] ::1 /index.php/Api/Login/login
INFO: [ app_init ] --START--
INFO: Run Behavior\BuildLiteBehavior [ RunTime:0.000051s ]
INFO: [ app_init ] --END-- [ RunTime:0.000866s ]
INFO: [ app_begin ] --START--
INFO: Run Behavior\ReadHtmlCacheBehavior [ RunTime:0.001352s ]
INFO: [ app_begin ] --END-- [ RunTime:0.001751s ]
NOTIC: [8] Undefined variable: username D:\wamp\www\Application\Api\Controller\LoginController.class.php 第 17 行.

[ 2016-08-11T01:59:26+08:00 ] ::1 /index.php/Api/Login/login
INFO: [ app_init ] --START--
INFO: Run Behavior\BuildLiteBehavior [ RunTime:0.000075s ]
INFO: [ app_init ] --END-- [ RunTime:0.000906s ]
INFO: [ app_begin ] --START--
INFO: Run Behavior\ReadHtmlCacheBehavior [ RunTime:0.000897s ]
INFO: [ app_begin ] --END-- [ RunTime:0.001154s ]
SQL: SHOW COLUMNS FROM `mall_user` [ RunTime:0.0454s ]
SQL: SELECT * FROM `mall_user` WHERE ( email="bbbb" ) LIMIT 1   [ RunTime:0.0003s ]
NOTIC: [8] Undefined index: user_id D:\wamp\www\Application\Api\Controller\LoginController.class.php 第 33 行.
NOTIC: 建议使用E方法替代throw_exception

[ 2016-08-11T02:00:49+08:00 ] ::1 /index.php/Api/Login/login
INFO: [ app_init ] --START--
INFO: Run Behavior\BuildLiteBehavior [ RunTime:0.000046s ]
INFO: [ app_init ] --END-- [ RunTime:0.000941s ]
INFO: [ app_begin ] --START--
INFO: Run Behavior\ReadHtmlCacheBehavior [ RunTime:0.000730s ]
INFO: [ app_begin ] --END-- [ RunTime:0.000886s ]
SQL: SHOW COLUMNS FROM `mall_user` [ RunTime:0.0193s ]
SQL: SELECT * FROM `mall_user` WHERE ( email="bbbb" ) LIMIT 1   [ RunTime:0.0004s ]
ERR: 1054:Unknown column 'user_id' in 'where clause'
 [ SQL语句 ] : UPDATE `mall_user` SET `lastlogintime`='1470852049' WHERE ( user_id=2 )
ERR: 1054:Unknown column 'user_id' in 'where clause'
 [ SQL语句 ] : UPDATE `mall_user` SET `lastlogintime`='1470852049' WHERE ( user_id=2 )

[ 2016-08-11T02:00:58+08:00 ] ::1 /index.php/Api/Login/login
INFO: [ app_init ] --START--
INFO: Run Behavior\BuildLiteBehavior [ RunTime:0.000070s ]
INFO: [ app_init ] --END-- [ RunTime:0.001123s ]
INFO: [ app_begin ] --START--
INFO: Run Behavior\ReadHtmlCacheBehavior [ RunTime:0.000790s ]
INFO: [ app_begin ] --END-- [ RunTime:0.001020s ]
SQL: SHOW COLUMNS FROM `mall_user` [ RunTime:0.0418s ]
SQL: SELECT * FROM `mall_user` WHERE ( email="bbbb" ) LIMIT 1   [ RunTime:0.0003s ]
SQL: UPDATE `mall_user` SET `lastlogintime`='1470852058' WHERE ( id=2 ) [ RunTime:0.0887s ]

[ 2016-08-11T02:01:02+08:00 ] ::1 /index.php/Api/Login/login
INFO: [ app_init ] --START--
INFO: Run Behavior\BuildLiteBehavior [ RunTime:0.000051s ]
INFO: [ app_init ] --END-- [ RunTime:0.000812s ]
INFO: [ app_begin ] --START--
INFO: Run Behavior\ReadHtmlCacheBehavior [ RunTime:0.001109s ]
INFO: [ app_begin ] --END-- [ RunTime:0.001448s ]
SQL: SHOW COLUMNS FROM `mall_user` [ RunTime:0.0166s ]
SQL: SELECT * FROM `mall_user` WHERE ( email="bbbb" ) LIMIT 1   [ RunTime:0.0004s ]
SQL: UPDATE `mall_user` SET `lastlogintime`='1470852061' WHERE ( id=2 ) [ RunTime:0.0868s ]

[ 2016-08-11T02:02:51+08:00 ] ::1 /index.php/Api/Login/login
INFO: [ app_init ] --START--
INFO: Run Behavior\BuildLiteBehavior [ RunTime:0.000051s ]
INFO: [ app_init ] --END-- [ RunTime:0.000703s ]
INFO: [ app_begin ] --START--
INFO: Run Behavior\ReadHtmlCacheBehavior [ RunTime:0.000772s ]
INFO: [ app_begin ] --END-- [ RunTime:0.000927s ]
SQL: SHOW COLUMNS FROM `mall_user` [ RunTime:0.0285s ]
SQL: SELECT * FROM `mall_user` WHERE ( email="bbbb" ) LIMIT 1   [ RunTime:0.0004s ]
SQL: UPDATE `mall_user` SET `lastlogintime`='1470852171' WHERE ( id=2 ) [ RunTime:0.1175s ]

[ 2016-08-11T02:03:56+08:00 ] ::1 /index.php/Api/Login/login
INFO: [ app_init ] --START--
INFO: Run Behavior\BuildLiteBehavior [ RunTime:0.000052s ]
INFO: [ app_init ] --END-- [ RunTime:0.000886s ]
INFO: [ app_begin ] --START--
INFO: Run Behavior\ReadHtmlCacheBehavior [ RunTime:0.001112s ]
INFO: [ app_begin ] --END-- [ RunTime:0.001393s ]

[ 2016-08-11T02:04:15+08:00 ] ::1 /index.php/Api/Login/login
INFO: [ app_init ] --START--
INFO: Run Behavior\BuildLiteBehavior [ RunTime:0.000040s ]
INFO: [ app_init ] --END-- [ RunTime:0.000617s ]
INFO: [ app_begin ] --START--
INFO: Run Behavior\ReadHtmlCacheBehavior [ RunTime:0.000748s ]
INFO: [ app_begin ] --END-- [ RunTime:0.000900s ]
SQL: SHOW COLUMNS FROM `mall_user` [ RunTime:0.0456s ]
SQL: SELECT * FROM `mall_user` WHERE ( email="bbbb" ) LIMIT 1   [ RunTime:0.0004s ]
SQL: UPDATE `mall_user` SET `lastlogintime`='1470852255' WHERE ( id=2 ) [ RunTime:0.0898s ]

[ 2016-08-11T02:04:17+08:00 ] ::1 /index.php/Api/Login/login
INFO: [ app_init ] --START--
INFO: Run Behavior\BuildLiteBehavior [ RunTime:0.000038s ]
INFO: [ app_init ] --END-- [ RunTime:0.000639s ]
INFO: [ app_begin ] --START--
INFO: Run Behavior\ReadHtmlCacheBehavior [ RunTime:0.000969s ]
INFO: [ app_begin ] --END-- [ RunTime:0.001189s ]
SQL: SHOW COLUMNS FROM `mall_user` [ RunTime:0.0192s ]
SQL: SELECT * FROM `mall_user` WHERE ( email="bbbb" ) LIMIT 1   [ RunTime:0.0006s ]
SQL: UPDATE `mall_user` SET `lastlogintime`='1470852257' WHERE ( id=2 ) [ RunTime:0.0871s ]

[ 2016-08-11T02:04:33+08:00 ] ::1 /index.php/Api/Login/login
INFO: [ app_init ] --START--
INFO: Run Behavior\BuildLiteBehavior [ RunTime:0.000111s ]
INFO: [ app_init ] --END-- [ RunTime:0.000939s ]
INFO: [ app_begin ] --START--
INFO: Run Behavior\ReadHtmlCacheBehavior [ RunTime:0.000780s ]
INFO: [ app_begin ] --END-- [ RunTime:0.000989s ]
SQL: SHOW COLUMNS FROM `mall_user` [ RunTime:0.0461s ]
SQL: SELECT * FROM `mall_user` WHERE ( email="bbbb" ) LIMIT 1   [ RunTime:0.0004s ]
SQL: UPDATE `mall_user` SET `lastlogintime`='1470852272' WHERE ( id=2 ) [ RunTime:0.0875s ]

[ 2016-08-11T02:04:55+08:00 ] ::1 /index.php/Api/Login/login
INFO: [ app_init ] --START--
INFO: Run Behavior\BuildLiteBehavior [ RunTime:0.000044s ]
INFO: [ app_init ] --END-- [ RunTime:0.000922s ]
INFO: [ app_begin ] --START--
INFO: Run Behavior\ReadHtmlCacheBehavior [ RunTime:0.000866s ]
INFO: [ app_begin ] --END-- [ RunTime:0.001044s ]
SQL: SHOW COLUMNS FROM `mall_user` [ RunTime:0.0415s ]
SQL: SELECT * FROM `mall_user` WHERE ( email="bbbb" ) LIMIT 1   [ RunTime:0.0004s ]
SQL: UPDATE `mall_user` SET `lastlogintime`='1470852295' WHERE ( id=2 ) [ RunTime:0.1004s ]

[ 2016-08-11T02:05:15+08:00 ] ::1 /index.php/Api/Login/login
INFO: [ app_init ] --START--
INFO: Run Behavior\BuildLiteBehavior [ RunTime:0.000065s ]
INFO: [ app_init ] --END-- [ RunTime:0.000853s ]
INFO: [ app_begin ] --START--
INFO: Run Behavior\ReadHtmlCacheBehavior [ RunTime:0.000806s ]
INFO: [ app_begin ] --END-- [ RunTime:0.000988s ]
SQL: SHOW COLUMNS FROM `mall_user` [ RunTime:0.0544s ]
SQL: SELECT * FROM `mall_user` WHERE ( email="bbbb" ) LIMIT 1   [ RunTime:0.0005s ]
SQL: UPDATE `mall_user` SET `lastlogintime`='1470852315' WHERE ( id=2 ) [ RunTime:0.1098s ]

[ 2016-08-11T02:16:08+08:00 ] ::1 /index.php/Api/Login/login
INFO: [ app_init ] --START--
INFO: Run Behavior\BuildLiteBehavior [ RunTime:0.000088s ]
INFO: [ app_init ] --END-- [ RunTime:0.001163s ]
INFO: [ app_begin ] --START--
INFO: Run Behavior\ReadHtmlCacheBehavior [ RunTime:0.000823s ]
INFO: [ app_begin ] --END-- [ RunTime:0.000979s ]
SQL: SHOW COLUMNS FROM `mall_user` [ RunTime:0.0381s ]
SQL: SELECT * FROM `mall_user` WHERE ( email="bbbb" ) LIMIT 1   [ RunTime:0.0004s ]
SQL: UPDATE `mall_user` SET `lastlogintime`='1470852967' WHERE ( id=2 ) [ RunTime:0.1094s ]

