[ 2016-08-09T19:48:41+08:00 ] ::1 /index.php
INFO: [ app_init ] --START--
INFO: Run Behavior\BuildLiteBehavior [ RunTime:0.000041s ]
INFO: [ app_init ] --END-- [ RunTime:0.000680s ]
INFO: [ app_begin ] --START--
INFO: Run Behavior\ReadHtmlCacheBehavior [ RunTime:0.000933s ]
INFO: [ app_begin ] --END-- [ RunTime:0.001099s ]
INFO: [ view_parse ] --START--
INFO: [ template_filter ] --START--
INFO: Run Behavior\ContentReplaceBehavior [ RunTime:0.000070s ]
INFO: [ template_filter ] --END-- [ RunTime:0.000210s ]
INFO: Run Behavior\ParseTemplateBehavior [ RunTime:0.007662s ]
INFO: [ view_parse ] --END-- [ RunTime:0.007802s ]
INFO: [ view_filter ] --START--
INFO: Run Behavior\WriteHtmlCacheBehavior [ RunTime:0.000575s ]
INFO: [ view_filter ] --END-- [ RunTime:0.000704s ]
INFO: [ app_end ] --START--
INFO: Run Behavior\ShowPageTraceBehavior [ RunTime:0.000820s ]
INFO: [ app_end ] --END-- [ RunTime:0.000968s ]

[ 2016-08-09T19:52:29+08:00 ] ::1 /index.php/admin
ERR: 无法加载控制器:Admin

[ 2016-08-09T19:52:40+08:00 ] ::1 /index.php/Admin
ERR: 无法加载控制器:Admin

[ 2016-08-09T19:52:45+08:00 ] ::1 /index.php/Admin/index.php
ERR: 无法加载控制器:Admin

[ 2016-08-09T19:53:01+08:00 ] ::1 /index.php/admin
ERR: 无法加载控制器:Admin

[ 2016-08-09T19:53:31+08:00 ] ::1 /index.php/admin
ERR: 无法加载控制器:Admin

[ 2016-08-09T19:53:35+08:00 ] ::1 /index.php/admin/index
ERR: 无法加载控制器:Admin

