[ 2016-08-13T23:43:43+08:00 ] 127.0.0.1 /index.php/admin
INFO: [ app_init ] --START--
INFO: Run Behavior\BuildLiteBehavior [ RunTime:0.000033s ]
INFO: [ app_init ] --END-- [ RunTime:0.000571s ]
INFO: [ app_begin ] --START--
INFO: Run Behavior\ReadHtmlCacheBehavior [ RunTime:0.000815s ]
INFO: [ app_begin ] --END-- [ RunTime:0.000975s ]

[ 2016-08-13T23:43:43+08:00 ] 127.0.0.1 /index.php/Admin/login/index.html
INFO: [ app_init ] --START--
INFO: Run Behavior\BuildLiteBehavior [ RunTime:0.000037s ]
INFO: [ app_init ] --END-- [ RunTime:0.000669s ]
INFO: [ app_begin ] --START--
INFO: Run Behavior\ReadHtmlCacheBehavior [ RunTime:0.000827s ]
INFO: [ app_begin ] --END-- [ RunTime:0.000968s ]
INFO: [ view_parse ] --START--
INFO: [ template_filter ] --START--
INFO: Run Behavior\ContentReplaceBehavior [ RunTime:0.000115s ]
INFO: [ template_filter ] --END-- [ RunTime:0.000281s ]
INFO: Run Behavior\ParseTemplateBehavior [ RunTime:0.008768s ]
INFO: [ view_parse ] --END-- [ RunTime:0.008911s ]
INFO: [ view_filter ] --START--
INFO: Run Behavior\WriteHtmlCacheBehavior [ RunTime:0.000647s ]
INFO: [ view_filter ] --END-- [ RunTime:0.000810s ]
INFO: [ app_end ] --START--
INFO: Run Behavior\ShowPageTraceBehavior [ RunTime:0.000918s ]
INFO: [ app_end ] --END-- [ RunTime:0.001053s ]

[ 2016-08-13T23:43:47+08:00 ] 127.0.0.1 /index.php/Admin/login/check
INFO: [ app_init ] --START--
INFO: Run Behavior\BuildLiteBehavior [ RunTime:0.000037s ]
INFO: [ app_init ] --END-- [ RunTime:0.000628s ]
INFO: [ app_begin ] --START--
INFO: Run Behavior\ReadHtmlCacheBehavior [ RunTime:0.000810s ]
INFO: [ app_begin ] --END-- [ RunTime:0.000943s ]
SQL: SHOW COLUMNS FROM `mall_admin` [ RunTime:0.0209s ]
SQL: SELECT * FROM `mall_admin` WHERE ( username="admin" ) LIMIT 1   [ RunTime:0.0008s ]
SQL: UPDATE `mall_admin` SET `lastlogintime`='1471103027' WHERE ( admin_id=1 ) [ RunTime:0.1490s ]

[ 2016-08-13T23:43:48+08:00 ] 127.0.0.1 /index.php/Admin/index
INFO: [ app_init ] --START--
INFO: Run Behavior\BuildLiteBehavior [ RunTime:0.000037s ]
INFO: [ app_init ] --END-- [ RunTime:0.000625s ]
INFO: [ app_begin ] --START--
INFO: Run Behavior\ReadHtmlCacheBehavior [ RunTime:0.001108s ]
INFO: [ app_begin ] --END-- [ RunTime:0.001342s ]
INFO: [ view_parse ] --START--
INFO: [ template_filter ] --START--
INFO: Run Behavior\ContentReplaceBehavior [ RunTime:0.000135s ]
INFO: [ template_filter ] --END-- [ RunTime:0.000372s ]
NOTIC: [2048] Declaration of Common\Model\MenuModel::find() should be compatible with Think\Model::find($options = Array) D:\wamp\www\Application\Common\Model\MenuModel.class.php 第 8 行.
SQL: SHOW COLUMNS FROM `mall_menu` [ RunTime:0.3060s ]
SQL: SELECT * FROM `mall_menu` WHERE `status` <> -1 AND `type` = 1 ORDER BY listorder desc,menu_id   [ RunTime:0.0007s ]
NOTIC: [8] Undefined index: a D:\wamp\www\Application\Common\Common\function.php 第 37 行.
NOTIC: [8] Undefined index: a D:\wamp\www\Application\Common\Common\function.php 第 37 行.
NOTIC: [8] Undefined index: a D:\wamp\www\Application\Common\Common\function.php 第 37 行.
NOTIC: [8] Undefined index: a D:\wamp\www\Application\Common\Common\function.php 第 37 行.
NOTIC: [8] Undefined index: a D:\wamp\www\Application\Common\Common\function.php 第 37 行.
INFO: Run Behavior\ParseTemplateBehavior [ RunTime:0.332771s ]
INFO: [ view_parse ] --END-- [ RunTime:0.332914s ]
INFO: [ view_filter ] --START--
INFO: Run Behavior\WriteHtmlCacheBehavior [ RunTime:0.000780s ]
INFO: [ view_filter ] --END-- [ RunTime:0.000909s ]
INFO: [ app_end ] --START--
INFO: Run Behavior\ShowPageTraceBehavior [ RunTime:0.000955s ]
INFO: [ app_end ] --END-- [ RunTime:0.001091s ]

[ 2016-08-13T23:43:50+08:00 ] 127.0.0.1 /index.php/admin/classify
INFO: [ app_init ] --START--
INFO: Run Behavior\BuildLiteBehavior [ RunTime:0.000035s ]
INFO: [ app_init ] --END-- [ RunTime:0.000670s ]
INFO: [ app_begin ] --START--
INFO: Run Behavior\ReadHtmlCacheBehavior [ RunTime:0.000905s ]
INFO: [ app_begin ] --END-- [ RunTime:0.001048s ]
NOTIC: [2048] Declaration of Admin\Controller\ClassifyController::setStatus() should be compatible with Admin\Controller\CommonController::setStatus($data, $models) D:\wamp\www\Application\Admin\Controller\ClassifyController.class.php 第 4 行.
NOTIC: [8] Undefined index: p D:\wamp\www\Application\Admin\Controller\ClassifyController.class.php 第 9 行.
NOTIC: [8] Undefined index: pageSize D:\wamp\www\Application\Admin\Controller\ClassifyController.class.php 第 10 行.
SQL: SHOW COLUMNS FROM `mall_class` [ RunTime:0.1123s ]
NOTIC: [8] Undefined variable: data D:\wamp\www\Application\Admin\Controller\ClassifyController.class.php 第 11 行.
SQL: SELECT * FROM `mall_class` WHERE `status` <> -1 AND `partent_id` = 0 ORDER BY listorder desc,class_id desc LIMIT 0,5   [ RunTime:0.0012s ]
NOTIC: [8] Undefined variable: data D:\wamp\www\Application\Admin\Controller\ClassifyController.class.php 第 12 行.
SQL: SELECT COUNT(*) AS tp_count FROM `mall_class` WHERE `status` <> -1 AND `partent_id` = 0 LIMIT 1   [ RunTime:0.0008s ]
INFO: [ view_parse ] --START--
INFO: [ template_filter ] --START--
INFO: Run Behavior\ContentReplaceBehavior [ RunTime:0.000345s ]
INFO: [ template_filter ] --END-- [ RunTime:0.000740s ]
NOTIC: [2048] Declaration of Common\Model\MenuModel::find() should be compatible with Think\Model::find($options = Array) D:\wamp\www\Application\Common\Model\MenuModel.class.php 第 69 行.
SQL: SHOW COLUMNS FROM `mall_menu` [ RunTime:0.0894s ]
SQL: SELECT * FROM `mall_menu` WHERE `status` <> -1 AND `type` = 1 ORDER BY listorder desc,menu_id   [ RunTime:0.0007s ]
NOTIC: [8] Undefined index: a D:\wamp\www\Application\Common\Common\function.php 第 37 行.
NOTIC: [8] Undefined index: a D:\wamp\www\Application\Common\Common\function.php 第 37 行.
NOTIC: [8] Undefined index: a D:\wamp\www\Application\Common\Common\function.php 第 37 行.
NOTIC: [8] Undefined index: a D:\wamp\www\Application\Common\Common\function.php 第 37 行.
NOTIC: [8] Undefined index: a D:\wamp\www\Application\Common\Common\function.php 第 37 行.
NOTIC: [8] Undefined index: class D:\wamp\www\Application\Runtime\Cache\Admin\fe561dd2baf65a5a38210c0fde9166e9.php 第 158 行.
NOTIC: [8] Undefined index: class D:\wamp\www\Application\Runtime\Cache\Admin\fe561dd2baf65a5a38210c0fde9166e9.php 第 158 行.
NOTIC: [8] Undefined index: class D:\wamp\www\Application\Runtime\Cache\Admin\fe561dd2baf65a5a38210c0fde9166e9.php 第 158 行.
NOTIC: [8] Undefined index: class D:\wamp\www\Application\Runtime\Cache\Admin\fe561dd2baf65a5a38210c0fde9166e9.php 第 158 行.
NOTIC: [8] Undefined index: class D:\wamp\www\Application\Runtime\Cache\Admin\fe561dd2baf65a5a38210c0fde9166e9.php 第 158 行.
INFO: Run Behavior\ParseTemplateBehavior [ RunTime:0.140383s ]
INFO: [ view_parse ] --END-- [ RunTime:0.140734s ]
INFO: [ view_filter ] --START--
INFO: Run Behavior\WriteHtmlCacheBehavior [ RunTime:0.001043s ]
INFO: [ view_filter ] --END-- [ RunTime:0.001258s ]
INFO: [ app_end ] --START--
INFO: Run Behavior\ShowPageTraceBehavior [ RunTime:0.001431s ]
INFO: [ app_end ] --END-- [ RunTime:0.001652s ]

[ 2016-08-13T23:43:52+08:00 ] 127.0.0.1 /index.php/admin/adminUser
INFO: [ app_init ] --START--
INFO: Run Behavior\BuildLiteBehavior [ RunTime:0.000035s ]
INFO: [ app_init ] --END-- [ RunTime:0.000581s ]
INFO: [ app_begin ] --START--
INFO: Run Behavior\ReadHtmlCacheBehavior [ RunTime:0.000847s ]
INFO: [ app_begin ] --END-- [ RunTime:0.000990s ]
NOTIC: [2048] Declaration of Admin\Controller\AdminUserController::setStatus() should be compatible with Admin\Controller\CommonController::setStatus($data, $models) D:\wamp\www\Application\Admin\Controller\AdminUserController.class.php 第 4 行.
SQL: SHOW COLUMNS FROM `mall_admin` [ RunTime:0.1108s ]
SQL: SELECT * FROM `mall_admin` WHERE `status` <> -1 ORDER BY admin_id desc  [ RunTime:0.0004s ]
INFO: [ view_parse ] --START--
INFO: [ template_filter ] --START--
INFO: Run Behavior\ContentReplaceBehavior [ RunTime:0.000132s ]
INFO: [ template_filter ] --END-- [ RunTime:0.000306s ]
NOTIC: [2048] Declaration of Common\Model\MenuModel::find() should be compatible with Think\Model::find($options = Array) D:\wamp\www\Application\Common\Model\MenuModel.class.php 第 69 行.
SQL: SHOW COLUMNS FROM `mall_menu` [ RunTime:0.1054s ]
SQL: SELECT * FROM `mall_menu` WHERE `status` <> -1 AND `type` = 1 ORDER BY listorder desc,menu_id   [ RunTime:0.0007s ]
NOTIC: [8] Undefined index: a D:\wamp\www\Application\Common\Common\function.php 第 37 行.
NOTIC: [8] Undefined index: a D:\wamp\www\Application\Common\Common\function.php 第 37 行.
NOTIC: [8] Undefined index: a D:\wamp\www\Application\Common\Common\function.php 第 37 行.
NOTIC: [8] Undefined index: a D:\wamp\www\Application\Common\Common\function.php 第 37 行.
NOTIC: [8] Undefined index: a D:\wamp\www\Application\Common\Common\function.php 第 37 行.
INFO: Run Behavior\ParseTemplateBehavior [ RunTime:0.128131s ]
INFO: [ view_parse ] --END-- [ RunTime:0.128363s ]
INFO: [ view_filter ] --START--
INFO: Run Behavior\WriteHtmlCacheBehavior [ RunTime:0.000811s ]
INFO: [ view_filter ] --END-- [ RunTime:0.000955s ]
INFO: [ app_end ] --START--
INFO: Run Behavior\ShowPageTraceBehavior [ RunTime:0.000923s ]
INFO: [ app_end ] --END-- [ RunTime:0.001068s ]

[ 2016-08-13T23:43:53+08:00 ] 127.0.0.1 /index.php/admin/product
INFO: [ app_init ] --START--
INFO: Run Behavior\BuildLiteBehavior [ RunTime:0.000052s ]
INFO: [ app_init ] --END-- [ RunTime:0.000879s ]
INFO: [ app_begin ] --START--
INFO: Run Behavior\ReadHtmlCacheBehavior [ RunTime:0.000910s ]
INFO: [ app_begin ] --END-- [ RunTime:0.001065s ]
NOTIC: [2048] Declaration of Admin\Controller\ProductController::setStatus() should be compatible with Admin\Controller\CommonController::setStatus($data, $models) D:\wamp\www\Application\Admin\Controller\ProductController.class.php 第 4 行.
SQL: SHOW COLUMNS FROM `mall_class` [ RunTime:0.0047s ]
SQL: SELECT * FROM `mall_class` WHERE `status` = 1 AND `partent_id` = 0 ORDER BY listorder desc,class_id   [ RunTime:0.0006s ]
SQL: SHOW COLUMNS FROM `mall_product` [ RunTime:0.0042s ]
SQL: SELECT COUNT(*) AS tp_count FROM `mall_product` WHERE ( status!=-1 ) LIMIT 1   [ RunTime:0.0005s ]
SQL: SELECT * FROM `mall_product` WHERE ( status!=-1 ) ORDER BY create_time desc LIMIT 0,5   [ RunTime:0.0005s ]
SQL: SHOW COLUMNS FROM `mall_class` [ RunTime:0.0042s ]
SQL: SELECT * FROM `mall_class` WHERE ( 1=1 AND class_id='50' ) LIMIT 1   [ RunTime:0.0003s ]
SQL: SELECT * FROM `mall_class` WHERE ( 1=1 AND class_id='50' ) LIMIT 1   [ RunTime:0.0003s ]
SQL: SELECT * FROM `mall_class` WHERE ( 1=1 AND class_id='50' ) LIMIT 1   [ RunTime:0.0003s ]
INFO: [ view_parse ] --START--
INFO: [ template_filter ] --START--
INFO: Run Behavior\ContentReplaceBehavior [ RunTime:0.000131s ]
INFO: [ template_filter ] --END-- [ RunTime:0.000289s ]
NOTIC: [2048] Declaration of Common\Model\MenuModel::find() should be compatible with Think\Model::find($options = Array) D:\wamp\www\Application\Common\Model\MenuModel.class.php 第 69 行.
SQL: SHOW COLUMNS FROM `mall_menu` [ RunTime:0.0050s ]
SQL: SELECT * FROM `mall_menu` WHERE `status` <> -1 AND `type` = 1 ORDER BY listorder desc,menu_id   [ RunTime:0.0005s ]
NOTIC: [8] Undefined index: a D:\wamp\www\Application\Common\Common\function.php 第 37 行.
NOTIC: [8] Undefined index: a D:\wamp\www\Application\Common\Common\function.php 第 37 行.
NOTIC: [8] Undefined index: a D:\wamp\www\Application\Common\Common\function.php 第 37 行.
NOTIC: [8] Undefined index: a D:\wamp\www\Application\Common\Common\function.php 第 37 行.
NOTIC: [8] Undefined index: a D:\wamp\www\Application\Common\Common\function.php 第 37 行.
NOTIC: [8] Undefined index: class D:\wamp\www\Application\Runtime\Cache\Admin\34e4b095905075aaede5ee9039415509.php 第 165 行.
NOTIC: [8] Undefined index: class D:\wamp\www\Application\Runtime\Cache\Admin\34e4b095905075aaede5ee9039415509.php 第 165 行.
NOTIC: [8] Undefined index: class D:\wamp\www\Application\Runtime\Cache\Admin\34e4b095905075aaede5ee9039415509.php 第 165 行.
INFO: Run Behavior\ParseTemplateBehavior [ RunTime:0.053106s ]
INFO: [ view_parse ] --END-- [ RunTime:0.053251s ]
INFO: [ view_filter ] --START--
INFO: Run Behavior\WriteHtmlCacheBehavior [ RunTime:0.000753s ]
INFO: [ view_filter ] --END-- [ RunTime:0.000890s ]
INFO: [ app_end ] --START--
INFO: Run Behavior\ShowPageTraceBehavior [ RunTime:0.000843s ]
INFO: [ app_end ] --END-- [ RunTime:0.000981s ]

[ 2016-08-13T23:43:57+08:00 ] 127.0.0.1 /index.php/Admin/Product/edit/id/9/class_id/50.html
INFO: [ app_init ] --START--
INFO: Run Behavior\BuildLiteBehavior [ RunTime:0.000046s ]
INFO: [ app_init ] --END-- [ RunTime:0.000798s ]
INFO: [ app_begin ] --START--
INFO: Run Behavior\ReadHtmlCacheBehavior [ RunTime:0.001083s ]
INFO: [ app_begin ] --END-- [ RunTime:0.001263s ]
NOTIC: [2048] Declaration of Admin\Controller\ProductController::setStatus() should be compatible with Admin\Controller\CommonController::setStatus($data, $models) D:\wamp\www\Application\Admin\Controller\ProductController.class.php 第 4 行.
SQL: SHOW COLUMNS FROM `mall_class` [ RunTime:0.0080s ]
SQL: SELECT `partent_id` FROM `mall_class` WHERE `status` = 1 AND `class_id` = '50' LIMIT 1   [ RunTime:0.0003s ]
SQL: SELECT * FROM `mall_class` WHERE `status` = 1 AND `partent_id` = '41'  [ RunTime:0.0003s ]
NOTIC: [2048] Declaration of Common\Model\ProductModel::find() should be compatible with Think\Model::find($options = Array) D:\wamp\www\Application\Common\Model\ProductModel.class.php 第 144 行.
SQL: SHOW COLUMNS FROM `mall_product` [ RunTime:0.0049s ]
SQL: SELECT * FROM `mall_product` WHERE ( id=9 ) LIMIT 1   [ RunTime:0.0005s ]
INFO: [ view_parse ] --START--
INFO: [ template_filter ] --START--
INFO: Run Behavior\ContentReplaceBehavior [ RunTime:0.000163s ]
INFO: [ template_filter ] --END-- [ RunTime:0.000347s ]
NOTIC: [2048] Declaration of Common\Model\MenuModel::find() should be compatible with Think\Model::find($options = Array) D:\wamp\www\Application\Common\Model\MenuModel.class.php 第 69 行.
SQL: SHOW COLUMNS FROM `mall_menu` [ RunTime:0.0050s ]
SQL: SELECT * FROM `mall_menu` WHERE `status` <> -1 AND `type` = 1 ORDER BY listorder desc,menu_id   [ RunTime:0.0004s ]
NOTIC: [8] Undefined index: a D:\wamp\www\Application\Common\Common\function.php 第 37 行.
NOTIC: [8] Undefined index: a D:\wamp\www\Application\Common\Common\function.php 第 37 行.
NOTIC: [8] Undefined index: a D:\wamp\www\Application\Common\Common\function.php 第 37 行.
NOTIC: [8] Undefined index: a D:\wamp\www\Application\Common\Common\function.php 第 37 行.
NOTIC: [8] Undefined index: a D:\wamp\www\Application\Common\Common\function.php 第 37 行.
INFO: Run Behavior\ParseTemplateBehavior [ RunTime:0.064225s ]
INFO: [ view_parse ] --END-- [ RunTime:0.064369s ]
INFO: [ view_filter ] --START--
INFO: Run Behavior\WriteHtmlCacheBehavior [ RunTime:0.000754s ]
INFO: [ view_filter ] --END-- [ RunTime:0.000897s ]
INFO: [ app_end ] --START--
INFO: Run Behavior\ShowPageTraceBehavior [ RunTime:0.000933s ]
INFO: [ app_end ] --END-- [ RunTime:0.001077s ]

[ 2016-08-13T23:43:58+08:00 ] 127.0.0.1 /index.php/Admin/Product/edit/id/9/class_id/
INFO: [ app_init ] --START--
INFO: Run Behavior\BuildLiteBehavior [ RunTime:0.000035s ]
INFO: [ app_init ] --END-- [ RunTime:0.000623s ]
INFO: [ app_begin ] --START--
INFO: Run Behavior\ReadHtmlCacheBehavior [ RunTime:0.000890s ]
INFO: [ app_begin ] --END-- [ RunTime:0.001043s ]
NOTIC: [2048] Declaration of Admin\Controller\ProductController::setStatus() should be compatible with Admin\Controller\CommonController::setStatus($data, $models) D:\wamp\www\Application\Admin\Controller\ProductController.class.php 第 4 行.
SQL: SHOW COLUMNS FROM `mall_class` [ RunTime:0.0043s ]
SQL: SELECT `partent_id` FROM `mall_class` WHERE `status` = 1 AND `class_id` = '' LIMIT 1   [ RunTime:0.0003s ]
SQL: SELECT * FROM `mall_class` WHERE `status` = 1 AND `partent_id` = null  [ RunTime:0.0003s ]
NOTIC: [2048] Declaration of Common\Model\ProductModel::find() should be compatible with Think\Model::find($options = Array) D:\wamp\www\Application\Common\Model\ProductModel.class.php 第 144 行.
SQL: SHOW COLUMNS FROM `mall_product` [ RunTime:0.0039s ]
SQL: SELECT * FROM `mall_product` WHERE ( id=9 ) LIMIT 1   [ RunTime:0.0004s ]
INFO: [ view_parse ] --START--
INFO: [ template_filter ] --START--
INFO: Run Behavior\ContentReplaceBehavior [ RunTime:0.000122s ]
INFO: [ template_filter ] --END-- [ RunTime:0.000273s ]
NOTIC: [2048] Declaration of Common\Model\MenuModel::find() should be compatible with Think\Model::find($options = Array) D:\wamp\www\Application\Common\Model\MenuModel.class.php 第 69 行.
SQL: SHOW COLUMNS FROM `mall_menu` [ RunTime:0.0041s ]
SQL: SELECT * FROM `mall_menu` WHERE `status` <> -1 AND `type` = 1 ORDER BY listorder desc,menu_id   [ RunTime:0.0004s ]
NOTIC: [8] Undefined index: a D:\wamp\www\Application\Common\Common\function.php 第 37 行.
NOTIC: [8] Undefined index: a D:\wamp\www\Application\Common\Common\function.php 第 37 行.
NOTIC: [8] Undefined index: a D:\wamp\www\Application\Common\Common\function.php 第 37 行.
NOTIC: [8] Undefined index: a D:\wamp\www\Application\Common\Common\function.php 第 37 行.
NOTIC: [8] Undefined index: a D:\wamp\www\Application\Common\Common\function.php 第 37 行.
INFO: Run Behavior\ParseTemplateBehavior [ RunTime:0.021879s ]
INFO: [ view_parse ] --END-- [ RunTime:0.022020s ]
INFO: [ view_filter ] --START--
INFO: Run Behavior\WriteHtmlCacheBehavior [ RunTime:0.000631s ]
INFO: [ view_filter ] --END-- [ RunTime:0.000767s ]
INFO: [ app_end ] --START--
INFO: Run Behavior\ShowPageTraceBehavior [ RunTime:0.000810s ]
INFO: [ app_end ] --END-- [ RunTime:0.000950s ]

