[ 2016-08-17T00:38:20+08:00 ] 127.0.0.1 /index.php/admin
INFO: [ app_init ] --START--
INFO: Run Behavior\BuildLiteBehavior [ RunTime:0.000035s ]
INFO: [ app_init ] --END-- [ RunTime:0.000563s ]
INFO: [ app_begin ] --START--
INFO: Run Behavior\ReadHtmlCacheBehavior [ RunTime:0.000690s ]
INFO: [ app_begin ] --END-- [ RunTime:0.000840s ]
INFO: [ view_parse ] --START--
INFO: [ template_filter ] --START--
INFO: Run Behavior\ContentReplaceBehavior [ RunTime:0.000119s ]
INFO: [ template_filter ] --END-- [ RunTime:0.000264s ]
NOTIC: [2048] Declaration of Common\Model\MenuModel::find() should be compatible with Think\Model::find($options = Array) D:\wamp\www\Application\Common\Model\MenuModel.class.php 第 8 行.
SQL: SHOW COLUMNS FROM `mall_menu` [ RunTime:0.0078s ]
SQL: SELECT * FROM `mall_menu` WHERE `status` <> -1 AND `type` = 1 ORDER BY listorder desc,menu_id   [ RunTime:0.0007s ]
NOTIC: [8] Undefined index: a D:\wamp\www\Application\Common\Common\function.php 第 37 行.
NOTIC: [8] Undefined index: a D:\wamp\www\Application\Common\Common\function.php 第 37 行.
NOTIC: [8] Undefined index: a D:\wamp\www\Application\Common\Common\function.php 第 37 行.
NOTIC: [8] Undefined index: a D:\wamp\www\Application\Common\Common\function.php 第 37 行.
NOTIC: [8] Undefined index: a D:\wamp\www\Application\Common\Common\function.php 第 37 行.
INFO: Run Behavior\ParseTemplateBehavior [ RunTime:0.041665s ]
INFO: [ view_parse ] --END-- [ RunTime:0.041794s ]
INFO: [ view_filter ] --START--
INFO: Run Behavior\WriteHtmlCacheBehavior [ RunTime:0.000530s ]
INFO: [ view_filter ] --END-- [ RunTime:0.000655s ]
INFO: [ app_end ] --START--
INFO: Run Behavior\ShowPageTraceBehavior [ RunTime:0.000662s ]
INFO: [ app_end ] --END-- [ RunTime:0.000788s ]

[ 2016-08-17T00:38:25+08:00 ] 127.0.0.1 /index.php/admin/classify
INFO: [ app_init ] --START--
INFO: Run Behavior\BuildLiteBehavior [ RunTime:0.000036s ]
INFO: [ app_init ] --END-- [ RunTime:0.000561s ]
INFO: [ app_begin ] --START--
INFO: Run Behavior\ReadHtmlCacheBehavior [ RunTime:0.000592s ]
INFO: [ app_begin ] --END-- [ RunTime:0.000746s ]
NOTIC: [2048] Declaration of Admin\Controller\ClassifyController::setStatus() should be compatible with Admin\Controller\CommonController::setStatus($data, $models) D:\wamp\www\Application\Admin\Controller\ClassifyController.class.php 第 4 行.
NOTIC: [8] Undefined index: p D:\wamp\www\Application\Admin\Controller\ClassifyController.class.php 第 9 行.
NOTIC: [8] Undefined index: pageSize D:\wamp\www\Application\Admin\Controller\ClassifyController.class.php 第 10 行.
SQL: SHOW COLUMNS FROM `mall_class` [ RunTime:0.0041s ]
NOTIC: [8] Undefined variable: data D:\wamp\www\Application\Admin\Controller\ClassifyController.class.php 第 11 行.
SQL: SELECT * FROM `mall_class` WHERE `status` <> -1 AND `partent_id` = 0 ORDER BY listorder desc,class_id desc LIMIT 0,5   [ RunTime:0.0004s ]
NOTIC: [8] Undefined variable: data D:\wamp\www\Application\Admin\Controller\ClassifyController.class.php 第 12 行.
SQL: SELECT COUNT(*) AS tp_count FROM `mall_class` WHERE `status` <> -1 AND `partent_id` = 0 LIMIT 1   [ RunTime:0.0003s ]
INFO: [ view_parse ] --START--
INFO: [ template_filter ] --START--
INFO: Run Behavior\ContentReplaceBehavior [ RunTime:0.000169s ]
INFO: [ template_filter ] --END-- [ RunTime:0.000316s ]
NOTIC: [2048] Declaration of Common\Model\MenuModel::find() should be compatible with Think\Model::find($options = Array) D:\wamp\www\Application\Common\Model\MenuModel.class.php 第 69 行.
SQL: SHOW COLUMNS FROM `mall_menu` [ RunTime:0.0039s ]
SQL: SELECT * FROM `mall_menu` WHERE `status` <> -1 AND `type` = 1 ORDER BY listorder desc,menu_id   [ RunTime:0.0005s ]
NOTIC: [8] Undefined index: a D:\wamp\www\Application\Common\Common\function.php 第 37 行.
NOTIC: [8] Undefined index: a D:\wamp\www\Application\Common\Common\function.php 第 37 行.
NOTIC: [8] Undefined index: a D:\wamp\www\Application\Common\Common\function.php 第 37 行.
NOTIC: [8] Undefined index: a D:\wamp\www\Application\Common\Common\function.php 第 37 行.
NOTIC: [8] Undefined index: a D:\wamp\www\Application\Common\Common\function.php 第 37 行.
NOTIC: [8] Undefined index: class D:\wamp\www\Application\Runtime\Cache\Admin\fe561dd2baf65a5a38210c0fde9166e9.php 第 158 行.
NOTIC: [8] Undefined index: class D:\wamp\www\Application\Runtime\Cache\Admin\fe561dd2baf65a5a38210c0fde9166e9.php 第 158 行.
NOTIC: [8] Undefined index: class D:\wamp\www\Application\Runtime\Cache\Admin\fe561dd2baf65a5a38210c0fde9166e9.php 第 158 行.
NOTIC: [8] Undefined index: class D:\wamp\www\Application\Runtime\Cache\Admin\fe561dd2baf65a5a38210c0fde9166e9.php 第 158 行.
NOTIC: [8] Undefined index: class D:\wamp\www\Application\Runtime\Cache\Admin\fe561dd2baf65a5a38210c0fde9166e9.php 第 158 行.
INFO: Run Behavior\ParseTemplateBehavior [ RunTime:0.053412s ]
INFO: [ view_parse ] --END-- [ RunTime:0.053547s ]
INFO: [ view_filter ] --START--
INFO: Run Behavior\WriteHtmlCacheBehavior [ RunTime:0.000558s ]
INFO: [ view_filter ] --END-- [ RunTime:0.000757s ]
INFO: [ app_end ] --START--
INFO: Run Behavior\ShowPageTraceBehavior [ RunTime:0.000696s ]
INFO: [ app_end ] --END-- [ RunTime:0.000826s ]

[ 2016-08-17T00:38:27+08:00 ] 127.0.0.1 /index.php/Admin/Classify/index/p/3.html
INFO: [ app_init ] --START--
INFO: Run Behavior\BuildLiteBehavior [ RunTime:0.000045s ]
INFO: [ app_init ] --END-- [ RunTime:0.000796s ]
INFO: [ app_begin ] --START--
INFO: Run Behavior\ReadHtmlCacheBehavior [ RunTime:0.000845s ]
INFO: [ app_begin ] --END-- [ RunTime:0.001047s ]
NOTIC: [2048] Declaration of Admin\Controller\ClassifyController::setStatus() should be compatible with Admin\Controller\CommonController::setStatus($data, $models) D:\wamp\www\Application\Admin\Controller\ClassifyController.class.php 第 4 行.
NOTIC: [8] Undefined index: pageSize D:\wamp\www\Application\Admin\Controller\ClassifyController.class.php 第 10 行.
SQL: SHOW COLUMNS FROM `mall_class` [ RunTime:0.0945s ]
NOTIC: [8] Undefined variable: data D:\wamp\www\Application\Admin\Controller\ClassifyController.class.php 第 11 行.
SQL: SELECT * FROM `mall_class` WHERE `status` <> -1 AND `partent_id` = 0 ORDER BY listorder desc,class_id desc LIMIT 10,5   [ RunTime:0.0006s ]
NOTIC: [8] Undefined variable: data D:\wamp\www\Application\Admin\Controller\ClassifyController.class.php 第 12 行.
SQL: SELECT COUNT(*) AS tp_count FROM `mall_class` WHERE `status` <> -1 AND `partent_id` = 0 LIMIT 1   [ RunTime:0.0003s ]
INFO: [ view_parse ] --START--
INFO: [ template_filter ] --START--
INFO: Run Behavior\ContentReplaceBehavior [ RunTime:0.000129s ]
INFO: [ template_filter ] --END-- [ RunTime:0.000278s ]
NOTIC: [2048] Declaration of Common\Model\MenuModel::find() should be compatible with Think\Model::find($options = Array) D:\wamp\www\Application\Common\Model\MenuModel.class.php 第 69 行.
SQL: SHOW COLUMNS FROM `mall_menu` [ RunTime:0.0347s ]
SQL: SELECT * FROM `mall_menu` WHERE `status` <> -1 AND `type` = 1 ORDER BY listorder desc,menu_id   [ RunTime:0.0005s ]
NOTIC: [8] Undefined index: a D:\wamp\www\Application\Common\Common\function.php 第 37 行.
NOTIC: [8] Undefined index: a D:\wamp\www\Application\Common\Common\function.php 第 37 行.
NOTIC: [8] Undefined index: a D:\wamp\www\Application\Common\Common\function.php 第 37 行.
NOTIC: [8] Undefined index: a D:\wamp\www\Application\Common\Common\function.php 第 37 行.
NOTIC: [8] Undefined index: a D:\wamp\www\Application\Common\Common\function.php 第 37 行.
NOTIC: [8] Undefined index: class D:\wamp\www\Application\Runtime\Cache\Admin\fe561dd2baf65a5a38210c0fde9166e9.php 第 158 行.
NOTIC: [8] Undefined index: class D:\wamp\www\Application\Runtime\Cache\Admin\fe561dd2baf65a5a38210c0fde9166e9.php 第 158 行.
INFO: Run Behavior\ParseTemplateBehavior [ RunTime:0.052962s ]
INFO: [ view_parse ] --END-- [ RunTime:0.053106s ]
INFO: [ view_filter ] --START--
INFO: Run Behavior\WriteHtmlCacheBehavior [ RunTime:0.000462s ]
INFO: [ view_filter ] --END-- [ RunTime:0.000604s ]
INFO: [ app_end ] --START--
INFO: Run Behavior\ShowPageTraceBehavior [ RunTime:0.000669s ]
INFO: [ app_end ] --END-- [ RunTime:0.000809s ]

[ 2016-08-17T00:38:29+08:00 ] 127.0.0.1 /index.php/Admin/Classify/edit/class_id/41.html
INFO: [ app_init ] --START--
INFO: Run Behavior\BuildLiteBehavior [ RunTime:0.000036s ]
INFO: [ app_init ] --END-- [ RunTime:0.000573s ]
INFO: [ app_begin ] --START--
INFO: Run Behavior\ReadHtmlCacheBehavior [ RunTime:0.000636s ]
INFO: [ app_begin ] --END-- [ RunTime:0.000800s ]
NOTIC: [2048] Declaration of Admin\Controller\ClassifyController::setStatus() should be compatible with Admin\Controller\CommonController::setStatus($data, $models) D:\wamp\www\Application\Admin\Controller\ClassifyController.class.php 第 4 行.
NOTIC: [8] Undefined index: p D:\wamp\www\Application\Admin\Controller\ClassifyController.class.php 第 52 行.
NOTIC: [8] Undefined index: pageSize D:\wamp\www\Application\Admin\Controller\ClassifyController.class.php 第 53 行.
SQL: SHOW COLUMNS FROM `mall_class` [ RunTime:0.0077s ]
NOTIC: [8] Undefined variable: data D:\wamp\www\Application\Admin\Controller\ClassifyController.class.php 第 54 行.
SQL: SELECT * FROM `mall_class` WHERE `status` <> -1 AND `partent_id` = '41' ORDER BY listorder desc,class_id desc LIMIT 0,4   [ RunTime:0.0005s ]
NOTIC: [8] Undefined variable: data D:\wamp\www\Application\Admin\Controller\ClassifyController.class.php 第 55 行.
SQL: SELECT COUNT(*) AS tp_count FROM `mall_class` WHERE `status` <> -1 AND `partent_id` = '41' LIMIT 1   [ RunTime:0.0003s ]
INFO: [ view_parse ] --START--
INFO: [ template_filter ] --START--
INFO: Run Behavior\ContentReplaceBehavior [ RunTime:0.000124s ]
INFO: [ template_filter ] --END-- [ RunTime:0.000278s ]
NOTIC: [2048] Declaration of Common\Model\MenuModel::find() should be compatible with Think\Model::find($options = Array) D:\wamp\www\Application\Common\Model\MenuModel.class.php 第 69 行.
SQL: SHOW COLUMNS FROM `mall_menu` [ RunTime:0.0046s ]
SQL: SELECT * FROM `mall_menu` WHERE `status` <> -1 AND `type` = 1 ORDER BY listorder desc,menu_id   [ RunTime:0.0005s ]
NOTIC: [8] Undefined index: a D:\wamp\www\Application\Common\Common\function.php 第 37 行.
NOTIC: [8] Undefined index: a D:\wamp\www\Application\Common\Common\function.php 第 37 行.
NOTIC: [8] Undefined index: a D:\wamp\www\Application\Common\Common\function.php 第 37 行.
NOTIC: [8] Undefined index: a D:\wamp\www\Application\Common\Common\function.php 第 37 行.
NOTIC: [8] Undefined index: a D:\wamp\www\Application\Common\Common\function.php 第 37 行.
INFO: Run Behavior\ParseTemplateBehavior [ RunTime:0.068405s ]
INFO: [ view_parse ] --END-- [ RunTime:0.068551s ]
INFO: [ view_filter ] --START--
INFO: Run Behavior\WriteHtmlCacheBehavior [ RunTime:0.000526s ]
INFO: [ view_filter ] --END-- [ RunTime:0.000670s ]
INFO: [ app_end ] --START--
INFO: Run Behavior\ShowPageTraceBehavior [ RunTime:0.000708s ]
INFO: [ app_end ] --END-- [ RunTime:0.000867s ]

[ 2016-08-17T00:38:34+08:00 ] 127.0.0.1 /index.php/admin/product
INFO: [ app_init ] --START--
INFO: Run Behavior\BuildLiteBehavior [ RunTime:0.000033s ]
INFO: [ app_init ] --END-- [ RunTime:0.000585s ]
INFO: [ app_begin ] --START--
INFO: Run Behavior\ReadHtmlCacheBehavior [ RunTime:0.000648s ]
INFO: [ app_begin ] --END-- [ RunTime:0.000809s ]
NOTIC: [2048] Declaration of Admin\Controller\ProductController::setStatus() should be compatible with Admin\Controller\CommonController::setStatus($data, $models) D:\wamp\www\Application\Admin\Controller\ProductController.class.php 第 4 行.
SQL: SHOW COLUMNS FROM `mall_class` [ RunTime:0.0084s ]
SQL: SELECT * FROM `mall_class` WHERE `status` = 1 AND `partent_id` = 0 ORDER BY listorder desc,class_id   [ RunTime:0.0005s ]
SQL: SHOW COLUMNS FROM `mall_product` [ RunTime:0.1210s ]
SQL: SELECT COUNT(*) AS tp_count FROM `mall_product` WHERE ( status!=-1 ) LIMIT 1   [ RunTime:0.0005s ]
SQL: SELECT * FROM `mall_product` WHERE ( status!=-1 ) ORDER BY create_time desc LIMIT 0,5   [ RunTime:0.0004s ]
SQL: SHOW COLUMNS FROM `mall_class` [ RunTime:0.1166s ]
SQL: SELECT * FROM `mall_class` WHERE ( 1=1 AND class_id='58' ) LIMIT 1   [ RunTime:0.0007s ]
SQL: SELECT * FROM `mall_class` WHERE ( 1=1 AND class_id='64' ) LIMIT 1   [ RunTime:0.0006s ]
SQL: SELECT * FROM `mall_class` WHERE ( 1=1 AND class_id='65' ) LIMIT 1   [ RunTime:0.0007s ]
SQL: SELECT * FROM `mall_class` WHERE ( 1=1 AND class_id='67' ) LIMIT 1   [ RunTime:0.0006s ]
SQL: SELECT * FROM `mall_class` WHERE ( 1=1 AND class_id='61' ) LIMIT 1   [ RunTime:0.0005s ]
INFO: [ view_parse ] --START--
INFO: [ template_filter ] --START--
INFO: Run Behavior\ContentReplaceBehavior [ RunTime:0.000129s ]
INFO: [ template_filter ] --END-- [ RunTime:0.000281s ]
NOTIC: [2048] Declaration of Common\Model\MenuModel::find() should be compatible with Think\Model::find($options = Array) D:\wamp\www\Application\Common\Model\MenuModel.class.php 第 69 行.
SQL: SHOW COLUMNS FROM `mall_menu` [ RunTime:0.0037s ]
SQL: SELECT * FROM `mall_menu` WHERE `status` <> -1 AND `type` = 1 ORDER BY listorder desc,menu_id   [ RunTime:0.0004s ]
NOTIC: [8] Undefined index: a D:\wamp\www\Application\Common\Common\function.php 第 37 行.
NOTIC: [8] Undefined index: a D:\wamp\www\Application\Common\Common\function.php 第 37 行.
NOTIC: [8] Undefined index: a D:\wamp\www\Application\Common\Common\function.php 第 37 行.
NOTIC: [8] Undefined index: a D:\wamp\www\Application\Common\Common\function.php 第 37 行.
NOTIC: [8] Undefined index: a D:\wamp\www\Application\Common\Common\function.php 第 37 行.
NOTIC: [8] Undefined index: class D:\wamp\www\Application\Runtime\Cache\Admin\34e4b095905075aaede5ee9039415509.php 第 165 行.
NOTIC: [8] Undefined index: class D:\wamp\www\Application\Runtime\Cache\Admin\34e4b095905075aaede5ee9039415509.php 第 165 行.
NOTIC: [8] Undefined index: class D:\wamp\www\Application\Runtime\Cache\Admin\34e4b095905075aaede5ee9039415509.php 第 165 行.
NOTIC: [8] Undefined index: class D:\wamp\www\Application\Runtime\Cache\Admin\34e4b095905075aaede5ee9039415509.php 第 165 行.
NOTIC: [8] Undefined index: class D:\wamp\www\Application\Runtime\Cache\Admin\34e4b095905075aaede5ee9039415509.php 第 165 行.
INFO: Run Behavior\ParseTemplateBehavior [ RunTime:0.031371s ]
INFO: [ view_parse ] --END-- [ RunTime:0.031606s ]
INFO: [ view_filter ] --START--
INFO: Run Behavior\WriteHtmlCacheBehavior [ RunTime:0.000505s ]
INFO: [ view_filter ] --END-- [ RunTime:0.000699s ]
INFO: [ app_end ] --START--
INFO: Run Behavior\ShowPageTraceBehavior [ RunTime:0.000772s ]
INFO: [ app_end ] --END-- [ RunTime:0.000965s ]

[ 2016-08-17T00:38:38+08:00 ] 127.0.0.1 /index.php/Admin/Product/add.html
INFO: [ app_init ] --START--
INFO: Run Behavior\BuildLiteBehavior [ RunTime:0.000047s ]
INFO: [ app_init ] --END-- [ RunTime:0.000803s ]
INFO: [ app_begin ] --START--
INFO: Run Behavior\ReadHtmlCacheBehavior [ RunTime:0.000905s ]
INFO: [ app_begin ] --END-- [ RunTime:0.001144s ]
NOTIC: [2048] Declaration of Admin\Controller\ProductController::setStatus() should be compatible with Admin\Controller\CommonController::setStatus($data, $models) D:\wamp\www\Application\Admin\Controller\ProductController.class.php 第 4 行.
SQL: SHOW COLUMNS FROM `mall_class` [ RunTime:0.0078s ]
SQL: SELECT * FROM `mall_class` WHERE `status` = 1 AND `partent_id` = '41' ORDER BY listorder desc,class_id   [ RunTime:0.0004s ]
INFO: [ view_parse ] --START--
INFO: [ template_filter ] --START--
INFO: Run Behavior\ContentReplaceBehavior [ RunTime:0.000151s ]
INFO: [ template_filter ] --END-- [ RunTime:0.000336s ]
NOTIC: [2048] Declaration of Common\Model\MenuModel::find() should be compatible with Think\Model::find($options = Array) D:\wamp\www\Application\Common\Model\MenuModel.class.php 第 69 行.
SQL: SHOW COLUMNS FROM `mall_menu` [ RunTime:0.0054s ]
SQL: SELECT * FROM `mall_menu` WHERE `status` <> -1 AND `type` = 1 ORDER BY listorder desc,menu_id   [ RunTime:0.0006s ]
NOTIC: [8] Undefined index: a D:\wamp\www\Application\Common\Common\function.php 第 37 行.
NOTIC: [8] Undefined index: a D:\wamp\www\Application\Common\Common\function.php 第 37 行.
NOTIC: [8] Undefined index: a D:\wamp\www\Application\Common\Common\function.php 第 37 行.
NOTIC: [8] Undefined index: a D:\wamp\www\Application\Common\Common\function.php 第 37 行.
NOTIC: [8] Undefined index: a D:\wamp\www\Application\Common\Common\function.php 第 37 行.
NOTIC: [8] Undefined variable: products D:\wamp\www\Application\Runtime\Cache\Admin\8b641081e7ea680aaaea87475742484f.php 第 84 行.
NOTIC: [8] Undefined variable: products D:\wamp\www\Application\Runtime\Cache\Admin\8b641081e7ea680aaaea87475742484f.php 第 89 行.
INFO: Run Behavior\ParseTemplateBehavior [ RunTime:0.070632s ]
INFO: [ view_parse ] --END-- [ RunTime:0.070799s ]
INFO: [ view_filter ] --START--
INFO: Run Behavior\WriteHtmlCacheBehavior [ RunTime:0.000578s ]
INFO: [ view_filter ] --END-- [ RunTime:0.000749s ]
INFO: [ app_end ] --START--
INFO: Run Behavior\ShowPageTraceBehavior [ RunTime:0.000858s ]
INFO: [ app_end ] --END-- [ RunTime:0.001032s ]

[ 2016-08-17T00:38:39+08:00 ] 127.0.0.1 /index.php/Admin/Product/
INFO: [ app_init ] --START--
INFO: Run Behavior\BuildLiteBehavior [ RunTime:0.000051s ]
INFO: [ app_init ] --END-- [ RunTime:0.000815s ]
INFO: [ app_begin ] --START--
INFO: Run Behavior\ReadHtmlCacheBehavior [ RunTime:0.001044s ]
INFO: [ app_begin ] --END-- [ RunTime:0.001260s ]
NOTIC: [2048] Declaration of Admin\Controller\ProductController::setStatus() should be compatible with Admin\Controller\CommonController::setStatus($data, $models) D:\wamp\www\Application\Admin\Controller\ProductController.class.php 第 4 行.
SQL: SHOW COLUMNS FROM `mall_class` [ RunTime:0.0040s ]
SQL: SELECT * FROM `mall_class` WHERE `status` = 1 AND `partent_id` = 0 ORDER BY listorder desc,class_id   [ RunTime:0.0004s ]
SQL: SHOW COLUMNS FROM `mall_product` [ RunTime:0.0037s ]
SQL: SELECT COUNT(*) AS tp_count FROM `mall_product` WHERE ( status!=-1 ) LIMIT 1   [ RunTime:0.0003s ]
SQL: SELECT * FROM `mall_product` WHERE ( status!=-1 ) ORDER BY create_time desc LIMIT 0,5   [ RunTime:0.0004s ]
SQL: SHOW COLUMNS FROM `mall_class` [ RunTime:0.0040s ]
SQL: SELECT * FROM `mall_class` WHERE ( 1=1 AND class_id='58' ) LIMIT 1   [ RunTime:0.0004s ]
SQL: SELECT * FROM `mall_class` WHERE ( 1=1 AND class_id='64' ) LIMIT 1   [ RunTime:0.0003s ]
SQL: SELECT * FROM `mall_class` WHERE ( 1=1 AND class_id='65' ) LIMIT 1   [ RunTime:0.0002s ]
SQL: SELECT * FROM `mall_class` WHERE ( 1=1 AND class_id='67' ) LIMIT 1   [ RunTime:0.0002s ]
SQL: SELECT * FROM `mall_class` WHERE ( 1=1 AND class_id='61' ) LIMIT 1   [ RunTime:0.0002s ]
INFO: [ view_parse ] --START--
INFO: [ template_filter ] --START--
INFO: Run Behavior\ContentReplaceBehavior [ RunTime:0.000113s ]
INFO: [ template_filter ] --END-- [ RunTime:0.000258s ]
NOTIC: [2048] Declaration of Common\Model\MenuModel::find() should be compatible with Think\Model::find($options = Array) D:\wamp\www\Application\Common\Model\MenuModel.class.php 第 69 行.
SQL: SHOW COLUMNS FROM `mall_menu` [ RunTime:0.0039s ]
SQL: SELECT * FROM `mall_menu` WHERE `status` <> -1 AND `type` = 1 ORDER BY listorder desc,menu_id   [ RunTime:0.0004s ]
NOTIC: [8] Undefined index: a D:\wamp\www\Application\Common\Common\function.php 第 37 行.
NOTIC: [8] Undefined index: a D:\wamp\www\Application\Common\Common\function.php 第 37 行.
NOTIC: [8] Undefined index: a D:\wamp\www\Application\Common\Common\function.php 第 37 行.
NOTIC: [8] Undefined index: a D:\wamp\www\Application\Common\Common\function.php 第 37 行.
NOTIC: [8] Undefined index: a D:\wamp\www\Application\Common\Common\function.php 第 37 行.
NOTIC: [8] Undefined index: class D:\wamp\www\Application\Runtime\Cache\Admin\34e4b095905075aaede5ee9039415509.php 第 165 行.
NOTIC: [8] Undefined index: class D:\wamp\www\Application\Runtime\Cache\Admin\34e4b095905075aaede5ee9039415509.php 第 165 行.
NOTIC: [8] Undefined index: class D:\wamp\www\Application\Runtime\Cache\Admin\34e4b095905075aaede5ee9039415509.php 第 165 行.
NOTIC: [8] Undefined index: class D:\wamp\www\Application\Runtime\Cache\Admin\34e4b095905075aaede5ee9039415509.php 第 165 行.
NOTIC: [8] Undefined index: class D:\wamp\www\Application\Runtime\Cache\Admin\34e4b095905075aaede5ee9039415509.php 第 165 行.
INFO: Run Behavior\ParseTemplateBehavior [ RunTime:0.024135s ]
INFO: [ view_parse ] --END-- [ RunTime:0.024267s ]
INFO: [ view_filter ] --START--
INFO: Run Behavior\WriteHtmlCacheBehavior [ RunTime:0.000517s ]
INFO: [ view_filter ] --END-- [ RunTime:0.000645s ]
INFO: [ app_end ] --START--
INFO: Run Behavior\ShowPageTraceBehavior [ RunTime:0.000848s ]
INFO: [ app_end ] --END-- [ RunTime:0.000988s ]

