[ 2016-08-16T21:57:45+08:00 ] 127.0.0.1 /index.php/admin/
INFO: [ app_init ] --START--
INFO: Run Behavior\BuildLiteBehavior [ RunTime:0.000035s ]
INFO: [ app_init ] --END-- [ RunTime:0.000666s ]
INFO: [ app_begin ] --START--
INFO: Run Behavior\ReadHtmlCacheBehavior [ RunTime:0.000757s ]
INFO: [ app_begin ] --END-- [ RunTime:0.000914s ]

[ 2016-08-16T21:57:45+08:00 ] 127.0.0.1 /index.php/Admin/login/index.html
INFO: [ app_init ] --START--
INFO: Run Behavior\BuildLiteBehavior [ RunTime:0.000037s ]
INFO: [ app_init ] --END-- [ RunTime:0.000581s ]
INFO: [ app_begin ] --START--
INFO: Run Behavior\ReadHtmlCacheBehavior [ RunTime:0.000604s ]
INFO: [ app_begin ] --END-- [ RunTime:0.000760s ]
INFO: [ view_parse ] --START--
INFO: [ template_filter ] --START--
INFO: Run Behavior\ContentReplaceBehavior [ RunTime:0.000117s ]
INFO: [ template_filter ] --END-- [ RunTime:0.000263s ]
INFO: Run Behavior\ParseTemplateBehavior [ RunTime:0.014639s ]
INFO: [ view_parse ] --END-- [ RunTime:0.014851s ]
INFO: [ view_filter ] --START--
INFO: Run Behavior\WriteHtmlCacheBehavior [ RunTime:0.000528s ]
INFO: [ view_filter ] --END-- [ RunTime:0.000647s ]
INFO: [ app_end ] --START--
INFO: Run Behavior\ShowPageTraceBehavior [ RunTime:0.000696s ]
INFO: [ app_end ] --END-- [ RunTime:0.000820s ]

[ 2016-08-16T21:57:48+08:00 ] 127.0.0.1 /index.php/Admin/login/check
INFO: [ app_init ] --START--
INFO: Run Behavior\BuildLiteBehavior [ RunTime:0.000041s ]
INFO: [ app_init ] --END-- [ RunTime:0.000751s ]
INFO: [ app_begin ] --START--
INFO: Run Behavior\ReadHtmlCacheBehavior [ RunTime:0.000930s ]
INFO: [ app_begin ] --END-- [ RunTime:0.001093s ]
SQL: SHOW COLUMNS FROM `mall_admin` [ RunTime:0.0715s ]
SQL: SELECT * FROM `mall_admin` WHERE ( username="admin" ) LIMIT 1   [ RunTime:0.0003s ]
SQL: UPDATE `mall_admin` SET `lastlogintime`='1471355868' WHERE ( admin_id=1 ) [ RunTime:0.0761s ]

[ 2016-08-16T21:57:50+08:00 ] 127.0.0.1 /index.php/Admin/index
INFO: [ app_init ] --START--
INFO: Run Behavior\BuildLiteBehavior [ RunTime:0.000041s ]
INFO: [ app_init ] --END-- [ RunTime:0.000700s ]
INFO: [ app_begin ] --START--
INFO: Run Behavior\ReadHtmlCacheBehavior [ RunTime:0.000801s ]
INFO: [ app_begin ] --END-- [ RunTime:0.000999s ]
INFO: [ view_parse ] --START--
INFO: [ template_filter ] --START--
INFO: Run Behavior\ContentReplaceBehavior [ RunTime:0.000108s ]
INFO: [ template_filter ] --END-- [ RunTime:0.000249s ]
NOTIC: [2048] Declaration of Common\Model\MenuModel::find() should be compatible with Think\Model::find($options = Array) D:\wamp\www\Application\Common\Model\MenuModel.class.php 第 8 行.
SQL: SHOW COLUMNS FROM `mall_menu` [ RunTime:0.0719s ]
SQL: SELECT * FROM `mall_menu` WHERE `status` <> -1 AND `type` = 1 ORDER BY listorder desc,menu_id   [ RunTime:0.0012s ]
NOTIC: [8] Undefined index: a D:\wamp\www\Application\Common\Common\function.php 第 37 行.
NOTIC: [8] Undefined index: a D:\wamp\www\Application\Common\Common\function.php 第 37 行.
NOTIC: [8] Undefined index: a D:\wamp\www\Application\Common\Common\function.php 第 37 行.
NOTIC: [8] Undefined index: a D:\wamp\www\Application\Common\Common\function.php 第 37 行.
NOTIC: [8] Undefined index: a D:\wamp\www\Application\Common\Common\function.php 第 37 行.
INFO: Run Behavior\ParseTemplateBehavior [ RunTime:0.122322s ]
INFO: [ view_parse ] --END-- [ RunTime:0.122640s ]
INFO: [ view_filter ] --START--
INFO: Run Behavior\WriteHtmlCacheBehavior [ RunTime:0.001461s ]
INFO: [ view_filter ] --END-- [ RunTime:0.002044s ]
INFO: [ app_end ] --START--
INFO: Run Behavior\ShowPageTraceBehavior [ RunTime:0.002112s ]
INFO: [ app_end ] --END-- [ RunTime:0.002591s ]

[ 2016-08-16T21:57:51+08:00 ] 127.0.0.1 /index.php/admin/product
INFO: [ app_init ] --START--
INFO: Run Behavior\BuildLiteBehavior [ RunTime:0.000036s ]
INFO: [ app_init ] --END-- [ RunTime:0.000667s ]
INFO: [ app_begin ] --START--
INFO: Run Behavior\ReadHtmlCacheBehavior [ RunTime:0.000883s ]
INFO: [ app_begin ] --END-- [ RunTime:0.001057s ]
NOTIC: [2048] Declaration of Admin\Controller\ProductController::setStatus() should be compatible with Admin\Controller\CommonController::setStatus($data, $models) D:\wamp\www\Application\Admin\Controller\ProductController.class.php 第 4 行.
SQL: SHOW COLUMNS FROM `mall_class` [ RunTime:0.0048s ]
SQL: SELECT * FROM `mall_class` WHERE `status` = 1 AND `partent_id` = 0 ORDER BY listorder desc,class_id   [ RunTime:0.0005s ]
SQL: SHOW COLUMNS FROM `mall_product` [ RunTime:0.0259s ]
SQL: SELECT COUNT(*) AS tp_count FROM `mall_product` WHERE ( status!=-1 ) LIMIT 1   [ RunTime:0.0004s ]
SQL: SELECT * FROM `mall_product` WHERE ( status!=-1 ) ORDER BY create_time desc LIMIT 0,5   [ RunTime:0.0006s ]
SQL: SHOW COLUMNS FROM `mall_class` [ RunTime:0.0436s ]
SQL: SELECT * FROM `mall_class` WHERE ( 1=1 AND class_id='58' ) LIMIT 1   [ RunTime:0.0004s ]
SQL: SELECT * FROM `mall_class` WHERE ( 1=1 AND class_id='64' ) LIMIT 1   [ RunTime:0.0003s ]
SQL: SELECT * FROM `mall_class` WHERE ( 1=1 AND class_id='65' ) LIMIT 1   [ RunTime:0.0002s ]
SQL: SELECT * FROM `mall_class` WHERE ( 1=1 AND class_id='67' ) LIMIT 1   [ RunTime:0.0002s ]
SQL: SELECT * FROM `mall_class` WHERE ( 1=1 AND class_id='61' ) LIMIT 1   [ RunTime:0.0002s ]
INFO: [ view_parse ] --START--
INFO: [ template_filter ] --START--
INFO: Run Behavior\ContentReplaceBehavior [ RunTime:0.000121s ]
INFO: [ template_filter ] --END-- [ RunTime:0.000269s ]
NOTIC: [2048] Declaration of Common\Model\MenuModel::find() should be compatible with Think\Model::find($options = Array) D:\wamp\www\Application\Common\Model\MenuModel.class.php 第 69 行.
SQL: SHOW COLUMNS FROM `mall_menu` [ RunTime:0.0047s ]
SQL: SELECT * FROM `mall_menu` WHERE `status` <> -1 AND `type` = 1 ORDER BY listorder desc,menu_id   [ RunTime:0.0004s ]
NOTIC: [8] Undefined index: a D:\wamp\www\Application\Common\Common\function.php 第 37 行.
NOTIC: [8] Undefined index: a D:\wamp\www\Application\Common\Common\function.php 第 37 行.
NOTIC: [8] Undefined index: a D:\wamp\www\Application\Common\Common\function.php 第 37 行.
NOTIC: [8] Undefined index: a D:\wamp\www\Application\Common\Common\function.php 第 37 行.
NOTIC: [8] Undefined index: a D:\wamp\www\Application\Common\Common\function.php 第 37 行.
NOTIC: [8] Undefined index: class D:\wamp\www\Application\Runtime\Cache\Admin\34e4b095905075aaede5ee9039415509.php 第 165 行.
NOTIC: [8] Undefined index: class D:\wamp\www\Application\Runtime\Cache\Admin\34e4b095905075aaede5ee9039415509.php 第 165 行.
NOTIC: [8] Undefined index: class D:\wamp\www\Application\Runtime\Cache\Admin\34e4b095905075aaede5ee9039415509.php 第 165 行.
NOTIC: [8] Undefined index: class D:\wamp\www\Application\Runtime\Cache\Admin\34e4b095905075aaede5ee9039415509.php 第 165 行.
NOTIC: [8] Undefined index: class D:\wamp\www\Application\Runtime\Cache\Admin\34e4b095905075aaede5ee9039415509.php 第 165 行.
INFO: Run Behavior\ParseTemplateBehavior [ RunTime:0.033530s ]
INFO: [ view_parse ] --END-- [ RunTime:0.033663s ]
INFO: [ view_filter ] --START--
INFO: Run Behavior\WriteHtmlCacheBehavior [ RunTime:0.000544s ]
INFO: [ view_filter ] --END-- [ RunTime:0.000671s ]
INFO: [ app_end ] --START--
INFO: Run Behavior\ShowPageTraceBehavior [ RunTime:0.000688s ]
INFO: [ app_end ] --END-- [ RunTime:0.000814s ]

[ 2016-08-16T21:58:01+08:00 ] 127.0.0.1 /index.php/Admin/Product/index/p/2.html
INFO: [ app_init ] --START--
INFO: Run Behavior\BuildLiteBehavior [ RunTime:0.000031s ]
INFO: [ app_init ] --END-- [ RunTime:0.000576s ]
INFO: [ app_begin ] --START--
INFO: Run Behavior\ReadHtmlCacheBehavior [ RunTime:0.000636s ]
INFO: [ app_begin ] --END-- [ RunTime:0.000780s ]
NOTIC: [2048] Declaration of Admin\Controller\ProductController::setStatus() should be compatible with Admin\Controller\CommonController::setStatus($data, $models) D:\wamp\www\Application\Admin\Controller\ProductController.class.php 第 4 行.
SQL: SHOW COLUMNS FROM `mall_class` [ RunTime:0.0040s ]
SQL: SELECT * FROM `mall_class` WHERE `status` = 1 AND `partent_id` = 0 ORDER BY listorder desc,class_id   [ RunTime:0.0006s ]
SQL: SHOW COLUMNS FROM `mall_product` [ RunTime:0.0068s ]
SQL: SELECT COUNT(*) AS tp_count FROM `mall_product` WHERE ( status!=-1 ) LIMIT 1   [ RunTime:0.0003s ]
SQL: SELECT * FROM `mall_product` WHERE ( status!=-1 ) ORDER BY create_time desc LIMIT 5,5   [ RunTime:0.0004s ]
SQL: SHOW COLUMNS FROM `mall_class` [ RunTime:0.0036s ]
SQL: SELECT * FROM `mall_class` WHERE ( 1=1 AND class_id='80' ) LIMIT 1   [ RunTime:0.0003s ]
SQL: SELECT * FROM `mall_class` WHERE ( 1=1 AND class_id='79' ) LIMIT 1   [ RunTime:0.0003s ]
SQL: SELECT * FROM `mall_class` WHERE ( 1=1 AND class_id='76' ) LIMIT 1   [ RunTime:0.0002s ]
SQL: SELECT * FROM `mall_class` WHERE ( 1=1 AND class_id='77' ) LIMIT 1   [ RunTime:0.0003s ]
SQL: SELECT * FROM `mall_class` WHERE ( 1=1 AND class_id='90' ) LIMIT 1   [ RunTime:0.0002s ]
INFO: [ view_parse ] --START--
INFO: [ template_filter ] --START--
INFO: Run Behavior\ContentReplaceBehavior [ RunTime:0.000164s ]
INFO: [ template_filter ] --END-- [ RunTime:0.000319s ]
NOTIC: [2048] Declaration of Common\Model\MenuModel::find() should be compatible with Think\Model::find($options = Array) D:\wamp\www\Application\Common\Model\MenuModel.class.php 第 69 行.
SQL: SHOW COLUMNS FROM `mall_menu` [ RunTime:0.0038s ]
SQL: SELECT * FROM `mall_menu` WHERE `status` <> -1 AND `type` = 1 ORDER BY listorder desc,menu_id   [ RunTime:0.0004s ]
NOTIC: [8] Undefined index: a D:\wamp\www\Application\Common\Common\function.php 第 37 行.
NOTIC: [8] Undefined index: a D:\wamp\www\Application\Common\Common\function.php 第 37 行.
NOTIC: [8] Undefined index: a D:\wamp\www\Application\Common\Common\function.php 第 37 行.
NOTIC: [8] Undefined index: a D:\wamp\www\Application\Common\Common\function.php 第 37 行.
NOTIC: [8] Undefined index: a D:\wamp\www\Application\Common\Common\function.php 第 37 行.
NOTIC: [8] Undefined index: class D:\wamp\www\Application\Runtime\Cache\Admin\34e4b095905075aaede5ee9039415509.php 第 165 行.
NOTIC: [8] Undefined index: class D:\wamp\www\Application\Runtime\Cache\Admin\34e4b095905075aaede5ee9039415509.php 第 165 行.
NOTIC: [8] Undefined index: class D:\wamp\www\Application\Runtime\Cache\Admin\34e4b095905075aaede5ee9039415509.php 第 165 行.
NOTIC: [8] Undefined index: class D:\wamp\www\Application\Runtime\Cache\Admin\34e4b095905075aaede5ee9039415509.php 第 165 行.
NOTIC: [8] Undefined index: class D:\wamp\www\Application\Runtime\Cache\Admin\34e4b095905075aaede5ee9039415509.php 第 165 行.
INFO: Run Behavior\ParseTemplateBehavior [ RunTime:0.024496s ]
INFO: [ view_parse ] --END-- [ RunTime:0.024638s ]
INFO: [ view_filter ] --START--
INFO: Run Behavior\WriteHtmlCacheBehavior [ RunTime:0.000431s ]
INFO: [ view_filter ] --END-- [ RunTime:0.000571s ]
INFO: [ app_end ] --START--
INFO: Run Behavior\ShowPageTraceBehavior [ RunTime:0.000622s ]
INFO: [ app_end ] --END-- [ RunTime:0.000762s ]

[ 2016-08-16T21:58:03+08:00 ] 127.0.0.1 /index.php/Admin/Product/index/p/3.html
INFO: [ app_init ] --START--
INFO: Run Behavior\BuildLiteBehavior [ RunTime:0.000048s ]
INFO: [ app_init ] --END-- [ RunTime:0.000812s ]
INFO: [ app_begin ] --START--
INFO: Run Behavior\ReadHtmlCacheBehavior [ RunTime:0.000623s ]
INFO: [ app_begin ] --END-- [ RunTime:0.000768s ]
NOTIC: [2048] Declaration of Admin\Controller\ProductController::setStatus() should be compatible with Admin\Controller\CommonController::setStatus($data, $models) D:\wamp\www\Application\Admin\Controller\ProductController.class.php 第 4 行.
SQL: SHOW COLUMNS FROM `mall_class` [ RunTime:0.0042s ]
SQL: SELECT * FROM `mall_class` WHERE `status` = 1 AND `partent_id` = 0 ORDER BY listorder desc,class_id   [ RunTime:0.0004s ]
SQL: SHOW COLUMNS FROM `mall_product` [ RunTime:0.0286s ]
SQL: SELECT COUNT(*) AS tp_count FROM `mall_product` WHERE ( status!=-1 ) LIMIT 1   [ RunTime:0.0004s ]
SQL: SELECT * FROM `mall_product` WHERE ( status!=-1 ) ORDER BY create_time desc LIMIT 10,5   [ RunTime:0.0004s ]
SQL: SHOW COLUMNS FROM `mall_class` [ RunTime:0.0131s ]
SQL: SELECT * FROM `mall_class` WHERE ( 1=1 AND class_id='90' ) LIMIT 1   [ RunTime:0.0003s ]
SQL: SELECT * FROM `mall_class` WHERE ( 1=1 AND class_id='87' ) LIMIT 1   [ RunTime:0.0003s ]
SQL: SELECT * FROM `mall_class` WHERE ( 1=1 AND class_id='91' ) LIMIT 1   [ RunTime:0.0003s ]
SQL: SELECT * FROM `mall_class` WHERE ( 1=1 AND class_id='94' ) LIMIT 1   [ RunTime:0.0002s ]
SQL: SELECT * FROM `mall_class` WHERE ( 1=1 AND class_id='93' ) LIMIT 1   [ RunTime:0.0002s ]
INFO: [ view_parse ] --START--
INFO: [ template_filter ] --START--
INFO: Run Behavior\ContentReplaceBehavior [ RunTime:0.000127s ]
INFO: [ template_filter ] --END-- [ RunTime:0.000281s ]
NOTIC: [2048] Declaration of Common\Model\MenuModel::find() should be compatible with Think\Model::find($options = Array) D:\wamp\www\Application\Common\Model\MenuModel.class.php 第 69 行.
SQL: SHOW COLUMNS FROM `mall_menu` [ RunTime:0.0042s ]
SQL: SELECT * FROM `mall_menu` WHERE `status` <> -1 AND `type` = 1 ORDER BY listorder desc,menu_id   [ RunTime:0.0004s ]
NOTIC: [8] Undefined index: a D:\wamp\www\Application\Common\Common\function.php 第 37 行.
NOTIC: [8] Undefined index: a D:\wamp\www\Application\Common\Common\function.php 第 37 行.
NOTIC: [8] Undefined index: a D:\wamp\www\Application\Common\Common\function.php 第 37 行.
NOTIC: [8] Undefined index: a D:\wamp\www\Application\Common\Common\function.php 第 37 行.
NOTIC: [8] Undefined index: a D:\wamp\www\Application\Common\Common\function.php 第 37 行.
NOTIC: [8] Undefined index: class D:\wamp\www\Application\Runtime\Cache\Admin\34e4b095905075aaede5ee9039415509.php 第 165 行.
NOTIC: [8] Undefined index: class D:\wamp\www\Application\Runtime\Cache\Admin\34e4b095905075aaede5ee9039415509.php 第 165 行.
NOTIC: [8] Undefined index: class D:\wamp\www\Application\Runtime\Cache\Admin\34e4b095905075aaede5ee9039415509.php 第 165 行.
NOTIC: [8] Undefined index: class D:\wamp\www\Application\Runtime\Cache\Admin\34e4b095905075aaede5ee9039415509.php 第 165 行.
NOTIC: [8] Undefined index: class D:\wamp\www\Application\Runtime\Cache\Admin\34e4b095905075aaede5ee9039415509.php 第 165 行.
INFO: Run Behavior\ParseTemplateBehavior [ RunTime:0.024987s ]
INFO: [ view_parse ] --END-- [ RunTime:0.025127s ]
INFO: [ view_filter ] --START--
INFO: Run Behavior\WriteHtmlCacheBehavior [ RunTime:0.000485s ]
INFO: [ view_filter ] --END-- [ RunTime:0.000631s ]
INFO: [ app_end ] --START--
INFO: Run Behavior\ShowPageTraceBehavior [ RunTime:0.000671s ]
INFO: [ app_end ] --END-- [ RunTime:0.000817s ]

[ 2016-08-16T21:58:05+08:00 ] 127.0.0.1 /index.php/Admin/Product/index/p/4.html
INFO: [ app_init ] --START--
INFO: Run Behavior\BuildLiteBehavior [ RunTime:0.000034s ]
INFO: [ app_init ] --END-- [ RunTime:0.000541s ]
INFO: [ app_begin ] --START--
INFO: Run Behavior\ReadHtmlCacheBehavior [ RunTime:0.000627s ]
INFO: [ app_begin ] --END-- [ RunTime:0.000786s ]
NOTIC: [2048] Declaration of Admin\Controller\ProductController::setStatus() should be compatible with Admin\Controller\CommonController::setStatus($data, $models) D:\wamp\www\Application\Admin\Controller\ProductController.class.php 第 4 行.
SQL: SHOW COLUMNS FROM `mall_class` [ RunTime:0.0040s ]
SQL: SELECT * FROM `mall_class` WHERE `status` = 1 AND `partent_id` = 0 ORDER BY listorder desc,class_id   [ RunTime:0.0004s ]
SQL: SHOW COLUMNS FROM `mall_product` [ RunTime:0.0040s ]
SQL: SELECT COUNT(*) AS tp_count FROM `mall_product` WHERE ( status!=-1 ) LIMIT 1   [ RunTime:0.0003s ]
SQL: SELECT * FROM `mall_product` WHERE ( status!=-1 ) ORDER BY create_time desc LIMIT 15,5   [ RunTime:0.0005s ]
SQL: SHOW COLUMNS FROM `mall_class` [ RunTime:0.0037s ]
SQL: SELECT * FROM `mall_class` WHERE ( 1=1 AND class_id='95' ) LIMIT 1   [ RunTime:0.0003s ]
SQL: SELECT * FROM `mall_class` WHERE ( 1=1 AND class_id='92' ) LIMIT 1   [ RunTime:0.0002s ]
SQL: SELECT * FROM `mall_class` WHERE ( 1=1 AND class_id='100' ) LIMIT 1   [ RunTime:0.0002s ]
SQL: SELECT * FROM `mall_class` WHERE ( 1=1 AND class_id='104' ) LIMIT 1   [ RunTime:0.0002s ]
SQL: SELECT * FROM `mall_class` WHERE ( 1=1 AND class_id='102' ) LIMIT 1   [ RunTime:0.0002s ]
INFO: [ view_parse ] --START--
INFO: [ template_filter ] --START--
INFO: Run Behavior\ContentReplaceBehavior [ RunTime:0.000117s ]
INFO: [ template_filter ] --END-- [ RunTime:0.000262s ]
NOTIC: [2048] Declaration of Common\Model\MenuModel::find() should be compatible with Think\Model::find($options = Array) D:\wamp\www\Application\Common\Model\MenuModel.class.php 第 69 行.
SQL: SHOW COLUMNS FROM `mall_menu` [ RunTime:0.0042s ]
SQL: SELECT * FROM `mall_menu` WHERE `status` <> -1 AND `type` = 1 ORDER BY listorder desc,menu_id   [ RunTime:0.0004s ]
NOTIC: [8] Undefined index: a D:\wamp\www\Application\Common\Common\function.php 第 37 行.
NOTIC: [8] Undefined index: a D:\wamp\www\Application\Common\Common\function.php 第 37 行.
NOTIC: [8] Undefined index: a D:\wamp\www\Application\Common\Common\function.php 第 37 行.
NOTIC: [8] Undefined index: a D:\wamp\www\Application\Common\Common\function.php 第 37 行.
NOTIC: [8] Undefined index: a D:\wamp\www\Application\Common\Common\function.php 第 37 行.
NOTIC: [8] Undefined index: class D:\wamp\www\Application\Runtime\Cache\Admin\34e4b095905075aaede5ee9039415509.php 第 165 行.
NOTIC: [8] Undefined index: class D:\wamp\www\Application\Runtime\Cache\Admin\34e4b095905075aaede5ee9039415509.php 第 165 行.
NOTIC: [8] Undefined index: class D:\wamp\www\Application\Runtime\Cache\Admin\34e4b095905075aaede5ee9039415509.php 第 165 行.
NOTIC: [8] Undefined index: class D:\wamp\www\Application\Runtime\Cache\Admin\34e4b095905075aaede5ee9039415509.php 第 165 行.
NOTIC: [8] Undefined index: class D:\wamp\www\Application\Runtime\Cache\Admin\34e4b095905075aaede5ee9039415509.php 第 165 行.
INFO: Run Behavior\ParseTemplateBehavior [ RunTime:0.024717s ]
INFO: [ view_parse ] --END-- [ RunTime:0.024857s ]
INFO: [ view_filter ] --START--
INFO: Run Behavior\WriteHtmlCacheBehavior [ RunTime:0.000450s ]
INFO: [ view_filter ] --END-- [ RunTime:0.000623s ]
INFO: [ app_end ] --START--
INFO: Run Behavior\ShowPageTraceBehavior [ RunTime:0.000602s ]
INFO: [ app_end ] --END-- [ RunTime:0.000737s ]

