[ 2016-09-05T16:39:33+08:00 ] ::1 /index.php/Admin
INFO: [ app_init ] --START--
INFO: Run Behavior\BuildLiteBehavior [ RunTime:0.000043s ]
INFO: [ app_init ] --END-- [ RunTime:0.000799s ]
INFO: [ app_begin ] --START--
INFO: Run Behavior\ReadHtmlCacheBehavior [ RunTime:0.000967s ]
INFO: [ app_begin ] --END-- [ RunTime:0.001173s ]

[ 2016-09-05T16:39:33+08:00 ] ::1 /index.php/Admin/login/index.html
INFO: [ app_init ] --START--
INFO: Run Behavior\BuildLiteBehavior [ RunTime:0.000039s ]
INFO: [ app_init ] --END-- [ RunTime:0.000702s ]
INFO: [ app_begin ] --START--
INFO: Run Behavior\ReadHtmlCacheBehavior [ RunTime:0.000839s ]
INFO: [ app_begin ] --END-- [ RunTime:0.001055s ]
INFO: [ view_parse ] --START--
INFO: [ template_filter ] --START--
INFO: Run Behavior\ContentReplaceBehavior [ RunTime:0.000270s ]
INFO: [ template_filter ] --END-- [ RunTime:0.000654s ]
INFO: Run Behavior\ParseTemplateBehavior [ RunTime:0.044987s ]
INFO: [ view_parse ] --END-- [ RunTime:0.045350s ]
INFO: [ view_filter ] --START--
INFO: Run Behavior\WriteHtmlCacheBehavior [ RunTime:0.001154s ]
INFO: [ view_filter ] --END-- [ RunTime:0.001484s ]
INFO: [ app_end ] --START--
INFO: Run Behavior\ShowPageTraceBehavior [ RunTime:0.001701s ]
INFO: [ app_end ] --END-- [ RunTime:0.002046s ]

[ 2016-09-05T16:39:38+08:00 ] ::1 /index.php/Admin/login/check
INFO: [ app_init ] --START--
INFO: Run Behavior\BuildLiteBehavior [ RunTime:0.000044s ]
INFO: [ app_init ] --END-- [ RunTime:0.000805s ]
INFO: [ app_begin ] --START--
INFO: Run Behavior\ReadHtmlCacheBehavior [ RunTime:0.000760s ]
INFO: [ app_begin ] --END-- [ RunTime:0.000897s ]
SQL: SHOW COLUMNS FROM `mall_admin` [ RunTime:0.0943s ]
SQL: SELECT * FROM `mall_admin` WHERE ( username="admin" ) LIMIT 1   [ RunTime:0.0004s ]
SQL: UPDATE `mall_admin` SET `lastlogintime`='1473064778' WHERE ( admin_id=1 ) [ RunTime:0.0645s ]

[ 2016-09-05T16:39:39+08:00 ] ::1 /index.php/Admin/index
INFO: [ app_init ] --START--
INFO: Run Behavior\BuildLiteBehavior [ RunTime:0.000044s ]
INFO: [ app_init ] --END-- [ RunTime:0.000777s ]
INFO: [ app_begin ] --START--
INFO: Run Behavior\ReadHtmlCacheBehavior [ RunTime:0.000834s ]
INFO: [ app_begin ] --END-- [ RunTime:0.001043s ]
INFO: [ view_parse ] --START--
INFO: [ template_filter ] --START--
INFO: Run Behavior\ContentReplaceBehavior [ RunTime:0.000165s ]
INFO: [ template_filter ] --END-- [ RunTime:0.000307s ]
NOTIC: [2048] Declaration of Common\Model\MenuModel::find() should be compatible with Think\Model::find($options = Array) D:\wamp\www\Application\Common\Model\MenuModel.class.php 第 8 行.
SQL: SHOW COLUMNS FROM `mall_menu` [ RunTime:0.1232s ]
SQL: SELECT * FROM `mall_menu` WHERE `status` <> -1 AND `type` = 1 ORDER BY listorder desc,menu_id   [ RunTime:0.0005s ]
NOTIC: [8] Undefined index: a D:\wamp\www\Application\Common\Common\function.php 第 37 行.
NOTIC: [8] Undefined index: a D:\wamp\www\Application\Common\Common\function.php 第 37 行.
NOTIC: [8] Undefined index: a D:\wamp\www\Application\Common\Common\function.php 第 37 行.
NOTIC: [8] Undefined index: a D:\wamp\www\Application\Common\Common\function.php 第 37 行.
NOTIC: [8] Undefined index: a D:\wamp\www\Application\Common\Common\function.php 第 37 行.
INFO: Run Behavior\ParseTemplateBehavior [ RunTime:0.194179s ]
INFO: [ view_parse ] --END-- [ RunTime:0.194418s ]
INFO: [ view_filter ] --START--
INFO: Run Behavior\WriteHtmlCacheBehavior [ RunTime:0.000533s ]
INFO: [ view_filter ] --END-- [ RunTime:0.000665s ]
INFO: [ app_end ] --START--
INFO: Run Behavior\ShowPageTraceBehavior [ RunTime:0.000692s ]
INFO: [ app_end ] --END-- [ RunTime:0.000826s ]

[ 2016-09-05T16:39:40+08:00 ] ::1 /index.php/admin/adminUser
INFO: [ app_init ] --START--
INFO: Run Behavior\BuildLiteBehavior [ RunTime:0.000042s ]
INFO: [ app_init ] --END-- [ RunTime:0.000793s ]
INFO: [ app_begin ] --START--
INFO: Run Behavior\ReadHtmlCacheBehavior [ RunTime:0.000993s ]
INFO: [ app_begin ] --END-- [ RunTime:0.001197s ]
NOTIC: [2048] Declaration of Admin\Controller\AdminUserController::setStatus() should be compatible with Admin\Controller\CommonController::setStatus($data, $models) D:\wamp\www\Application\Admin\Controller\AdminUserController.class.php 第 4 行.
SQL: SHOW COLUMNS FROM `mall_admin` [ RunTime:0.0042s ]
SQL: SELECT * FROM `mall_admin` WHERE `status` <> -1 ORDER BY admin_id desc  [ RunTime:0.0004s ]
INFO: [ view_parse ] --START--
INFO: [ template_filter ] --START--
INFO: Run Behavior\ContentReplaceBehavior [ RunTime:0.000152s ]
INFO: [ template_filter ] --END-- [ RunTime:0.000367s ]
NOTIC: [2048] Declaration of Common\Model\MenuModel::find() should be compatible with Think\Model::find($options = Array) D:\wamp\www\Application\Common\Model\MenuModel.class.php 第 69 行.
SQL: SHOW COLUMNS FROM `mall_menu` [ RunTime:0.0033s ]
SQL: SELECT * FROM `mall_menu` WHERE `status` <> -1 AND `type` = 1 ORDER BY listorder desc,menu_id   [ RunTime:0.0005s ]
NOTIC: [8] Undefined index: a D:\wamp\www\Application\Common\Common\function.php 第 37 行.
NOTIC: [8] Undefined index: a D:\wamp\www\Application\Common\Common\function.php 第 37 行.
NOTIC: [8] Undefined index: a D:\wamp\www\Application\Common\Common\function.php 第 37 行.
NOTIC: [8] Undefined index: a D:\wamp\www\Application\Common\Common\function.php 第 37 行.
NOTIC: [8] Undefined index: a D:\wamp\www\Application\Common\Common\function.php 第 37 行.
INFO: Run Behavior\ParseTemplateBehavior [ RunTime:0.063570s ]
INFO: [ view_parse ] --END-- [ RunTime:0.063740s ]
INFO: [ view_filter ] --START--
INFO: Run Behavior\WriteHtmlCacheBehavior [ RunTime:0.000503s ]
INFO: [ view_filter ] --END-- [ RunTime:0.000644s ]
INFO: [ app_end ] --START--
INFO: Run Behavior\ShowPageTraceBehavior [ RunTime:0.000730s ]
INFO: [ app_end ] --END-- [ RunTime:0.000869s ]

[ 2016-09-05T16:39:41+08:00 ] ::1 /index.php/admin/product
INFO: [ app_init ] --START--
INFO: Run Behavior\BuildLiteBehavior [ RunTime:0.000033s ]
INFO: [ app_init ] --END-- [ RunTime:0.000649s ]
INFO: [ app_begin ] --START--
INFO: Run Behavior\ReadHtmlCacheBehavior [ RunTime:0.000616s ]
INFO: [ app_begin ] --END-- [ RunTime:0.000780s ]
NOTIC: [2048] Declaration of Admin\Controller\ProductController::setStatus() should be compatible with Admin\Controller\CommonController::setStatus($data, $models) D:\wamp\www\Application\Admin\Controller\ProductController.class.php 第 4 行.
SQL: SHOW COLUMNS FROM `mall_class` [ RunTime:0.0032s ]
SQL: SELECT * FROM `mall_class` WHERE `status` = 1 AND `partent_id` = 0 ORDER BY listorder desc,class_id   [ RunTime:0.0005s ]
SQL: SHOW COLUMNS FROM `mall_product` [ RunTime:0.0038s ]
SQL: SELECT COUNT(*) AS tp_count FROM `mall_product` WHERE ( status!=-1 ) LIMIT 1   [ RunTime:0.0007s ]
SQL: SELECT * FROM `mall_product` WHERE ( status!=-1 ) ORDER BY id LIMIT 0,3   [ RunTime:0.0005s ]
SQL: SHOW COLUMNS FROM `mall_class` [ RunTime:0.0034s ]
SQL: SELECT * FROM `mall_class` WHERE ( 1=1 AND class_id='55' ) LIMIT 1   [ RunTime:0.0003s ]
SQL: SELECT * FROM `mall_class` WHERE ( 1=1 AND class_id='54' ) LIMIT 1   [ RunTime:0.0003s ]
SQL: SELECT * FROM `mall_class` WHERE ( 1=1 AND class_id='56' ) LIMIT 1   [ RunTime:0.0003s ]
INFO: [ view_parse ] --START--
INFO: [ template_filter ] --START--
INFO: Run Behavior\ContentReplaceBehavior [ RunTime:0.000122s ]
INFO: [ template_filter ] --END-- [ RunTime:0.000279s ]
NOTIC: [2048] Declaration of Common\Model\MenuModel::find() should be compatible with Think\Model::find($options = Array) D:\wamp\www\Application\Common\Model\MenuModel.class.php 第 69 行.
SQL: SHOW COLUMNS FROM `mall_menu` [ RunTime:0.0034s ]
SQL: SELECT * FROM `mall_menu` WHERE `status` <> -1 AND `type` = 1 ORDER BY listorder desc,menu_id   [ RunTime:0.0004s ]
NOTIC: [8] Undefined index: a D:\wamp\www\Application\Common\Common\function.php 第 37 行.
NOTIC: [8] Undefined index: a D:\wamp\www\Application\Common\Common\function.php 第 37 行.
NOTIC: [8] Undefined index: a D:\wamp\www\Application\Common\Common\function.php 第 37 行.
NOTIC: [8] Undefined index: a D:\wamp\www\Application\Common\Common\function.php 第 37 行.
NOTIC: [8] Undefined index: a D:\wamp\www\Application\Common\Common\function.php 第 37 行.
NOTIC: [8] Undefined index: class D:\wamp\www\Application\Runtime\Cache\Admin\34e4b095905075aaede5ee9039415509.php 第 164 行.
NOTIC: [8] Undefined index: class D:\wamp\www\Application\Runtime\Cache\Admin\34e4b095905075aaede5ee9039415509.php 第 164 行.
NOTIC: [8] Undefined index: class D:\wamp\www\Application\Runtime\Cache\Admin\34e4b095905075aaede5ee9039415509.php 第 164 行.
INFO: Run Behavior\ParseTemplateBehavior [ RunTime:0.070313s ]
INFO: [ view_parse ] --END-- [ RunTime:0.070451s ]
INFO: [ view_filter ] --START--
INFO: Run Behavior\WriteHtmlCacheBehavior [ RunTime:0.000489s ]
INFO: [ view_filter ] --END-- [ RunTime:0.000637s ]
INFO: [ app_end ] --START--
INFO: Run Behavior\ShowPageTraceBehavior [ RunTime:0.000738s ]
INFO: [ app_end ] --END-- [ RunTime:0.000875s ]

[ 2016-09-05T16:39:41+08:00 ] ::1 /index.php/admin/order
INFO: [ app_init ] --START--
INFO: Run Behavior\BuildLiteBehavior [ RunTime:0.000040s ]
INFO: [ app_init ] --END-- [ RunTime:0.000707s ]
INFO: [ app_begin ] --START--
INFO: Run Behavior\ReadHtmlCacheBehavior [ RunTime:0.000845s ]
INFO: [ app_begin ] --END-- [ RunTime:0.001053s ]
SQL: SHOW COLUMNS FROM `mall_order` [ RunTime:0.0043s ]
SQL: SELECT * FROM `mall_order` INNER JOIN mall_address on mall_address.address_id=mall_order.address_id  WHERE ( mall_order.status=0 )  [ RunTime:0.0006s ]
SQL: SELECT * FROM `mall_order` INNER JOIN mall_address on mall_address.address_id=mall_order.address_id  WHERE ( mall_order.status=0 ) LIMIT 0,5   [ RunTime:0.0006s ]
INFO: [ view_parse ] --START--
INFO: [ template_filter ] --START--
INFO: Run Behavior\ContentReplaceBehavior [ RunTime:0.000413s ]
INFO: [ template_filter ] --END-- [ RunTime:0.000905s ]
NOTIC: [2048] Declaration of Common\Model\MenuModel::find() should be compatible with Think\Model::find($options = Array) D:\wamp\www\Application\Common\Model\MenuModel.class.php 第 69 行.
SQL: SHOW COLUMNS FROM `mall_menu` [ RunTime:0.0063s ]
SQL: SELECT * FROM `mall_menu` WHERE `status` <> -1 AND `type` = 1 ORDER BY listorder desc,menu_id   [ RunTime:0.0006s ]
NOTIC: [8] Undefined index: a D:\wamp\www\Application\Common\Common\function.php 第 37 行.
NOTIC: [8] Undefined index: a D:\wamp\www\Application\Common\Common\function.php 第 37 行.
NOTIC: [8] Undefined index: a D:\wamp\www\Application\Common\Common\function.php 第 37 行.
NOTIC: [8] Undefined index: a D:\wamp\www\Application\Common\Common\function.php 第 37 行.
NOTIC: [8] Undefined index: a D:\wamp\www\Application\Common\Common\function.php 第 37 行.
NOTIC: [8] Undefined index: class D:\wamp\www\Application\Runtime\Cache\Admin\18bc66a7b6334412ab8e61a2539ecfbd.php 第 118 行.
NOTIC: [8] Undefined index: id D:\wamp\www\Application\Runtime\Cache\Admin\18bc66a7b6334412ab8e61a2539ecfbd.php 第 119 行.
NOTIC: [8] Undefined index: class D:\wamp\www\Application\Runtime\Cache\Admin\18bc66a7b6334412ab8e61a2539ecfbd.php 第 118 行.
NOTIC: [8] Undefined index: id D:\wamp\www\Application\Runtime\Cache\Admin\18bc66a7b6334412ab8e61a2539ecfbd.php 第 119 行.
NOTIC: [8] Undefined index: class D:\wamp\www\Application\Runtime\Cache\Admin\18bc66a7b6334412ab8e61a2539ecfbd.php 第 118 行.
NOTIC: [8] Undefined index: id D:\wamp\www\Application\Runtime\Cache\Admin\18bc66a7b6334412ab8e61a2539ecfbd.php 第 119 行.
NOTIC: [8] Undefined index: class D:\wamp\www\Application\Runtime\Cache\Admin\18bc66a7b6334412ab8e61a2539ecfbd.php 第 118 行.
NOTIC: [8] Undefined index: id D:\wamp\www\Application\Runtime\Cache\Admin\18bc66a7b6334412ab8e61a2539ecfbd.php 第 119 行.
NOTIC: [8] Undefined index: class D:\wamp\www\Application\Runtime\Cache\Admin\18bc66a7b6334412ab8e61a2539ecfbd.php 第 118 行.
NOTIC: [8] Undefined index: id D:\wamp\www\Application\Runtime\Cache\Admin\18bc66a7b6334412ab8e61a2539ecfbd.php 第 119 行.
INFO: Run Behavior\ParseTemplateBehavior [ RunTime:0.070761s ]
INFO: [ view_parse ] --END-- [ RunTime:0.070948s ]
INFO: [ view_filter ] --START--
INFO: Run Behavior\WriteHtmlCacheBehavior [ RunTime:0.000722s ]
INFO: [ view_filter ] --END-- [ RunTime:0.000907s ]
INFO: [ app_end ] --START--
INFO: Run Behavior\ShowPageTraceBehavior [ RunTime:0.000940s ]
INFO: [ app_end ] --END-- [ RunTime:0.001129s ]

[ 2016-09-05T16:39:42+08:00 ] ::1 /index.php/admin/classify
INFO: [ app_init ] --START--
INFO: Run Behavior\BuildLiteBehavior [ RunTime:0.000040s ]
INFO: [ app_init ] --END-- [ RunTime:0.000701s ]
INFO: [ app_begin ] --START--
INFO: Run Behavior\ReadHtmlCacheBehavior [ RunTime:0.000857s ]
INFO: [ app_begin ] --END-- [ RunTime:0.001058s ]
NOTIC: [2048] Declaration of Admin\Controller\ClassifyController::setStatus() should be compatible with Admin\Controller\CommonController::setStatus($data, $models) D:\wamp\www\Application\Admin\Controller\ClassifyController.class.php 第 4 行.
NOTIC: [8] Undefined index: p D:\wamp\www\Application\Admin\Controller\ClassifyController.class.php 第 9 行.
NOTIC: [8] Undefined index: pageSize D:\wamp\www\Application\Admin\Controller\ClassifyController.class.php 第 10 行.
SQL: SHOW COLUMNS FROM `mall_class` [ RunTime:0.0042s ]
NOTIC: [8] Undefined variable: data D:\wamp\www\Application\Admin\Controller\ClassifyController.class.php 第 11 行.
SQL: SELECT * FROM `mall_class` WHERE `status` <> -1 AND `partent_id` = 0 ORDER BY listorder desc,class_id  LIMIT 0,5   [ RunTime:0.0006s ]
NOTIC: [8] Undefined variable: data D:\wamp\www\Application\Admin\Controller\ClassifyController.class.php 第 12 行.
SQL: SELECT COUNT(*) AS tp_count FROM `mall_class` WHERE `status` <> -1 AND `partent_id` = 0 LIMIT 1   [ RunTime:0.0004s ]
INFO: [ view_parse ] --START--
INFO: [ template_filter ] --START--
INFO: Run Behavior\ContentReplaceBehavior [ RunTime:0.000162s ]
INFO: [ template_filter ] --END-- [ RunTime:0.000358s ]
NOTIC: [2048] Declaration of Common\Model\MenuModel::find() should be compatible with Think\Model::find($options = Array) D:\wamp\www\Application\Common\Model\MenuModel.class.php 第 69 行.
SQL: SHOW COLUMNS FROM `mall_menu` [ RunTime:0.0086s ]
SQL: SELECT * FROM `mall_menu` WHERE `status` <> -1 AND `type` = 1 ORDER BY listorder desc,menu_id   [ RunTime:0.0012s ]
NOTIC: [8] Undefined index: a D:\wamp\www\Application\Common\Common\function.php 第 37 行.
NOTIC: [8] Undefined index: a D:\wamp\www\Application\Common\Common\function.php 第 37 行.
NOTIC: [8] Undefined index: a D:\wamp\www\Application\Common\Common\function.php 第 37 行.
NOTIC: [8] Undefined index: a D:\wamp\www\Application\Common\Common\function.php 第 37 行.
NOTIC: [8] Undefined index: a D:\wamp\www\Application\Common\Common\function.php 第 37 行.
NOTIC: [8] Undefined index: class D:\wamp\www\Application\Runtime\Cache\Admin\fe561dd2baf65a5a38210c0fde9166e9.php 第 160 行.
NOTIC: [8] Undefined index: class D:\wamp\www\Application\Runtime\Cache\Admin\fe561dd2baf65a5a38210c0fde9166e9.php 第 160 行.
NOTIC: [8] Undefined index: class D:\wamp\www\Application\Runtime\Cache\Admin\fe561dd2baf65a5a38210c0fde9166e9.php 第 160 行.
NOTIC: [8] Undefined index: class D:\wamp\www\Application\Runtime\Cache\Admin\fe561dd2baf65a5a38210c0fde9166e9.php 第 160 行.
NOTIC: [8] Undefined index: class D:\wamp\www\Application\Runtime\Cache\Admin\fe561dd2baf65a5a38210c0fde9166e9.php 第 160 行.
INFO: Run Behavior\ParseTemplateBehavior [ RunTime:0.063127s ]
INFO: [ view_parse ] --END-- [ RunTime:0.063407s ]
INFO: [ view_filter ] --START--
INFO: Run Behavior\WriteHtmlCacheBehavior [ RunTime:0.001193s ]
INFO: [ view_filter ] --END-- [ RunTime:0.001592s ]
INFO: [ app_end ] --START--
INFO: Run Behavior\ShowPageTraceBehavior [ RunTime:0.002164s ]
INFO: [ app_end ] --END-- [ RunTime:0.002605s ]

[ 2016-09-05T16:39:43+08:00 ] ::1 /index.php/admin/classify
INFO: [ app_init ] --START--
INFO: Run Behavior\BuildLiteBehavior [ RunTime:0.000033s ]
INFO: [ app_init ] --END-- [ RunTime:0.000575s ]
INFO: [ app_begin ] --START--
INFO: Run Behavior\ReadHtmlCacheBehavior [ RunTime:0.000625s ]
INFO: [ app_begin ] --END-- [ RunTime:0.000777s ]
NOTIC: [2048] Declaration of Admin\Controller\ClassifyController::setStatus() should be compatible with Admin\Controller\CommonController::setStatus($data, $models) D:\wamp\www\Application\Admin\Controller\ClassifyController.class.php 第 4 行.
NOTIC: [8] Undefined index: p D:\wamp\www\Application\Admin\Controller\ClassifyController.class.php 第 9 行.
NOTIC: [8] Undefined index: pageSize D:\wamp\www\Application\Admin\Controller\ClassifyController.class.php 第 10 行.
SQL: SHOW COLUMNS FROM `mall_class` [ RunTime:0.2194s ]
NOTIC: [8] Undefined variable: data D:\wamp\www\Application\Admin\Controller\ClassifyController.class.php 第 11 行.
SQL: SELECT * FROM `mall_class` WHERE `status` <> -1 AND `partent_id` = 0 ORDER BY listorder desc,class_id  LIMIT 0,5   [ RunTime:0.0005s ]
NOTIC: [8] Undefined variable: data D:\wamp\www\Application\Admin\Controller\ClassifyController.class.php 第 12 行.
SQL: SELECT COUNT(*) AS tp_count FROM `mall_class` WHERE `status` <> -1 AND `partent_id` = 0 LIMIT 1   [ RunTime:0.0004s ]
INFO: [ view_parse ] --START--
INFO: [ template_filter ] --START--
INFO: Run Behavior\ContentReplaceBehavior [ RunTime:0.000123s ]
INFO: [ template_filter ] --END-- [ RunTime:0.000270s ]
NOTIC: [2048] Declaration of Common\Model\MenuModel::find() should be compatible with Think\Model::find($options = Array) D:\wamp\www\Application\Common\Model\MenuModel.class.php 第 69 行.
SQL: SHOW COLUMNS FROM `mall_menu` [ RunTime:0.1610s ]
SQL: SELECT * FROM `mall_menu` WHERE `status` <> -1 AND `type` = 1 ORDER BY listorder desc,menu_id   [ RunTime:0.0006s ]
NOTIC: [8] Undefined index: a D:\wamp\www\Application\Common\Common\function.php 第 37 行.
NOTIC: [8] Undefined index: a D:\wamp\www\Application\Common\Common\function.php 第 37 行.
NOTIC: [8] Undefined index: a D:\wamp\www\Application\Common\Common\function.php 第 37 行.
NOTIC: [8] Undefined index: a D:\wamp\www\Application\Common\Common\function.php 第 37 行.
NOTIC: [8] Undefined index: a D:\wamp\www\Application\Common\Common\function.php 第 37 行.
NOTIC: [8] Undefined index: class D:\wamp\www\Application\Runtime\Cache\Admin\fe561dd2baf65a5a38210c0fde9166e9.php 第 160 行.
NOTIC: [8] Undefined index: class D:\wamp\www\Application\Runtime\Cache\Admin\fe561dd2baf65a5a38210c0fde9166e9.php 第 160 行.
NOTIC: [8] Undefined index: class D:\wamp\www\Application\Runtime\Cache\Admin\fe561dd2baf65a5a38210c0fde9166e9.php 第 160 行.
NOTIC: [8] Undefined index: class D:\wamp\www\Application\Runtime\Cache\Admin\fe561dd2baf65a5a38210c0fde9166e9.php 第 160 行.
NOTIC: [8] Undefined index: class D:\wamp\www\Application\Runtime\Cache\Admin\fe561dd2baf65a5a38210c0fde9166e9.php 第 160 行.
INFO: Run Behavior\ParseTemplateBehavior [ RunTime:0.185324s ]
INFO: [ view_parse ] --END-- [ RunTime:0.185533s ]
INFO: [ view_filter ] --START--
INFO: Run Behavior\WriteHtmlCacheBehavior [ RunTime:0.000710s ]
INFO: [ view_filter ] --END-- [ RunTime:0.000953s ]
INFO: [ app_end ] --START--
INFO: Run Behavior\ShowPageTraceBehavior [ RunTime:0.000799s ]
INFO: [ app_end ] --END-- [ RunTime:0.000985s ]

[ 2016-09-05T16:39:44+08:00 ] ::1 /index.php/admin/order
INFO: [ app_init ] --START--
INFO: Run Behavior\BuildLiteBehavior [ RunTime:0.000031s ]
INFO: [ app_init ] --END-- [ RunTime:0.000576s ]
INFO: [ app_begin ] --START--
INFO: Run Behavior\ReadHtmlCacheBehavior [ RunTime:0.000588s ]
INFO: [ app_begin ] --END-- [ RunTime:0.000735s ]
SQL: SHOW COLUMNS FROM `mall_order` [ RunTime:0.0030s ]
SQL: SELECT * FROM `mall_order` INNER JOIN mall_address on mall_address.address_id=mall_order.address_id  WHERE ( mall_order.status=0 )  [ RunTime:0.0005s ]
SQL: SELECT * FROM `mall_order` INNER JOIN mall_address on mall_address.address_id=mall_order.address_id  WHERE ( mall_order.status=0 ) LIMIT 0,5   [ RunTime:0.0004s ]
INFO: [ view_parse ] --START--
INFO: [ template_filter ] --START--
INFO: Run Behavior\ContentReplaceBehavior [ RunTime:0.000115s ]
INFO: [ template_filter ] --END-- [ RunTime:0.000259s ]
NOTIC: [2048] Declaration of Common\Model\MenuModel::find() should be compatible with Think\Model::find($options = Array) D:\wamp\www\Application\Common\Model\MenuModel.class.php 第 69 行.
SQL: SHOW COLUMNS FROM `mall_menu` [ RunTime:0.0035s ]
SQL: SELECT * FROM `mall_menu` WHERE `status` <> -1 AND `type` = 1 ORDER BY listorder desc,menu_id   [ RunTime:0.0005s ]
NOTIC: [8] Undefined index: a D:\wamp\www\Application\Common\Common\function.php 第 37 行.
NOTIC: [8] Undefined index: a D:\wamp\www\Application\Common\Common\function.php 第 37 行.
NOTIC: [8] Undefined index: a D:\wamp\www\Application\Common\Common\function.php 第 37 行.
NOTIC: [8] Undefined index: a D:\wamp\www\Application\Common\Common\function.php 第 37 行.
NOTIC: [8] Undefined index: a D:\wamp\www\Application\Common\Common\function.php 第 37 行.
NOTIC: [8] Undefined index: class D:\wamp\www\Application\Runtime\Cache\Admin\18bc66a7b6334412ab8e61a2539ecfbd.php 第 118 行.
NOTIC: [8] Undefined index: id D:\wamp\www\Application\Runtime\Cache\Admin\18bc66a7b6334412ab8e61a2539ecfbd.php 第 119 行.
NOTIC: [8] Undefined index: class D:\wamp\www\Application\Runtime\Cache\Admin\18bc66a7b6334412ab8e61a2539ecfbd.php 第 118 行.
NOTIC: [8] Undefined index: id D:\wamp\www\Application\Runtime\Cache\Admin\18bc66a7b6334412ab8e61a2539ecfbd.php 第 119 行.
NOTIC: [8] Undefined index: class D:\wamp\www\Application\Runtime\Cache\Admin\18bc66a7b6334412ab8e61a2539ecfbd.php 第 118 行.
NOTIC: [8] Undefined index: id D:\wamp\www\Application\Runtime\Cache\Admin\18bc66a7b6334412ab8e61a2539ecfbd.php 第 119 行.
NOTIC: [8] Undefined index: class D:\wamp\www\Application\Runtime\Cache\Admin\18bc66a7b6334412ab8e61a2539ecfbd.php 第 118 行.
NOTIC: [8] Undefined index: id D:\wamp\www\Application\Runtime\Cache\Admin\18bc66a7b6334412ab8e61a2539ecfbd.php 第 119 行.
NOTIC: [8] Undefined index: class D:\wamp\www\Application\Runtime\Cache\Admin\18bc66a7b6334412ab8e61a2539ecfbd.php 第 118 行.
NOTIC: [8] Undefined index: id D:\wamp\www\Application\Runtime\Cache\Admin\18bc66a7b6334412ab8e61a2539ecfbd.php 第 119 行.
INFO: Run Behavior\ParseTemplateBehavior [ RunTime:0.023123s ]
INFO: [ view_parse ] --END-- [ RunTime:0.023262s ]
INFO: [ view_filter ] --START--
INFO: Run Behavior\WriteHtmlCacheBehavior [ RunTime:0.000513s ]
INFO: [ view_filter ] --END-- [ RunTime:0.000647s ]
INFO: [ app_end ] --START--
INFO: Run Behavior\ShowPageTraceBehavior [ RunTime:0.000633s ]
INFO: [ app_end ] --END-- [ RunTime:0.000766s ]

[ 2016-09-05T16:39:44+08:00 ] ::1 /index.php/admin/product
INFO: [ app_init ] --START--
INFO: Run Behavior\BuildLiteBehavior [ RunTime:0.000031s ]
INFO: [ app_init ] --END-- [ RunTime:0.000536s ]
INFO: [ app_begin ] --START--
INFO: Run Behavior\ReadHtmlCacheBehavior [ RunTime:0.000668s ]
INFO: [ app_begin ] --END-- [ RunTime:0.000829s ]
NOTIC: [2048] Declaration of Admin\Controller\ProductController::setStatus() should be compatible with Admin\Controller\CommonController::setStatus($data, $models) D:\wamp\www\Application\Admin\Controller\ProductController.class.php 第 4 行.
SQL: SHOW COLUMNS FROM `mall_class` [ RunTime:0.0036s ]
SQL: SELECT * FROM `mall_class` WHERE `status` = 1 AND `partent_id` = 0 ORDER BY listorder desc,class_id   [ RunTime:0.0005s ]
SQL: SHOW COLUMNS FROM `mall_product` [ RunTime:0.0034s ]
SQL: SELECT COUNT(*) AS tp_count FROM `mall_product` WHERE ( status!=-1 ) LIMIT 1   [ RunTime:0.0007s ]
SQL: SELECT * FROM `mall_product` WHERE ( status!=-1 ) ORDER BY id LIMIT 0,3   [ RunTime:0.0004s ]
SQL: SHOW COLUMNS FROM `mall_class` [ RunTime:0.0031s ]
SQL: SELECT * FROM `mall_class` WHERE ( 1=1 AND class_id='55' ) LIMIT 1   [ RunTime:0.0003s ]
SQL: SELECT * FROM `mall_class` WHERE ( 1=1 AND class_id='54' ) LIMIT 1   [ RunTime:0.0003s ]
SQL: SELECT * FROM `mall_class` WHERE ( 1=1 AND class_id='56' ) LIMIT 1   [ RunTime:0.0003s ]
INFO: [ view_parse ] --START--
INFO: [ template_filter ] --START--
INFO: Run Behavior\ContentReplaceBehavior [ RunTime:0.000128s ]
INFO: [ template_filter ] --END-- [ RunTime:0.000277s ]
NOTIC: [2048] Declaration of Common\Model\MenuModel::find() should be compatible with Think\Model::find($options = Array) D:\wamp\www\Application\Common\Model\MenuModel.class.php 第 69 行.
SQL: SHOW COLUMNS FROM `mall_menu` [ RunTime:0.0040s ]
SQL: SELECT * FROM `mall_menu` WHERE `status` <> -1 AND `type` = 1 ORDER BY listorder desc,menu_id   [ RunTime:0.0004s ]
NOTIC: [8] Undefined index: a D:\wamp\www\Application\Common\Common\function.php 第 37 行.
NOTIC: [8] Undefined index: a D:\wamp\www\Application\Common\Common\function.php 第 37 行.
NOTIC: [8] Undefined index: a D:\wamp\www\Application\Common\Common\function.php 第 37 行.
NOTIC: [8] Undefined index: a D:\wamp\www\Application\Common\Common\function.php 第 37 行.
NOTIC: [8] Undefined index: a D:\wamp\www\Application\Common\Common\function.php 第 37 行.
NOTIC: [8] Undefined index: class D:\wamp\www\Application\Runtime\Cache\Admin\34e4b095905075aaede5ee9039415509.php 第 164 行.
NOTIC: [8] Undefined index: class D:\wamp\www\Application\Runtime\Cache\Admin\34e4b095905075aaede5ee9039415509.php 第 164 行.
NOTIC: [8] Undefined index: class D:\wamp\www\Application\Runtime\Cache\Admin\34e4b095905075aaede5ee9039415509.php 第 164 行.
INFO: Run Behavior\ParseTemplateBehavior [ RunTime:0.023321s ]
INFO: [ view_parse ] --END-- [ RunTime:0.023457s ]
INFO: [ view_filter ] --START--
INFO: Run Behavior\WriteHtmlCacheBehavior [ RunTime:0.000469s ]
INFO: [ view_filter ] --END-- [ RunTime:0.000598s ]
INFO: [ app_end ] --START--
INFO: Run Behavior\ShowPageTraceBehavior [ RunTime:0.000643s ]
INFO: [ app_end ] --END-- [ RunTime:0.000772s ]

[ 2016-09-05T16:39:45+08:00 ] ::1 /index.php/admin/classify
INFO: [ app_init ] --START--
INFO: Run Behavior\BuildLiteBehavior [ RunTime:0.000040s ]
INFO: [ app_init ] --END-- [ RunTime:0.000673s ]
INFO: [ app_begin ] --START--
INFO: Run Behavior\ReadHtmlCacheBehavior [ RunTime:0.000823s ]
INFO: [ app_begin ] --END-- [ RunTime:0.001021s ]
NOTIC: [2048] Declaration of Admin\Controller\ClassifyController::setStatus() should be compatible with Admin\Controller\CommonController::setStatus($data, $models) D:\wamp\www\Application\Admin\Controller\ClassifyController.class.php 第 4 行.
NOTIC: [8] Undefined index: p D:\wamp\www\Application\Admin\Controller\ClassifyController.class.php 第 9 行.
NOTIC: [8] Undefined index: pageSize D:\wamp\www\Application\Admin\Controller\ClassifyController.class.php 第 10 行.
SQL: SHOW COLUMNS FROM `mall_class` [ RunTime:0.0033s ]
NOTIC: [8] Undefined variable: data D:\wamp\www\Application\Admin\Controller\ClassifyController.class.php 第 11 行.
SQL: SELECT * FROM `mall_class` WHERE `status` <> -1 AND `partent_id` = 0 ORDER BY listorder desc,class_id  LIMIT 0,5   [ RunTime:0.0004s ]
NOTIC: [8] Undefined variable: data D:\wamp\www\Application\Admin\Controller\ClassifyController.class.php 第 12 行.
SQL: SELECT COUNT(*) AS tp_count FROM `mall_class` WHERE `status` <> -1 AND `partent_id` = 0 LIMIT 1   [ RunTime:0.0003s ]
INFO: [ view_parse ] --START--
INFO: [ template_filter ] --START--
INFO: Run Behavior\ContentReplaceBehavior [ RunTime:0.000120s ]
INFO: [ template_filter ] --END-- [ RunTime:0.000279s ]
NOTIC: [2048] Declaration of Common\Model\MenuModel::find() should be compatible with Think\Model::find($options = Array) D:\wamp\www\Application\Common\Model\MenuModel.class.php 第 69 行.
SQL: SHOW COLUMNS FROM `mall_menu` [ RunTime:0.0034s ]
SQL: SELECT * FROM `mall_menu` WHERE `status` <> -1 AND `type` = 1 ORDER BY listorder desc,menu_id   [ RunTime:0.0005s ]
NOTIC: [8] Undefined index: a D:\wamp\www\Application\Common\Common\function.php 第 37 行.
NOTIC: [8] Undefined index: a D:\wamp\www\Application\Common\Common\function.php 第 37 行.
NOTIC: [8] Undefined index: a D:\wamp\www\Application\Common\Common\function.php 第 37 行.
NOTIC: [8] Undefined index: a D:\wamp\www\Application\Common\Common\function.php 第 37 行.
NOTIC: [8] Undefined index: a D:\wamp\www\Application\Common\Common\function.php 第 37 行.
NOTIC: [8] Undefined index: class D:\wamp\www\Application\Runtime\Cache\Admin\fe561dd2baf65a5a38210c0fde9166e9.php 第 160 行.
NOTIC: [8] Undefined index: class D:\wamp\www\Application\Runtime\Cache\Admin\fe561dd2baf65a5a38210c0fde9166e9.php 第 160 行.
NOTIC: [8] Undefined index: class D:\wamp\www\Application\Runtime\Cache\Admin\fe561dd2baf65a5a38210c0fde9166e9.php 第 160 行.
NOTIC: [8] Undefined index: class D:\wamp\www\Application\Runtime\Cache\Admin\fe561dd2baf65a5a38210c0fde9166e9.php 第 160 行.
NOTIC: [8] Undefined index: class D:\wamp\www\Application\Runtime\Cache\Admin\fe561dd2baf65a5a38210c0fde9166e9.php 第 160 行.
INFO: Run Behavior\ParseTemplateBehavior [ RunTime:0.022291s ]
INFO: [ view_parse ] --END-- [ RunTime:0.022424s ]
INFO: [ view_filter ] --START--
INFO: Run Behavior\WriteHtmlCacheBehavior [ RunTime:0.000446s ]
INFO: [ view_filter ] --END-- [ RunTime:0.000574s ]
INFO: [ app_end ] --START--
INFO: Run Behavior\ShowPageTraceBehavior [ RunTime:0.000589s ]
INFO: [ app_end ] --END-- [ RunTime:0.000719s ]

[ 2016-09-05T16:39:45+08:00 ] ::1 /index.php/admin/a/
INFO: [ app_init ] --START--
INFO: Run Behavior\BuildLiteBehavior [ RunTime:0.000031s ]
INFO: [ app_init ] --END-- [ RunTime:0.000553s ]
INFO: [ app_begin ] --START--
INFO: Run Behavior\ReadHtmlCacheBehavior [ RunTime:0.000629s ]
INFO: [ app_begin ] --END-- [ RunTime:0.000781s ]
ERR: 无法加载控制器:A

[ 2016-09-05T16:39:46+08:00 ] ::1 /index.php/admin/a/
INFO: [ app_init ] --START--
INFO: Run Behavior\BuildLiteBehavior [ RunTime:0.000036s ]
INFO: [ app_init ] --END-- [ RunTime:0.000538s ]
INFO: [ app_begin ] --START--
INFO: Run Behavior\ReadHtmlCacheBehavior [ RunTime:0.000620s ]
INFO: [ app_begin ] --END-- [ RunTime:0.000770s ]
ERR: 无法加载控制器:A

[ 2016-09-05T16:39:48+08:00 ] ::1 /index.php/admin/product
INFO: [ app_init ] --START--
INFO: Run Behavior\BuildLiteBehavior [ RunTime:0.000043s ]
INFO: [ app_init ] --END-- [ RunTime:0.000812s ]
INFO: [ app_begin ] --START--
INFO: Run Behavior\ReadHtmlCacheBehavior [ RunTime:0.000792s ]
INFO: [ app_begin ] --END-- [ RunTime:0.000994s ]
NOTIC: [2048] Declaration of Admin\Controller\ProductController::setStatus() should be compatible with Admin\Controller\CommonController::setStatus($data, $models) D:\wamp\www\Application\Admin\Controller\ProductController.class.php 第 4 行.
SQL: SHOW COLUMNS FROM `mall_class` [ RunTime:0.0034s ]
SQL: SELECT * FROM `mall_class` WHERE `status` = 1 AND `partent_id` = 0 ORDER BY listorder desc,class_id   [ RunTime:0.0004s ]
SQL: SHOW COLUMNS FROM `mall_product` [ RunTime:0.0034s ]
SQL: SELECT COUNT(*) AS tp_count FROM `mall_product` WHERE ( status!=-1 ) LIMIT 1   [ RunTime:0.0007s ]
SQL: SELECT * FROM `mall_product` WHERE ( status!=-1 ) ORDER BY id LIMIT 0,3   [ RunTime:0.0004s ]
SQL: SHOW COLUMNS FROM `mall_class` [ RunTime:0.0031s ]
SQL: SELECT * FROM `mall_class` WHERE ( 1=1 AND class_id='55' ) LIMIT 1   [ RunTime:0.0003s ]
SQL: SELECT * FROM `mall_class` WHERE ( 1=1 AND class_id='54' ) LIMIT 1   [ RunTime:0.0003s ]
SQL: SELECT * FROM `mall_class` WHERE ( 1=1 AND class_id='56' ) LIMIT 1   [ RunTime:0.0003s ]
INFO: [ view_parse ] --START--
INFO: [ template_filter ] --START--
INFO: Run Behavior\ContentReplaceBehavior [ RunTime:0.000119s ]
INFO: [ template_filter ] --END-- [ RunTime:0.000265s ]
NOTIC: [2048] Declaration of Common\Model\MenuModel::find() should be compatible with Think\Model::find($options = Array) D:\wamp\www\Application\Common\Model\MenuModel.class.php 第 69 行.
SQL: SHOW COLUMNS FROM `mall_menu` [ RunTime:0.0032s ]
SQL: SELECT * FROM `mall_menu` WHERE `status` <> -1 AND `type` = 1 ORDER BY listorder desc,menu_id   [ RunTime:0.0004s ]
NOTIC: [8] Undefined index: a D:\wamp\www\Application\Common\Common\function.php 第 37 行.
NOTIC: [8] Undefined index: a D:\wamp\www\Application\Common\Common\function.php 第 37 行.
NOTIC: [8] Undefined index: a D:\wamp\www\Application\Common\Common\function.php 第 37 行.
NOTIC: [8] Undefined index: a D:\wamp\www\Application\Common\Common\function.php 第 37 行.
NOTIC: [8] Undefined index: a D:\wamp\www\Application\Common\Common\function.php 第 37 行.
NOTIC: [8] Undefined index: class D:\wamp\www\Application\Runtime\Cache\Admin\34e4b095905075aaede5ee9039415509.php 第 164 行.
NOTIC: [8] Undefined index: class D:\wamp\www\Application\Runtime\Cache\Admin\34e4b095905075aaede5ee9039415509.php 第 164 行.
NOTIC: [8] Undefined index: class D:\wamp\www\Application\Runtime\Cache\Admin\34e4b095905075aaede5ee9039415509.php 第 164 行.
INFO: Run Behavior\ParseTemplateBehavior [ RunTime:0.022440s ]
INFO: [ view_parse ] --END-- [ RunTime:0.022576s ]
INFO: [ view_filter ] --START--
INFO: Run Behavior\WriteHtmlCacheBehavior [ RunTime:0.000449s ]
INFO: [ view_filter ] --END-- [ RunTime:0.000594s ]
INFO: [ app_end ] --START--
INFO: Run Behavior\ShowPageTraceBehavior [ RunTime:0.000643s ]
INFO: [ app_end ] --END-- [ RunTime:0.000786s ]

[ 2016-09-05T16:39:49+08:00 ] ::1 /index.php/admin/order
INFO: [ app_init ] --START--
INFO: Run Behavior\BuildLiteBehavior [ RunTime:0.000040s ]
INFO: [ app_init ] --END-- [ RunTime:0.000741s ]
INFO: [ app_begin ] --START--
INFO: Run Behavior\ReadHtmlCacheBehavior [ RunTime:0.000872s ]
INFO: [ app_begin ] --END-- [ RunTime:0.001075s ]
SQL: SHOW COLUMNS FROM `mall_order` [ RunTime:0.0480s ]
SQL: SELECT * FROM `mall_order` INNER JOIN mall_address on mall_address.address_id=mall_order.address_id  WHERE ( mall_order.status=0 )  [ RunTime:0.0005s ]
SQL: SELECT * FROM `mall_order` INNER JOIN mall_address on mall_address.address_id=mall_order.address_id  WHERE ( mall_order.status=0 ) LIMIT 0,5   [ RunTime:0.0004s ]
INFO: [ view_parse ] --START--
INFO: [ template_filter ] --START--
INFO: Run Behavior\ContentReplaceBehavior [ RunTime:0.000117s ]
INFO: [ template_filter ] --END-- [ RunTime:0.000286s ]
NOTIC: [2048] Declaration of Common\Model\MenuModel::find() should be compatible with Think\Model::find($options = Array) D:\wamp\www\Application\Common\Model\MenuModel.class.php 第 69 行.
SQL: SHOW COLUMNS FROM `mall_menu` [ RunTime:0.0034s ]
SQL: SELECT * FROM `mall_menu` WHERE `status` <> -1 AND `type` = 1 ORDER BY listorder desc,menu_id   [ RunTime:0.0004s ]
NOTIC: [8] Undefined index: a D:\wamp\www\Application\Common\Common\function.php 第 37 行.
NOTIC: [8] Undefined index: a D:\wamp\www\Application\Common\Common\function.php 第 37 行.
NOTIC: [8] Undefined index: a D:\wamp\www\Application\Common\Common\function.php 第 37 行.
NOTIC: [8] Undefined index: a D:\wamp\www\Application\Common\Common\function.php 第 37 行.
NOTIC: [8] Undefined index: a D:\wamp\www\Application\Common\Common\function.php 第 37 行.
NOTIC: [8] Undefined index: class D:\wamp\www\Application\Runtime\Cache\Admin\18bc66a7b6334412ab8e61a2539ecfbd.php 第 118 行.
NOTIC: [8] Undefined index: id D:\wamp\www\Application\Runtime\Cache\Admin\18bc66a7b6334412ab8e61a2539ecfbd.php 第 119 行.
NOTIC: [8] Undefined index: class D:\wamp\www\Application\Runtime\Cache\Admin\18bc66a7b6334412ab8e61a2539ecfbd.php 第 118 行.
NOTIC: [8] Undefined index: id D:\wamp\www\Application\Runtime\Cache\Admin\18bc66a7b6334412ab8e61a2539ecfbd.php 第 119 行.
NOTIC: [8] Undefined index: class D:\wamp\www\Application\Runtime\Cache\Admin\18bc66a7b6334412ab8e61a2539ecfbd.php 第 118 行.
NOTIC: [8] Undefined index: id D:\wamp\www\Application\Runtime\Cache\Admin\18bc66a7b6334412ab8e61a2539ecfbd.php 第 119 行.
NOTIC: [8] Undefined index: class D:\wamp\www\Application\Runtime\Cache\Admin\18bc66a7b6334412ab8e61a2539ecfbd.php 第 118 行.
NOTIC: [8] Undefined index: id D:\wamp\www\Application\Runtime\Cache\Admin\18bc66a7b6334412ab8e61a2539ecfbd.php 第 119 行.
NOTIC: [8] Undefined index: class D:\wamp\www\Application\Runtime\Cache\Admin\18bc66a7b6334412ab8e61a2539ecfbd.php 第 118 行.
NOTIC: [8] Undefined index: id D:\wamp\www\Application\Runtime\Cache\Admin\18bc66a7b6334412ab8e61a2539ecfbd.php 第 119 行.
INFO: Run Behavior\ParseTemplateBehavior [ RunTime:0.022276s ]
INFO: [ view_parse ] --END-- [ RunTime:0.022414s ]
INFO: [ view_filter ] --START--
INFO: Run Behavior\WriteHtmlCacheBehavior [ RunTime:0.000525s ]
INFO: [ view_filter ] --END-- [ RunTime:0.000656s ]
INFO: [ app_end ] --START--
INFO: Run Behavior\ShowPageTraceBehavior [ RunTime:0.000669s ]
INFO: [ app_end ] --END-- [ RunTime:0.000801s ]

[ 2016-09-05T16:40:54+08:00 ] ::1 /index.php/admin
INFO: [ app_init ] --START--
INFO: Run Behavior\BuildLiteBehavior [ RunTime:0.000032s ]
INFO: [ app_init ] --END-- [ RunTime:0.000689s ]
INFO: [ app_begin ] --START--
INFO: Run Behavior\ReadHtmlCacheBehavior [ RunTime:0.001556s ]
INFO: [ app_begin ] --END-- [ RunTime:0.001792s ]

[ 2016-09-05T16:40:54+08:00 ] ::1 /index.php/Admin/login/index.html
INFO: [ app_init ] --START--
INFO: Run Behavior\BuildLiteBehavior [ RunTime:0.000032s ]
INFO: [ app_init ] --END-- [ RunTime:0.000666s ]
INFO: [ app_begin ] --START--
INFO: Run Behavior\ReadHtmlCacheBehavior [ RunTime:0.001249s ]
INFO: [ app_begin ] --END-- [ RunTime:0.001404s ]
INFO: [ view_parse ] --START--
INFO: [ template_filter ] --START--
INFO: Run Behavior\ContentReplaceBehavior [ RunTime:0.000109s ]
INFO: [ template_filter ] --END-- [ RunTime:0.000262s ]
INFO: Run Behavior\ParseTemplateBehavior [ RunTime:0.009707s ]
INFO: [ view_parse ] --END-- [ RunTime:0.009855s ]
INFO: [ view_filter ] --START--
INFO: Run Behavior\WriteHtmlCacheBehavior [ RunTime:0.000946s ]
INFO: [ view_filter ] --END-- [ RunTime:0.001076s ]
INFO: [ app_end ] --START--
INFO: Run Behavior\ShowPageTraceBehavior [ RunTime:0.001259s ]
INFO: [ app_end ] --END-- [ RunTime:0.001393s ]

[ 2016-09-05T16:40:56+08:00 ] ::1 /index.php/Admin/login/check
INFO: [ app_init ] --START--
INFO: Run Behavior\BuildLiteBehavior [ RunTime:0.000033s ]
INFO: [ app_init ] --END-- [ RunTime:0.000800s ]
INFO: [ app_begin ] --START--
INFO: Run Behavior\ReadHtmlCacheBehavior [ RunTime:0.001243s ]
INFO: [ app_begin ] --END-- [ RunTime:0.001387s ]
SQL: SHOW COLUMNS FROM `mall_admin` [ RunTime:0.4234s ]
SQL: SELECT * FROM `mall_admin` WHERE ( username="admin" ) LIMIT 1   [ RunTime:0.0009s ]
SQL: UPDATE `mall_admin` SET `lastlogintime`='1473064856' WHERE ( admin_id=1 ) [ RunTime:0.3345s ]

[ 2016-09-05T16:40:57+08:00 ] ::1 /index.php/Admin/index
INFO: [ app_init ] --START--
INFO: Run Behavior\BuildLiteBehavior [ RunTime:0.000088s ]
INFO: [ app_init ] --END-- [ RunTime:0.001434s ]
INFO: [ app_begin ] --START--
INFO: Run Behavior\ReadHtmlCacheBehavior [ RunTime:0.001339s ]
INFO: [ app_begin ] --END-- [ RunTime:0.001596s ]
INFO: [ view_parse ] --START--
INFO: [ template_filter ] --START--
INFO: Run Behavior\ContentReplaceBehavior [ RunTime:0.000117s ]
INFO: [ template_filter ] --END-- [ RunTime:0.000264s ]
NOTIC: [2048] Declaration of Common\Model\MenuModel::find() should be compatible with Think\Model::find($options = Array) D:\wamp\www\Application\Common\Model\MenuModel.class.php 第 8 行.
SQL: SHOW COLUMNS FROM `mall_menu` [ RunTime:0.0033s ]
SQL: SELECT * FROM `mall_menu` WHERE `status` <> -1 AND `type` = 1 ORDER BY listorder desc,menu_id   [ RunTime:0.0005s ]
NOTIC: [8] Undefined index: a D:\wamp\www\Application\Common\Common\function.php 第 37 行.
NOTIC: [8] Undefined index: a D:\wamp\www\Application\Common\Common\function.php 第 37 行.
NOTIC: [8] Undefined index: a D:\wamp\www\Application\Common\Common\function.php 第 37 行.
NOTIC: [8] Undefined index: a D:\wamp\www\Application\Common\Common\function.php 第 37 行.
NOTIC: [8] Undefined index: a D:\wamp\www\Application\Common\Common\function.php 第 37 行.
INFO: Run Behavior\ParseTemplateBehavior [ RunTime:0.032354s ]
INFO: [ view_parse ] --END-- [ RunTime:0.032516s ]
INFO: [ view_filter ] --START--
INFO: Run Behavior\WriteHtmlCacheBehavior [ RunTime:0.000897s ]
INFO: [ view_filter ] --END-- [ RunTime:0.001030s ]
INFO: [ app_end ] --START--
INFO: Run Behavior\ShowPageTraceBehavior [ RunTime:0.001044s ]
INFO: [ app_end ] --END-- [ RunTime:0.001179s ]

[ 2016-09-05T16:40:59+08:00 ] ::1 /index.php/admin/menu
INFO: [ app_init ] --START--
INFO: Run Behavior\BuildLiteBehavior [ RunTime:0.000037s ]
INFO: [ app_init ] --END-- [ RunTime:0.000917s ]
INFO: [ app_begin ] --START--
INFO: Run Behavior\ReadHtmlCacheBehavior [ RunTime:0.001336s ]
INFO: [ app_begin ] --END-- [ RunTime:0.001494s ]
NOTIC: [2048] Declaration of Admin\Controller\MenuController::setStatus() should be compatible with Admin\Controller\CommonController::setStatus($data, $models) D:\wamp\www\Application\Admin\Controller\MenuController.class.php 第 4 行.
NOTIC: [2048] Declaration of Common\Model\MenuModel::find() should be compatible with Think\Model::find($options = Array) D:\wamp\www\Application\Common\Model\MenuModel.class.php 第 8 行.
SQL: SHOW COLUMNS FROM `mall_menu` [ RunTime:0.0833s ]
NOTIC: [8] Undefined variable: page D:\wamp\www\Application\Admin\Controller\MenuController.class.php 第 13 行.
NOTIC: [8] Undefined variable: pageSize D:\wamp\www\Application\Admin\Controller\MenuController.class.php 第 13 行.
SQL: SELECT * FROM `mall_menu` WHERE `status` <> -1 ORDER BY listorder desc,menu_id desc  [ RunTime:0.0005s ]
INFO: [ view_parse ] --START--
INFO: [ template_filter ] --START--
INFO: Run Behavior\ContentReplaceBehavior [ RunTime:0.000133s ]
INFO: [ template_filter ] --END-- [ RunTime:0.000294s ]
SQL: SELECT * FROM `mall_menu` WHERE `status` <> -1 AND `type` = 1 ORDER BY listorder desc,menu_id   [ RunTime:0.0006s ]
NOTIC: [8] Undefined index: a D:\wamp\www\Application\Common\Common\function.php 第 37 行.
NOTIC: [8] Undefined index: a D:\wamp\www\Application\Common\Common\function.php 第 37 行.
NOTIC: [8] Undefined index: a D:\wamp\www\Application\Common\Common\function.php 第 37 行.
NOTIC: [8] Undefined index: a D:\wamp\www\Application\Common\Common\function.php 第 37 行.
NOTIC: [8] Undefined index: a D:\wamp\www\Application\Common\Common\function.php 第 37 行.
INFO: Run Behavior\ParseTemplateBehavior [ RunTime:0.107251s ]
INFO: [ view_parse ] --END-- [ RunTime:0.107397s ]
INFO: [ view_filter ] --START--
INFO: Run Behavior\WriteHtmlCacheBehavior [ RunTime:0.001274s ]
INFO: [ view_filter ] --END-- [ RunTime:0.001408s ]
INFO: [ app_end ] --START--
INFO: Run Behavior\ShowPageTraceBehavior [ RunTime:0.001459s ]
INFO: [ app_end ] --END-- [ RunTime:0.001598s ]

[ 2016-09-05T16:41:00+08:00 ] ::1 /index.php/admin/order
INFO: [ app_init ] --START--
INFO: Run Behavior\BuildLiteBehavior [ RunTime:0.000037s ]
INFO: [ app_init ] --END-- [ RunTime:0.000762s ]
INFO: [ app_begin ] --START--
INFO: Run Behavior\ReadHtmlCacheBehavior [ RunTime:0.001323s ]
INFO: [ app_begin ] --END-- [ RunTime:0.001483s ]
SQL: SHOW COLUMNS FROM `mall_order` [ RunTime:0.0035s ]
SQL: SELECT * FROM `mall_order` INNER JOIN mall_address on mall_address.address_id=mall_order.address_id  WHERE ( mall_order.status=0 )  [ RunTime:0.0005s ]
SQL: SELECT * FROM `mall_order` INNER JOIN mall_address on mall_address.address_id=mall_order.address_id  WHERE ( mall_order.status=0 ) LIMIT 0,5   [ RunTime:0.0004s ]
INFO: [ view_parse ] --START--
INFO: [ template_filter ] --START--
INFO: Run Behavior\ContentReplaceBehavior [ RunTime:0.000119s ]
INFO: [ template_filter ] --END-- [ RunTime:0.000267s ]
NOTIC: [2048] Declaration of Common\Model\MenuModel::find() should be compatible with Think\Model::find($options = Array) D:\wamp\www\Application\Common\Model\MenuModel.class.php 第 69 行.
SQL: SHOW COLUMNS FROM `mall_menu` [ RunTime:0.0033s ]
SQL: SELECT * FROM `mall_menu` WHERE `status` <> -1 AND `type` = 1 ORDER BY listorder desc,menu_id   [ RunTime:0.0005s ]
NOTIC: [8] Undefined index: a D:\wamp\www\Application\Common\Common\function.php 第 37 行.
NOTIC: [8] Undefined index: a D:\wamp\www\Application\Common\Common\function.php 第 37 行.
NOTIC: [8] Undefined index: a D:\wamp\www\Application\Common\Common\function.php 第 37 行.
NOTIC: [8] Undefined index: a D:\wamp\www\Application\Common\Common\function.php 第 37 行.
NOTIC: [8] Undefined index: a D:\wamp\www\Application\Common\Common\function.php 第 37 行.
NOTIC: [8] Undefined index: class D:\wamp\www\Application\Runtime\Cache\Admin\18bc66a7b6334412ab8e61a2539ecfbd.php 第 118 行.
NOTIC: [8] Undefined index: id D:\wamp\www\Application\Runtime\Cache\Admin\18bc66a7b6334412ab8e61a2539ecfbd.php 第 119 行.
NOTIC: [8] Undefined index: class D:\wamp\www\Application\Runtime\Cache\Admin\18bc66a7b6334412ab8e61a2539ecfbd.php 第 118 行.
NOTIC: [8] Undefined index: id D:\wamp\www\Application\Runtime\Cache\Admin\18bc66a7b6334412ab8e61a2539ecfbd.php 第 119 行.
NOTIC: [8] Undefined index: class D:\wamp\www\Application\Runtime\Cache\Admin\18bc66a7b6334412ab8e61a2539ecfbd.php 第 118 行.
NOTIC: [8] Undefined index: id D:\wamp\www\Application\Runtime\Cache\Admin\18bc66a7b6334412ab8e61a2539ecfbd.php 第 119 行.
NOTIC: [8] Undefined index: class D:\wamp\www\Application\Runtime\Cache\Admin\18bc66a7b6334412ab8e61a2539ecfbd.php 第 118 行.
NOTIC: [8] Undefined index: id D:\wamp\www\Application\Runtime\Cache\Admin\18bc66a7b6334412ab8e61a2539ecfbd.php 第 119 行.
NOTIC: [8] Undefined index: class D:\wamp\www\Application\Runtime\Cache\Admin\18bc66a7b6334412ab8e61a2539ecfbd.php 第 118 行.
NOTIC: [8] Undefined index: id D:\wamp\www\Application\Runtime\Cache\Admin\18bc66a7b6334412ab8e61a2539ecfbd.php 第 119 行.
INFO: Run Behavior\ParseTemplateBehavior [ RunTime:0.026249s ]
INFO: [ view_parse ] --END-- [ RunTime:0.026388s ]
INFO: [ view_filter ] --START--
INFO: Run Behavior\WriteHtmlCacheBehavior [ RunTime:0.001258s ]
INFO: [ view_filter ] --END-- [ RunTime:0.001414s ]
INFO: [ app_end ] --START--
INFO: Run Behavior\ShowPageTraceBehavior [ RunTime:0.001453s ]
INFO: [ app_end ] --END-- [ RunTime:0.001592s ]

[ 2016-09-05T16:41:01+08:00 ] ::1 /index.php/admin/product
INFO: [ app_init ] --START--
INFO: Run Behavior\BuildLiteBehavior [ RunTime:0.000037s ]
INFO: [ app_init ] --END-- [ RunTime:0.000756s ]
INFO: [ app_begin ] --START--
INFO: Run Behavior\ReadHtmlCacheBehavior [ RunTime:0.001439s ]
INFO: [ app_begin ] --END-- [ RunTime:0.001619s ]
NOTIC: [2048] Declaration of Admin\Controller\ProductController::setStatus() should be compatible with Admin\Controller\CommonController::setStatus($data, $models) D:\wamp\www\Application\Admin\Controller\ProductController.class.php 第 4 行.
SQL: SHOW COLUMNS FROM `mall_class` [ RunTime:0.0032s ]
SQL: SELECT * FROM `mall_class` WHERE `status` = 1 AND `partent_id` = 0 ORDER BY listorder desc,class_id   [ RunTime:0.0004s ]
SQL: SHOW COLUMNS FROM `mall_product` [ RunTime:0.0036s ]
SQL: SELECT COUNT(*) AS tp_count FROM `mall_product` WHERE ( status!=-1 ) LIMIT 1   [ RunTime:0.0007s ]
SQL: SELECT * FROM `mall_product` WHERE ( status!=-1 ) ORDER BY id LIMIT 0,3   [ RunTime:0.0004s ]
SQL: SHOW COLUMNS FROM `mall_class` [ RunTime:0.0030s ]
SQL: SELECT * FROM `mall_class` WHERE ( 1=1 AND class_id='55' ) LIMIT 1   [ RunTime:0.0003s ]
SQL: SELECT * FROM `mall_class` WHERE ( 1=1 AND class_id='54' ) LIMIT 1   [ RunTime:0.0003s ]
SQL: SELECT * FROM `mall_class` WHERE ( 1=1 AND class_id='56' ) LIMIT 1   [ RunTime:0.0003s ]
INFO: [ view_parse ] --START--
INFO: [ template_filter ] --START--
INFO: Run Behavior\ContentReplaceBehavior [ RunTime:0.000130s ]
INFO: [ template_filter ] --END-- [ RunTime:0.000277s ]
NOTIC: [2048] Declaration of Common\Model\MenuModel::find() should be compatible with Think\Model::find($options = Array) D:\wamp\www\Application\Common\Model\MenuModel.class.php 第 69 行.
SQL: SHOW COLUMNS FROM `mall_menu` [ RunTime:0.0033s ]
SQL: SELECT * FROM `mall_menu` WHERE `status` <> -1 AND `type` = 1 ORDER BY listorder desc,menu_id   [ RunTime:0.0004s ]
NOTIC: [8] Undefined index: a D:\wamp\www\Application\Common\Common\function.php 第 37 行.
NOTIC: [8] Undefined index: a D:\wamp\www\Application\Common\Common\function.php 第 37 行.
NOTIC: [8] Undefined index: a D:\wamp\www\Application\Common\Common\function.php 第 37 行.
NOTIC: [8] Undefined index: a D:\wamp\www\Application\Common\Common\function.php 第 37 行.
NOTIC: [8] Undefined index: a D:\wamp\www\Application\Common\Common\function.php 第 37 行.
NOTIC: [8] Undefined index: class D:\wamp\www\Application\Runtime\Cache\Admin\34e4b095905075aaede5ee9039415509.php 第 164 行.
NOTIC: [8] Undefined index: class D:\wamp\www\Application\Runtime\Cache\Admin\34e4b095905075aaede5ee9039415509.php 第 164 行.
NOTIC: [8] Undefined index: class D:\wamp\www\Application\Runtime\Cache\Admin\34e4b095905075aaede5ee9039415509.php 第 164 行.
INFO: Run Behavior\ParseTemplateBehavior [ RunTime:0.027808s ]
INFO: [ view_parse ] --END-- [ RunTime:0.027946s ]
INFO: [ view_filter ] --START--
INFO: Run Behavior\WriteHtmlCacheBehavior [ RunTime:0.001239s ]
INFO: [ view_filter ] --END-- [ RunTime:0.001371s ]
INFO: [ app_end ] --START--
INFO: Run Behavior\ShowPageTraceBehavior [ RunTime:0.001396s ]
INFO: [ app_end ] --END-- [ RunTime:0.001531s ]

[ 2016-09-05T16:41:01+08:00 ] ::1 /index.php/admin/order
INFO: [ app_init ] --START--
INFO: Run Behavior\BuildLiteBehavior [ RunTime:0.000035s ]
INFO: [ app_init ] --END-- [ RunTime:0.000751s ]
INFO: [ app_begin ] --START--
INFO: Run Behavior\ReadHtmlCacheBehavior [ RunTime:0.001358s ]
INFO: [ app_begin ] --END-- [ RunTime:0.001528s ]
SQL: SHOW COLUMNS FROM `mall_order` [ RunTime:0.0033s ]
SQL: SELECT * FROM `mall_order` INNER JOIN mall_address on mall_address.address_id=mall_order.address_id  WHERE ( mall_order.status=0 )  [ RunTime:0.0005s ]
SQL: SELECT * FROM `mall_order` INNER JOIN mall_address on mall_address.address_id=mall_order.address_id  WHERE ( mall_order.status=0 ) LIMIT 0,5   [ RunTime:0.0004s ]
INFO: [ view_parse ] --START--
INFO: [ template_filter ] --START--
INFO: Run Behavior\ContentReplaceBehavior [ RunTime:0.000115s ]
INFO: [ template_filter ] --END-- [ RunTime:0.000263s ]
NOTIC: [2048] Declaration of Common\Model\MenuModel::find() should be compatible with Think\Model::find($options = Array) D:\wamp\www\Application\Common\Model\MenuModel.class.php 第 69 行.
SQL: SHOW COLUMNS FROM `mall_menu` [ RunTime:0.0034s ]
SQL: SELECT * FROM `mall_menu` WHERE `status` <> -1 AND `type` = 1 ORDER BY listorder desc,menu_id   [ RunTime:0.0004s ]
NOTIC: [8] Undefined index: a D:\wamp\www\Application\Common\Common\function.php 第 37 行.
NOTIC: [8] Undefined index: a D:\wamp\www\Application\Common\Common\function.php 第 37 行.
NOTIC: [8] Undefined index: a D:\wamp\www\Application\Common\Common\function.php 第 37 行.
NOTIC: [8] Undefined index: a D:\wamp\www\Application\Common\Common\function.php 第 37 行.
NOTIC: [8] Undefined index: a D:\wamp\www\Application\Common\Common\function.php 第 37 行.
NOTIC: [8] Undefined index: class D:\wamp\www\Application\Runtime\Cache\Admin\18bc66a7b6334412ab8e61a2539ecfbd.php 第 118 行.
NOTIC: [8] Undefined index: id D:\wamp\www\Application\Runtime\Cache\Admin\18bc66a7b6334412ab8e61a2539ecfbd.php 第 119 行.
NOTIC: [8] Undefined index: class D:\wamp\www\Application\Runtime\Cache\Admin\18bc66a7b6334412ab8e61a2539ecfbd.php 第 118 行.
NOTIC: [8] Undefined index: id D:\wamp\www\Application\Runtime\Cache\Admin\18bc66a7b6334412ab8e61a2539ecfbd.php 第 119 行.
NOTIC: [8] Undefined index: class D:\wamp\www\Application\Runtime\Cache\Admin\18bc66a7b6334412ab8e61a2539ecfbd.php 第 118 行.
NOTIC: [8] Undefined index: id D:\wamp\www\Application\Runtime\Cache\Admin\18bc66a7b6334412ab8e61a2539ecfbd.php 第 119 行.
NOTIC: [8] Undefined index: class D:\wamp\www\Application\Runtime\Cache\Admin\18bc66a7b6334412ab8e61a2539ecfbd.php 第 118 行.
NOTIC: [8] Undefined index: id D:\wamp\www\Application\Runtime\Cache\Admin\18bc66a7b6334412ab8e61a2539ecfbd.php 第 119 行.
NOTIC: [8] Undefined index: class D:\wamp\www\Application\Runtime\Cache\Admin\18bc66a7b6334412ab8e61a2539ecfbd.php 第 118 行.
NOTIC: [8] Undefined index: id D:\wamp\www\Application\Runtime\Cache\Admin\18bc66a7b6334412ab8e61a2539ecfbd.php 第 119 行.
INFO: Run Behavior\ParseTemplateBehavior [ RunTime:0.026438s ]
INFO: [ view_parse ] --END-- [ RunTime:0.026579s ]
INFO: [ view_filter ] --START--
INFO: Run Behavior\WriteHtmlCacheBehavior [ RunTime:0.001254s ]
INFO: [ view_filter ] --END-- [ RunTime:0.001385s ]
INFO: [ app_end ] --START--
INFO: Run Behavior\ShowPageTraceBehavior [ RunTime:0.001304s ]
INFO: [ app_end ] --END-- [ RunTime:0.001436s ]

[ 2016-09-05T16:41:02+08:00 ] ::1 /index.php/admin/adminUser
INFO: [ app_init ] --START--
INFO: Run Behavior\BuildLiteBehavior [ RunTime:0.000047s ]
INFO: [ app_init ] --END-- [ RunTime:0.000994s ]
INFO: [ app_begin ] --START--
INFO: Run Behavior\ReadHtmlCacheBehavior [ RunTime:0.001819s ]
INFO: [ app_begin ] --END-- [ RunTime:0.002031s ]
NOTIC: [2048] Declaration of Admin\Controller\AdminUserController::setStatus() should be compatible with Admin\Controller\CommonController::setStatus($data, $models) D:\wamp\www\Application\Admin\Controller\AdminUserController.class.php 第 4 行.
SQL: SHOW COLUMNS FROM `mall_admin` [ RunTime:0.0034s ]
SQL: SELECT * FROM `mall_admin` WHERE `status` <> -1 ORDER BY admin_id desc  [ RunTime:0.0004s ]
INFO: [ view_parse ] --START--
INFO: [ template_filter ] --START--
INFO: Run Behavior\ContentReplaceBehavior [ RunTime:0.000118s ]
INFO: [ template_filter ] --END-- [ RunTime:0.000299s ]
NOTIC: [2048] Declaration of Common\Model\MenuModel::find() should be compatible with Think\Model::find($options = Array) D:\wamp\www\Application\Common\Model\MenuModel.class.php 第 69 行.
SQL: SHOW COLUMNS FROM `mall_menu` [ RunTime:0.0032s ]
SQL: SELECT * FROM `mall_menu` WHERE `status` <> -1 AND `type` = 1 ORDER BY listorder desc,menu_id   [ RunTime:0.0004s ]
NOTIC: [8] Undefined index: a D:\wamp\www\Application\Common\Common\function.php 第 37 行.
NOTIC: [8] Undefined index: a D:\wamp\www\Application\Common\Common\function.php 第 37 行.
NOTIC: [8] Undefined index: a D:\wamp\www\Application\Common\Common\function.php 第 37 行.
NOTIC: [8] Undefined index: a D:\wamp\www\Application\Common\Common\function.php 第 37 行.
NOTIC: [8] Undefined index: a D:\wamp\www\Application\Common\Common\function.php 第 37 行.
INFO: Run Behavior\ParseTemplateBehavior [ RunTime:0.024658s ]
INFO: [ view_parse ] --END-- [ RunTime:0.024798s ]
INFO: [ view_filter ] --START--
INFO: Run Behavior\WriteHtmlCacheBehavior [ RunTime:0.001166s ]
INFO: [ view_filter ] --END-- [ RunTime:0.001298s ]
INFO: [ app_end ] --START--
INFO: Run Behavior\ShowPageTraceBehavior [ RunTime:0.001414s ]
INFO: [ app_end ] --END-- [ RunTime:0.001603s ]

[ 2016-09-05T16:41:02+08:00 ] ::1 /index.php/admin/order
INFO: [ app_init ] --START--
INFO: Run Behavior\BuildLiteBehavior [ RunTime:0.000038s ]
INFO: [ app_init ] --END-- [ RunTime:0.000783s ]
INFO: [ app_begin ] --START--
INFO: Run Behavior\ReadHtmlCacheBehavior [ RunTime:0.001354s ]
INFO: [ app_begin ] --END-- [ RunTime:0.001510s ]
SQL: SHOW COLUMNS FROM `mall_order` [ RunTime:0.0035s ]
SQL: SELECT * FROM `mall_order` INNER JOIN mall_address on mall_address.address_id=mall_order.address_id  WHERE ( mall_order.status=0 )  [ RunTime:0.0005s ]
SQL: SELECT * FROM `mall_order` INNER JOIN mall_address on mall_address.address_id=mall_order.address_id  WHERE ( mall_order.status=0 ) LIMIT 0,5   [ RunTime:0.0004s ]
INFO: [ view_parse ] --START--
INFO: [ template_filter ] --START--
INFO: Run Behavior\ContentReplaceBehavior [ RunTime:0.000117s ]
INFO: [ template_filter ] --END-- [ RunTime:0.000279s ]
NOTIC: [2048] Declaration of Common\Model\MenuModel::find() should be compatible with Think\Model::find($options = Array) D:\wamp\www\Application\Common\Model\MenuModel.class.php 第 69 行.
SQL: SHOW COLUMNS FROM `mall_menu` [ RunTime:0.0036s ]
SQL: SELECT * FROM `mall_menu` WHERE `status` <> -1 AND `type` = 1 ORDER BY listorder desc,menu_id   [ RunTime:0.0005s ]
NOTIC: [8] Undefined index: a D:\wamp\www\Application\Common\Common\function.php 第 37 行.
NOTIC: [8] Undefined index: a D:\wamp\www\Application\Common\Common\function.php 第 37 行.
NOTIC: [8] Undefined index: a D:\wamp\www\Application\Common\Common\function.php 第 37 行.
NOTIC: [8] Undefined index: a D:\wamp\www\Application\Common\Common\function.php 第 37 行.
NOTIC: [8] Undefined index: a D:\wamp\www\Application\Common\Common\function.php 第 37 行.
NOTIC: [8] Undefined index: class D:\wamp\www\Application\Runtime\Cache\Admin\18bc66a7b6334412ab8e61a2539ecfbd.php 第 118 行.
NOTIC: [8] Undefined index: id D:\wamp\www\Application\Runtime\Cache\Admin\18bc66a7b6334412ab8e61a2539ecfbd.php 第 119 行.
NOTIC: [8] Undefined index: class D:\wamp\www\Application\Runtime\Cache\Admin\18bc66a7b6334412ab8e61a2539ecfbd.php 第 118 行.
NOTIC: [8] Undefined index: id D:\wamp\www\Application\Runtime\Cache\Admin\18bc66a7b6334412ab8e61a2539ecfbd.php 第 119 行.
NOTIC: [8] Undefined index: class D:\wamp\www\Application\Runtime\Cache\Admin\18bc66a7b6334412ab8e61a2539ecfbd.php 第 118 行.
NOTIC: [8] Undefined index: id D:\wamp\www\Application\Runtime\Cache\Admin\18bc66a7b6334412ab8e61a2539ecfbd.php 第 119 行.
NOTIC: [8] Undefined index: class D:\wamp\www\Application\Runtime\Cache\Admin\18bc66a7b6334412ab8e61a2539ecfbd.php 第 118 行.
NOTIC: [8] Undefined index: id D:\wamp\www\Application\Runtime\Cache\Admin\18bc66a7b6334412ab8e61a2539ecfbd.php 第 119 行.
NOTIC: [8] Undefined index: class D:\wamp\www\Application\Runtime\Cache\Admin\18bc66a7b6334412ab8e61a2539ecfbd.php 第 118 行.
NOTIC: [8] Undefined index: id D:\wamp\www\Application\Runtime\Cache\Admin\18bc66a7b6334412ab8e61a2539ecfbd.php 第 119 行.
INFO: Run Behavior\ParseTemplateBehavior [ RunTime:0.028005s ]
INFO: [ view_parse ] --END-- [ RunTime:0.028150s ]
INFO: [ view_filter ] --START--
INFO: Run Behavior\WriteHtmlCacheBehavior [ RunTime:0.001301s ]
INFO: [ view_filter ] --END-- [ RunTime:0.001437s ]
INFO: [ app_end ] --START--
INFO: Run Behavior\ShowPageTraceBehavior [ RunTime:0.001501s ]
INFO: [ app_end ] --END-- [ RunTime:0.001638s ]

[ 2016-09-05T16:41:03+08:00 ] ::1 /index.php/admin/adminUser
INFO: [ app_init ] --START--
INFO: Run Behavior\BuildLiteBehavior [ RunTime:0.000048s ]
INFO: [ app_init ] --END-- [ RunTime:0.000938s ]
INFO: [ app_begin ] --START--
INFO: Run Behavior\ReadHtmlCacheBehavior [ RunTime:0.001373s ]
INFO: [ app_begin ] --END-- [ RunTime:0.001540s ]
NOTIC: [2048] Declaration of Admin\Controller\AdminUserController::setStatus() should be compatible with Admin\Controller\CommonController::setStatus($data, $models) D:\wamp\www\Application\Admin\Controller\AdminUserController.class.php 第 4 行.
SQL: SHOW COLUMNS FROM `mall_admin` [ RunTime:0.0033s ]
SQL: SELECT * FROM `mall_admin` WHERE `status` <> -1 ORDER BY admin_id desc  [ RunTime:0.0004s ]
INFO: [ view_parse ] --START--
INFO: [ template_filter ] --START--
INFO: Run Behavior\ContentReplaceBehavior [ RunTime:0.000112s ]
INFO: [ template_filter ] --END-- [ RunTime:0.000264s ]
NOTIC: [2048] Declaration of Common\Model\MenuModel::find() should be compatible with Think\Model::find($options = Array) D:\wamp\www\Application\Common\Model\MenuModel.class.php 第 69 行.
SQL: SHOW COLUMNS FROM `mall_menu` [ RunTime:0.0038s ]
SQL: SELECT * FROM `mall_menu` WHERE `status` <> -1 AND `type` = 1 ORDER BY listorder desc,menu_id   [ RunTime:0.0006s ]
NOTIC: [8] Undefined index: a D:\wamp\www\Application\Common\Common\function.php 第 37 行.
NOTIC: [8] Undefined index: a D:\wamp\www\Application\Common\Common\function.php 第 37 行.
NOTIC: [8] Undefined index: a D:\wamp\www\Application\Common\Common\function.php 第 37 行.
NOTIC: [8] Undefined index: a D:\wamp\www\Application\Common\Common\function.php 第 37 行.
NOTIC: [8] Undefined index: a D:\wamp\www\Application\Common\Common\function.php 第 37 行.
INFO: Run Behavior\ParseTemplateBehavior [ RunTime:0.025115s ]
INFO: [ view_parse ] --END-- [ RunTime:0.025252s ]
INFO: [ view_filter ] --START--
INFO: Run Behavior\WriteHtmlCacheBehavior [ RunTime:0.001290s ]
INFO: [ view_filter ] --END-- [ RunTime:0.001432s ]
INFO: [ app_end ] --START--
INFO: Run Behavior\ShowPageTraceBehavior [ RunTime:0.001441s ]
INFO: [ app_end ] --END-- [ RunTime:0.001580s ]

[ 2016-09-05T16:41:04+08:00 ] ::1 /index.php/admin/adminUser
INFO: [ app_init ] --START--
INFO: Run Behavior\BuildLiteBehavior [ RunTime:0.000035s ]
INFO: [ app_init ] --END-- [ RunTime:0.000850s ]
INFO: [ app_begin ] --START--
INFO: Run Behavior\ReadHtmlCacheBehavior [ RunTime:0.001407s ]
INFO: [ app_begin ] --END-- [ RunTime:0.001571s ]
NOTIC: [2048] Declaration of Admin\Controller\AdminUserController::setStatus() should be compatible with Admin\Controller\CommonController::setStatus($data, $models) D:\wamp\www\Application\Admin\Controller\AdminUserController.class.php 第 4 行.
SQL: SHOW COLUMNS FROM `mall_admin` [ RunTime:0.0035s ]
SQL: SELECT * FROM `mall_admin` WHERE `status` <> -1 ORDER BY admin_id desc  [ RunTime:0.0004s ]
INFO: [ view_parse ] --START--
INFO: [ template_filter ] --START--
INFO: Run Behavior\ContentReplaceBehavior [ RunTime:0.000114s ]
INFO: [ template_filter ] --END-- [ RunTime:0.000256s ]
NOTIC: [2048] Declaration of Common\Model\MenuModel::find() should be compatible with Think\Model::find($options = Array) D:\wamp\www\Application\Common\Model\MenuModel.class.php 第 69 行.
SQL: SHOW COLUMNS FROM `mall_menu` [ RunTime:0.0035s ]
SQL: SELECT * FROM `mall_menu` WHERE `status` <> -1 AND `type` = 1 ORDER BY listorder desc,menu_id   [ RunTime:0.0005s ]
NOTIC: [8] Undefined index: a D:\wamp\www\Application\Common\Common\function.php 第 37 行.
NOTIC: [8] Undefined index: a D:\wamp\www\Application\Common\Common\function.php 第 37 行.
NOTIC: [8] Undefined index: a D:\wamp\www\Application\Common\Common\function.php 第 37 行.
NOTIC: [8] Undefined index: a D:\wamp\www\Application\Common\Common\function.php 第 37 行.
NOTIC: [8] Undefined index: a D:\wamp\www\Application\Common\Common\function.php 第 37 行.
INFO: Run Behavior\ParseTemplateBehavior [ RunTime:0.024760s ]
INFO: [ view_parse ] --END-- [ RunTime:0.024897s ]
INFO: [ view_filter ] --START--
INFO: Run Behavior\WriteHtmlCacheBehavior [ RunTime:0.001233s ]
INFO: [ view_filter ] --END-- [ RunTime:0.001367s ]
INFO: [ app_end ] --START--
INFO: Run Behavior\ShowPageTraceBehavior [ RunTime:0.001371s ]
INFO: [ app_end ] --END-- [ RunTime:0.001504s ]

[ 2016-09-05T16:41:05+08:00 ] ::1 /index.php/admin/product
INFO: [ app_init ] --START--
INFO: Run Behavior\BuildLiteBehavior [ RunTime:0.000036s ]
INFO: [ app_init ] --END-- [ RunTime:0.000754s ]
INFO: [ app_begin ] --START--
INFO: Run Behavior\ReadHtmlCacheBehavior [ RunTime:0.001393s ]
INFO: [ app_begin ] --END-- [ RunTime:0.001557s ]
NOTIC: [2048] Declaration of Admin\Controller\ProductController::setStatus() should be compatible with Admin\Controller\CommonController::setStatus($data, $models) D:\wamp\www\Application\Admin\Controller\ProductController.class.php 第 4 行.
SQL: SHOW COLUMNS FROM `mall_class` [ RunTime:0.0640s ]
SQL: SELECT * FROM `mall_class` WHERE `status` = 1 AND `partent_id` = 0 ORDER BY listorder desc,class_id   [ RunTime:0.0005s ]
SQL: SHOW COLUMNS FROM `mall_product` [ RunTime:0.0035s ]
SQL: SELECT COUNT(*) AS tp_count FROM `mall_product` WHERE ( status!=-1 ) LIMIT 1   [ RunTime:0.0007s ]
SQL: SELECT * FROM `mall_product` WHERE ( status!=-1 ) ORDER BY id LIMIT 0,3   [ RunTime:0.0004s ]
SQL: SHOW COLUMNS FROM `mall_class` [ RunTime:0.0031s ]
SQL: SELECT * FROM `mall_class` WHERE ( 1=1 AND class_id='55' ) LIMIT 1   [ RunTime:0.0003s ]
SQL: SELECT * FROM `mall_class` WHERE ( 1=1 AND class_id='54' ) LIMIT 1   [ RunTime:0.0003s ]
SQL: SELECT * FROM `mall_class` WHERE ( 1=1 AND class_id='56' ) LIMIT 1   [ RunTime:0.0003s ]
INFO: [ view_parse ] --START--
INFO: [ template_filter ] --START--
INFO: Run Behavior\ContentReplaceBehavior [ RunTime:0.000152s ]
INFO: [ template_filter ] --END-- [ RunTime:0.000338s ]
NOTIC: [2048] Declaration of Common\Model\MenuModel::find() should be compatible with Think\Model::find($options = Array) D:\wamp\www\Application\Common\Model\MenuModel.class.php 第 69 行.
SQL: SHOW COLUMNS FROM `mall_menu` [ RunTime:0.0034s ]
SQL: SELECT * FROM `mall_menu` WHERE `status` <> -1 AND `type` = 1 ORDER BY listorder desc,menu_id   [ RunTime:0.0004s ]
NOTIC: [8] Undefined index: a D:\wamp\www\Application\Common\Common\function.php 第 37 行.
NOTIC: [8] Undefined index: a D:\wamp\www\Application\Common\Common\function.php 第 37 行.
NOTIC: [8] Undefined index: a D:\wamp\www\Application\Common\Common\function.php 第 37 行.
NOTIC: [8] Undefined index: a D:\wamp\www\Application\Common\Common\function.php 第 37 行.
NOTIC: [8] Undefined index: a D:\wamp\www\Application\Common\Common\function.php 第 37 行.
NOTIC: [8] Undefined index: class D:\wamp\www\Application\Runtime\Cache\Admin\34e4b095905075aaede5ee9039415509.php 第 164 行.
NOTIC: [8] Undefined index: class D:\wamp\www\Application\Runtime\Cache\Admin\34e4b095905075aaede5ee9039415509.php 第 164 行.
NOTIC: [8] Undefined index: class D:\wamp\www\Application\Runtime\Cache\Admin\34e4b095905075aaede5ee9039415509.php 第 164 行.
INFO: Run Behavior\ParseTemplateBehavior [ RunTime:0.027219s ]
INFO: [ view_parse ] --END-- [ RunTime:0.027357s ]
INFO: [ view_filter ] --START--
INFO: Run Behavior\WriteHtmlCacheBehavior [ RunTime:0.001169s ]
INFO: [ view_filter ] --END-- [ RunTime:0.001299s ]
INFO: [ app_end ] --START--
INFO: Run Behavior\ShowPageTraceBehavior [ RunTime:0.001390s ]
INFO: [ app_end ] --END-- [ RunTime:0.001536s ]

[ 2016-09-05T16:41:08+08:00 ] ::1 /index.php/Admin/Product/index/p/2.html
INFO: [ app_init ] --START--
INFO: Run Behavior\BuildLiteBehavior [ RunTime:0.000038s ]
INFO: [ app_init ] --END-- [ RunTime:0.000807s ]
INFO: [ app_begin ] --START--
INFO: Run Behavior\ReadHtmlCacheBehavior [ RunTime:0.001415s ]
INFO: [ app_begin ] --END-- [ RunTime:0.001584s ]
NOTIC: [2048] Declaration of Admin\Controller\ProductController::setStatus() should be compatible with Admin\Controller\CommonController::setStatus($data, $models) D:\wamp\www\Application\Admin\Controller\ProductController.class.php 第 4 行.
SQL: SHOW COLUMNS FROM `mall_class` [ RunTime:0.2038s ]
SQL: SELECT * FROM `mall_class` WHERE `status` = 1 AND `partent_id` = 0 ORDER BY listorder desc,class_id   [ RunTime:0.0005s ]
SQL: SHOW COLUMNS FROM `mall_product` [ RunTime:0.1805s ]
SQL: SELECT COUNT(*) AS tp_count FROM `mall_product` WHERE ( status!=-1 ) LIMIT 1   [ RunTime:0.0011s ]
SQL: SELECT * FROM `mall_product` WHERE ( status!=-1 ) ORDER BY id LIMIT 3,3   [ RunTime:0.0007s ]
SQL: SHOW COLUMNS FROM `mall_class` [ RunTime:0.1504s ]
SQL: SELECT * FROM `mall_class` WHERE ( 1=1 AND class_id='50' ) LIMIT 1   [ RunTime:0.0008s ]
SQL: SELECT * FROM `mall_class` WHERE ( 1=1 AND class_id='68' ) LIMIT 1   [ RunTime:0.0008s ]
SQL: SELECT * FROM `mall_class` WHERE ( 1=1 AND class_id='68' ) LIMIT 1   [ RunTime:0.0008s ]
INFO: [ view_parse ] --START--
INFO: [ template_filter ] --START--
INFO: Run Behavior\ContentReplaceBehavior [ RunTime:0.000125s ]
INFO: [ template_filter ] --END-- [ RunTime:0.000279s ]
NOTIC: [2048] Declaration of Common\Model\MenuModel::find() should be compatible with Think\Model::find($options = Array) D:\wamp\www\Application\Common\Model\MenuModel.class.php 第 69 行.
SQL: SHOW COLUMNS FROM `mall_menu` [ RunTime:0.0435s ]
SQL: SELECT * FROM `mall_menu` WHERE `status` <> -1 AND `type` = 1 ORDER BY listorder desc,menu_id   [ RunTime:0.0006s ]
NOTIC: [8] Undefined index: a D:\wamp\www\Application\Common\Common\function.php 第 37 行.
NOTIC: [8] Undefined index: a D:\wamp\www\Application\Common\Common\function.php 第 37 行.
NOTIC: [8] Undefined index: a D:\wamp\www\Application\Common\Common\function.php 第 37 行.
NOTIC: [8] Undefined index: a D:\wamp\www\Application\Common\Common\function.php 第 37 行.
NOTIC: [8] Undefined index: a D:\wamp\www\Application\Common\Common\function.php 第 37 行.
NOTIC: [8] Undefined index: class D:\wamp\www\Application\Runtime\Cache\Admin\34e4b095905075aaede5ee9039415509.php 第 164 行.
NOTIC: [8] Undefined index: class D:\wamp\www\Application\Runtime\Cache\Admin\34e4b095905075aaede5ee9039415509.php 第 164 行.
NOTIC: [8] Undefined index: class D:\wamp\www\Application\Runtime\Cache\Admin\34e4b095905075aaede5ee9039415509.php 第 164 行.
INFO: Run Behavior\ParseTemplateBehavior [ RunTime:0.095363s ]
INFO: [ view_parse ] --END-- [ RunTime:0.095684s ]
INFO: [ view_filter ] --START--
INFO: Run Behavior\WriteHtmlCacheBehavior [ RunTime:0.002055s ]
INFO: [ view_filter ] --END-- [ RunTime:0.002295s ]
INFO: [ app_end ] --START--
INFO: Run Behavior\ShowPageTraceBehavior [ RunTime:0.002830s ]
INFO: [ app_end ] --END-- [ RunTime:0.003089s ]

[ 2016-09-05T16:41:09+08:00 ] ::1 /index.php/Admin/Product/index/p/3.html
INFO: [ app_init ] --START--
INFO: Run Behavior\BuildLiteBehavior [ RunTime:0.000033s ]
INFO: [ app_init ] --END-- [ RunTime:0.000728s ]
INFO: [ app_begin ] --START--
INFO: Run Behavior\ReadHtmlCacheBehavior [ RunTime:0.001330s ]
INFO: [ app_begin ] --END-- [ RunTime:0.001481s ]
NOTIC: [2048] Declaration of Admin\Controller\ProductController::setStatus() should be compatible with Admin\Controller\CommonController::setStatus($data, $models) D:\wamp\www\Application\Admin\Controller\ProductController.class.php 第 4 行.
SQL: SHOW COLUMNS FROM `mall_class` [ RunTime:0.1209s ]
SQL: SELECT * FROM `mall_class` WHERE `status` = 1 AND `partent_id` = 0 ORDER BY listorder desc,class_id   [ RunTime:0.0005s ]
SQL: SHOW COLUMNS FROM `mall_product` [ RunTime:0.1614s ]
SQL: SELECT COUNT(*) AS tp_count FROM `mall_product` WHERE ( status!=-1 ) LIMIT 1   [ RunTime:0.0009s ]
SQL: SELECT * FROM `mall_product` WHERE ( status!=-1 ) ORDER BY id LIMIT 6,3   [ RunTime:0.0004s ]
SQL: SHOW COLUMNS FROM `mall_class` [ RunTime:0.1502s ]
SQL: SELECT * FROM `mall_class` WHERE ( 1=1 AND class_id='70' ) LIMIT 1   [ RunTime:0.0004s ]
SQL: SELECT * FROM `mall_class` WHERE ( 1=1 AND class_id='75' ) LIMIT 1   [ RunTime:0.0003s ]
SQL: SELECT * FROM `mall_class` WHERE ( 1=1 AND class_id='112' ) LIMIT 1   [ RunTime:0.0003s ]
INFO: [ view_parse ] --START--
INFO: [ template_filter ] --START--
INFO: Run Behavior\ContentReplaceBehavior [ RunTime:0.000126s ]
INFO: [ template_filter ] --END-- [ RunTime:0.000291s ]
NOTIC: [2048] Declaration of Common\Model\MenuModel::find() should be compatible with Think\Model::find($options = Array) D:\wamp\www\Application\Common\Model\MenuModel.class.php 第 69 行.
SQL: SHOW COLUMNS FROM `mall_menu` [ RunTime:0.1424s ]
SQL: SELECT * FROM `mall_menu` WHERE `status` <> -1 AND `type` = 1 ORDER BY listorder desc,menu_id   [ RunTime:0.0005s ]
NOTIC: [8] Undefined index: a D:\wamp\www\Application\Common\Common\function.php 第 37 行.
NOTIC: [8] Undefined index: a D:\wamp\www\Application\Common\Common\function.php 第 37 行.
NOTIC: [8] Undefined index: a D:\wamp\www\Application\Common\Common\function.php 第 37 行.
NOTIC: [8] Undefined index: a D:\wamp\www\Application\Common\Common\function.php 第 37 行.
NOTIC: [8] Undefined index: a D:\wamp\www\Application\Common\Common\function.php 第 37 行.
NOTIC: [8] Undefined index: class D:\wamp\www\Application\Runtime\Cache\Admin\34e4b095905075aaede5ee9039415509.php 第 164 行.
NOTIC: [8] Undefined index: class D:\wamp\www\Application\Runtime\Cache\Admin\34e4b095905075aaede5ee9039415509.php 第 164 行.
NOTIC: [8] Undefined index: class D:\wamp\www\Application\Runtime\Cache\Admin\34e4b095905075aaede5ee9039415509.php 第 164 行.
INFO: Run Behavior\ParseTemplateBehavior [ RunTime:0.166933s ]
INFO: [ view_parse ] --END-- [ RunTime:0.167145s ]
INFO: [ view_filter ] --START--
INFO: Run Behavior\WriteHtmlCacheBehavior [ RunTime:0.001568s ]
INFO: [ view_filter ] --END-- [ RunTime:0.001715s ]
INFO: [ app_end ] --START--
INFO: Run Behavior\ShowPageTraceBehavior [ RunTime:0.001443s ]
INFO: [ app_end ] --END-- [ RunTime:0.001582s ]

[ 2016-09-05T16:41:10+08:00 ] ::1 /index.php/Admin/Product/index/p/11.html
INFO: [ app_init ] --START--
INFO: Run Behavior\BuildLiteBehavior [ RunTime:0.000031s ]
INFO: [ app_init ] --END-- [ RunTime:0.000738s ]
INFO: [ app_begin ] --START--
INFO: Run Behavior\ReadHtmlCacheBehavior [ RunTime:0.001353s ]
INFO: [ app_begin ] --END-- [ RunTime:0.001513s ]
NOTIC: [2048] Declaration of Admin\Controller\ProductController::setStatus() should be compatible with Admin\Controller\CommonController::setStatus($data, $models) D:\wamp\www\Application\Admin\Controller\ProductController.class.php 第 4 行.
SQL: SHOW COLUMNS FROM `mall_class` [ RunTime:0.1227s ]
SQL: SELECT * FROM `mall_class` WHERE `status` = 1 AND `partent_id` = 0 ORDER BY listorder desc,class_id   [ RunTime:0.0005s ]
SQL: SHOW COLUMNS FROM `mall_product` [ RunTime:0.1390s ]
SQL: SELECT COUNT(*) AS tp_count FROM `mall_product` WHERE ( status!=-1 ) LIMIT 1   [ RunTime:0.0006s ]
SQL: SELECT * FROM `mall_product` WHERE ( status!=-1 ) ORDER BY id LIMIT 30,3   [ RunTime:0.0005s ]
SQL: SHOW COLUMNS FROM `mall_class` [ RunTime:0.1537s ]
SQL: SELECT * FROM `mall_class` WHERE ( 1=1 AND class_id='90' ) LIMIT 1   [ RunTime:0.0010s ]
SQL: SELECT * FROM `mall_class` WHERE ( 1=1 AND class_id='90' ) LIMIT 1   [ RunTime:0.0010s ]
SQL: SELECT * FROM `mall_class` WHERE ( 1=1 AND class_id='77' ) LIMIT 1   [ RunTime:0.0010s ]
INFO: [ view_parse ] --START--
INFO: [ template_filter ] --START--
INFO: Run Behavior\ContentReplaceBehavior [ RunTime:0.000161s ]
INFO: [ template_filter ] --END-- [ RunTime:0.000374s ]
NOTIC: [2048] Declaration of Common\Model\MenuModel::find() should be compatible with Think\Model::find($options = Array) D:\wamp\www\Application\Common\Model\MenuModel.class.php 第 69 行.
SQL: SHOW COLUMNS FROM `mall_menu` [ RunTime:0.0774s ]
SQL: SELECT * FROM `mall_menu` WHERE `status` <> -1 AND `type` = 1 ORDER BY listorder desc,menu_id   [ RunTime:0.0006s ]
NOTIC: [8] Undefined index: a D:\wamp\www\Application\Common\Common\function.php 第 37 行.
NOTIC: [8] Undefined index: a D:\wamp\www\Application\Common\Common\function.php 第 37 行.
NOTIC: [8] Undefined index: a D:\wamp\www\Application\Common\Common\function.php 第 37 行.
NOTIC: [8] Undefined index: a D:\wamp\www\Application\Common\Common\function.php 第 37 行.
NOTIC: [8] Undefined index: a D:\wamp\www\Application\Common\Common\function.php 第 37 行.
NOTIC: [8] Undefined index: class D:\wamp\www\Application\Runtime\Cache\Admin\34e4b095905075aaede5ee9039415509.php 第 164 行.
NOTIC: [8] Undefined index: class D:\wamp\www\Application\Runtime\Cache\Admin\34e4b095905075aaede5ee9039415509.php 第 164 行.
NOTIC: [8] Undefined index: class D:\wamp\www\Application\Runtime\Cache\Admin\34e4b095905075aaede5ee9039415509.php 第 164 行.
INFO: Run Behavior\ParseTemplateBehavior [ RunTime:0.121178s ]
INFO: [ view_parse ] --END-- [ RunTime:0.121458s ]
INFO: [ view_filter ] --START--
INFO: Run Behavior\WriteHtmlCacheBehavior [ RunTime:0.001634s ]
INFO: [ view_filter ] --END-- [ RunTime:0.001885s ]
INFO: [ app_end ] --START--
INFO: Run Behavior\ShowPageTraceBehavior [ RunTime:0.002448s ]
INFO: [ app_end ] --END-- [ RunTime:0.002779s ]

[ 2016-09-05T16:41:11+08:00 ] ::1 /index.php/Admin/Product/index/p/14.html
INFO: [ app_init ] --START--
INFO: Run Behavior\BuildLiteBehavior [ RunTime:0.000045s ]
INFO: [ app_init ] --END-- [ RunTime:0.001022s ]
INFO: [ app_begin ] --START--
INFO: Run Behavior\ReadHtmlCacheBehavior [ RunTime:0.001613s ]
INFO: [ app_begin ] --END-- [ RunTime:0.001797s ]
NOTIC: [2048] Declaration of Admin\Controller\ProductController::setStatus() should be compatible with Admin\Controller\CommonController::setStatus($data, $models) D:\wamp\www\Application\Admin\Controller\ProductController.class.php 第 4 行.
SQL: SHOW COLUMNS FROM `mall_class` [ RunTime:0.0916s ]
SQL: SELECT * FROM `mall_class` WHERE `status` = 1 AND `partent_id` = 0 ORDER BY listorder desc,class_id   [ RunTime:0.0004s ]
SQL: SHOW COLUMNS FROM `mall_product` [ RunTime:0.1555s ]
SQL: SELECT COUNT(*) AS tp_count FROM `mall_product` WHERE ( status!=-1 ) LIMIT 1   [ RunTime:0.0018s ]
SQL: SELECT * FROM `mall_product` WHERE ( status!=-1 ) ORDER BY id LIMIT 39,3   [ RunTime:0.0013s ]
SQL: SHOW COLUMNS FROM `mall_class` [ RunTime:0.1385s ]
SQL: SELECT * FROM `mall_class` WHERE ( 1=1 AND class_id='64' ) LIMIT 1   [ RunTime:0.0009s ]
SQL: SELECT * FROM `mall_class` WHERE ( 1=1 AND class_id='58' ) LIMIT 1   [ RunTime:0.0008s ]
SQL: SELECT * FROM `mall_class` WHERE ( 1=1 AND class_id='70' ) LIMIT 1   [ RunTime:0.0008s ]
INFO: [ view_parse ] --START--
INFO: [ template_filter ] --START--
INFO: Run Behavior\ContentReplaceBehavior [ RunTime:0.000188s ]
INFO: [ template_filter ] --END-- [ RunTime:0.000405s ]
NOTIC: [2048] Declaration of Common\Model\MenuModel::find() should be compatible with Think\Model::find($options = Array) D:\wamp\www\Application\Common\Model\MenuModel.class.php 第 69 行.
SQL: SHOW COLUMNS FROM `mall_menu` [ RunTime:0.1087s ]
SQL: SELECT * FROM `mall_menu` WHERE `status` <> -1 AND `type` = 1 ORDER BY listorder desc,menu_id   [ RunTime:0.0007s ]
NOTIC: [8] Undefined index: a D:\wamp\www\Application\Common\Common\function.php 第 37 行.
NOTIC: [8] Undefined index: a D:\wamp\www\Application\Common\Common\function.php 第 37 行.
NOTIC: [8] Undefined index: a D:\wamp\www\Application\Common\Common\function.php 第 37 行.
NOTIC: [8] Undefined index: a D:\wamp\www\Application\Common\Common\function.php 第 37 行.
NOTIC: [8] Undefined index: a D:\wamp\www\Application\Common\Common\function.php 第 37 行.
NOTIC: [8] Undefined index: class D:\wamp\www\Application\Runtime\Cache\Admin\34e4b095905075aaede5ee9039415509.php 第 164 行.
NOTIC: [8] Undefined index: class D:\wamp\www\Application\Runtime\Cache\Admin\34e4b095905075aaede5ee9039415509.php 第 164 行.
NOTIC: [8] Undefined index: class D:\wamp\www\Application\Runtime\Cache\Admin\34e4b095905075aaede5ee9039415509.php 第 164 行.
INFO: Run Behavior\ParseTemplateBehavior [ RunTime:0.152547s ]
INFO: [ view_parse ] --END-- [ RunTime:0.152857s ]
INFO: [ view_filter ] --START--
INFO: Run Behavior\WriteHtmlCacheBehavior [ RunTime:0.002104s ]
INFO: [ view_filter ] --END-- [ RunTime:0.002332s ]
INFO: [ app_end ] --START--
INFO: Run Behavior\ShowPageTraceBehavior [ RunTime:0.002363s ]
INFO: [ app_end ] --END-- [ RunTime:0.002590s ]

[ 2016-09-05T16:41:13+08:00 ] ::1 /index.php/Admin/Product/index/p/399.html
INFO: [ app_init ] --START--
INFO: Run Behavior\BuildLiteBehavior [ RunTime:0.000033s ]
INFO: [ app_init ] --END-- [ RunTime:0.000804s ]
INFO: [ app_begin ] --START--
INFO: Run Behavior\ReadHtmlCacheBehavior [ RunTime:0.001379s ]
INFO: [ app_begin ] --END-- [ RunTime:0.001542s ]
NOTIC: [2048] Declaration of Admin\Controller\ProductController::setStatus() should be compatible with Admin\Controller\CommonController::setStatus($data, $models) D:\wamp\www\Application\Admin\Controller\ProductController.class.php 第 4 行.
SQL: SHOW COLUMNS FROM `mall_class` [ RunTime:0.0761s ]
SQL: SELECT * FROM `mall_class` WHERE `status` = 1 AND `partent_id` = 0 ORDER BY listorder desc,class_id   [ RunTime:0.0005s ]
SQL: SHOW COLUMNS FROM `mall_product` [ RunTime:0.1997s ]
SQL: SELECT COUNT(*) AS tp_count FROM `mall_product` WHERE ( status!=-1 ) LIMIT 1   [ RunTime:0.0018s ]
SQL: SELECT * FROM `mall_product` WHERE ( status!=-1 ) ORDER BY id LIMIT 1194,3   [ RunTime:0.0036s ]
SQL: SHOW COLUMNS FROM `mall_class` [ RunTime:0.2302s ]
SQL: SELECT * FROM `mall_class` WHERE ( 1=1 AND class_id='123' ) LIMIT 1   [ RunTime:0.0005s ]
SQL: SELECT * FROM `mall_class` WHERE ( 1=1 AND class_id='123' ) LIMIT 1   [ RunTime:0.0004s ]
INFO: [ view_parse ] --START--
INFO: [ template_filter ] --START--
INFO: Run Behavior\ContentReplaceBehavior [ RunTime:0.000158s ]
INFO: [ template_filter ] --END-- [ RunTime:0.000353s ]
NOTIC: [2048] Declaration of Common\Model\MenuModel::find() should be compatible with Think\Model::find($options = Array) D:\wamp\www\Application\Common\Model\MenuModel.class.php 第 69 行.
SQL: SHOW COLUMNS FROM `mall_menu` [ RunTime:0.1960s ]
SQL: SELECT * FROM `mall_menu` WHERE `status` <> -1 AND `type` = 1 ORDER BY listorder desc,menu_id   [ RunTime:0.0015s ]
NOTIC: [8] Undefined index: a D:\wamp\www\Application\Common\Common\function.php 第 37 行.
NOTIC: [8] Undefined index: a D:\wamp\www\Application\Common\Common\function.php 第 37 行.
NOTIC: [8] Undefined index: a D:\wamp\www\Application\Common\Common\function.php 第 37 行.
NOTIC: [8] Undefined index: a D:\wamp\www\Application\Common\Common\function.php 第 37 行.
NOTIC: [8] Undefined index: a D:\wamp\www\Application\Common\Common\function.php 第 37 行.
NOTIC: [8] Undefined index: class D:\wamp\www\Application\Runtime\Cache\Admin\34e4b095905075aaede5ee9039415509.php 第 164 行.
NOTIC: [8] Undefined index: class D:\wamp\www\Application\Runtime\Cache\Admin\34e4b095905075aaede5ee9039415509.php 第 164 行.
INFO: Run Behavior\ParseTemplateBehavior [ RunTime:0.234420s ]
INFO: [ view_parse ] --END-- [ RunTime:0.234825s ]
INFO: [ view_filter ] --START--
INFO: Run Behavior\WriteHtmlCacheBehavior [ RunTime:0.003945s ]
INFO: [ view_filter ] --END-- [ RunTime:0.004416s ]
INFO: [ app_end ] --START--
INFO: Run Behavior\ShowPageTraceBehavior [ RunTime:0.004820s ]
INFO: [ app_end ] --END-- [ RunTime:0.005306s ]

[ 2016-09-05T16:41:16+08:00 ] ::1 /index.php/Admin/Product/add.html
INFO: [ app_init ] --START--
INFO: Run Behavior\BuildLiteBehavior [ RunTime:0.000035s ]
INFO: [ app_init ] --END-- [ RunTime:0.000795s ]
INFO: [ app_begin ] --START--
INFO: Run Behavior\ReadHtmlCacheBehavior [ RunTime:0.001363s ]
INFO: [ app_begin ] --END-- [ RunTime:0.001527s ]
NOTIC: [2048] Declaration of Admin\Controller\ProductController::setStatus() should be compatible with Admin\Controller\CommonController::setStatus($data, $models) D:\wamp\www\Application\Admin\Controller\ProductController.class.php 第 4 行.
SQL: SHOW COLUMNS FROM `mall_class` [ RunTime:0.0731s ]
SQL: SELECT * FROM `mall_class` WHERE `status` = 1 AND `partent_id` = '41' ORDER BY listorder desc,class_id   [ RunTime:0.0004s ]
INFO: [ view_parse ] --START--
INFO: [ template_filter ] --START--
INFO: Run Behavior\ContentReplaceBehavior [ RunTime:0.000304s ]
INFO: [ template_filter ] --END-- [ RunTime:0.000688s ]
NOTIC: [2048] Declaration of Common\Model\MenuModel::find() should be compatible with Think\Model::find($options = Array) D:\wamp\www\Application\Common\Model\MenuModel.class.php 第 69 行.
SQL: SHOW COLUMNS FROM `mall_menu` [ RunTime:0.1586s ]
SQL: SELECT * FROM `mall_menu` WHERE `status` <> -1 AND `type` = 1 ORDER BY listorder desc,menu_id   [ RunTime:0.0012s ]
NOTIC: [8] Undefined index: a D:\wamp\www\Application\Common\Common\function.php 第 37 行.
NOTIC: [8] Undefined index: a D:\wamp\www\Application\Common\Common\function.php 第 37 行.
NOTIC: [8] Undefined index: a D:\wamp\www\Application\Common\Common\function.php 第 37 行.
NOTIC: [8] Undefined index: a D:\wamp\www\Application\Common\Common\function.php 第 37 行.
NOTIC: [8] Undefined index: a D:\wamp\www\Application\Common\Common\function.php 第 37 行.
NOTIC: [8] Undefined variable: products D:\wamp\www\Application\Runtime\Cache\Admin\8b641081e7ea680aaaea87475742484f.php 第 86 行.
NOTIC: [8] Undefined variable: products D:\wamp\www\Application\Runtime\Cache\Admin\8b641081e7ea680aaaea87475742484f.php 第 91 行.
INFO: Run Behavior\ParseTemplateBehavior [ RunTime:0.284487s ]
INFO: [ view_parse ] --END-- [ RunTime:0.284757s ]
INFO: [ view_filter ] --START--
INFO: Run Behavior\WriteHtmlCacheBehavior [ RunTime:0.003342s ]
INFO: [ view_filter ] --END-- [ RunTime:0.003708s ]
INFO: [ app_end ] --START--
INFO: Run Behavior\ShowPageTraceBehavior [ RunTime:0.004376s ]
INFO: [ app_end ] --END-- [ RunTime:0.004786s ]

[ 2016-09-05T16:41:17+08:00 ] ::1 /index.php/Admin/Product/
INFO: [ app_init ] --START--
INFO: Run Behavior\BuildLiteBehavior [ RunTime:0.000046s ]
INFO: [ app_init ] --END-- [ RunTime:0.001073s ]
INFO: [ app_begin ] --START--
INFO: Run Behavior\ReadHtmlCacheBehavior [ RunTime:0.002424s ]
INFO: [ app_begin ] --END-- [ RunTime:0.002685s ]
NOTIC: [2048] Declaration of Admin\Controller\ProductController::setStatus() should be compatible with Admin\Controller\CommonController::setStatus($data, $models) D:\wamp\www\Application\Admin\Controller\ProductController.class.php 第 4 行.
SQL: SHOW COLUMNS FROM `mall_class` [ RunTime:0.1096s ]
SQL: SELECT * FROM `mall_class` WHERE `status` = 1 AND `partent_id` = 0 ORDER BY listorder desc,class_id   [ RunTime:0.0011s ]
SQL: SHOW COLUMNS FROM `mall_product` [ RunTime:0.1955s ]
SQL: SELECT COUNT(*) AS tp_count FROM `mall_product` WHERE ( status!=-1 ) LIMIT 1   [ RunTime:0.0011s ]
SQL: SELECT * FROM `mall_product` WHERE ( status!=-1 ) ORDER BY id LIMIT 0,3   [ RunTime:0.0005s ]
SQL: SHOW COLUMNS FROM `mall_class` [ RunTime:0.1444s ]
SQL: SELECT * FROM `mall_class` WHERE ( 1=1 AND class_id='55' ) LIMIT 1   [ RunTime:0.0003s ]
SQL: SELECT * FROM `mall_class` WHERE ( 1=1 AND class_id='54' ) LIMIT 1   [ RunTime:0.0002s ]
SQL: SELECT * FROM `mall_class` WHERE ( 1=1 AND class_id='56' ) LIMIT 1   [ RunTime:0.0002s ]
INFO: [ view_parse ] --START--
INFO: [ template_filter ] --START--
INFO: Run Behavior\ContentReplaceBehavior [ RunTime:0.000122s ]
INFO: [ template_filter ] --END-- [ RunTime:0.000268s ]
NOTIC: [2048] Declaration of Common\Model\MenuModel::find() should be compatible with Think\Model::find($options = Array) D:\wamp\www\Application\Common\Model\MenuModel.class.php 第 69 行.
SQL: SHOW COLUMNS FROM `mall_menu` [ RunTime:0.0035s ]
SQL: SELECT * FROM `mall_menu` WHERE `status` <> -1 AND `type` = 1 ORDER BY listorder desc,menu_id   [ RunTime:0.0005s ]
NOTIC: [8] Undefined index: a D:\wamp\www\Application\Common\Common\function.php 第 37 行.
NOTIC: [8] Undefined index: a D:\wamp\www\Application\Common\Common\function.php 第 37 行.
NOTIC: [8] Undefined index: a D:\wamp\www\Application\Common\Common\function.php 第 37 行.
NOTIC: [8] Undefined index: a D:\wamp\www\Application\Common\Common\function.php 第 37 行.
NOTIC: [8] Undefined index: a D:\wamp\www\Application\Common\Common\function.php 第 37 行.
NOTIC: [8] Undefined index: class D:\wamp\www\Application\Runtime\Cache\Admin\34e4b095905075aaede5ee9039415509.php 第 164 行.
NOTIC: [8] Undefined index: class D:\wamp\www\Application\Runtime\Cache\Admin\34e4b095905075aaede5ee9039415509.php 第 164 行.
NOTIC: [8] Undefined index: class D:\wamp\www\Application\Runtime\Cache\Admin\34e4b095905075aaede5ee9039415509.php 第 164 行.
INFO: Run Behavior\ParseTemplateBehavior [ RunTime:0.028295s ]
INFO: [ view_parse ] --END-- [ RunTime:0.028437s ]
INFO: [ view_filter ] --START--
INFO: Run Behavior\WriteHtmlCacheBehavior [ RunTime:0.001235s ]
INFO: [ view_filter ] --END-- [ RunTime:0.001368s ]
INFO: [ app_end ] --START--
INFO: Run Behavior\ShowPageTraceBehavior [ RunTime:0.001345s ]
INFO: [ app_end ] --END-- [ RunTime:0.001478s ]

[ 2016-09-05T16:41:21+08:00 ] ::1 /index.php/Admin/Index/index.html
INFO: [ app_init ] --START--
INFO: Run Behavior\BuildLiteBehavior [ RunTime:0.000078s ]
INFO: [ app_init ] --END-- [ RunTime:0.001233s ]
INFO: [ app_begin ] --START--
INFO: Run Behavior\ReadHtmlCacheBehavior [ RunTime:0.001903s ]
INFO: [ app_begin ] --END-- [ RunTime:0.002130s ]
INFO: [ view_parse ] --START--
INFO: [ template_filter ] --START--
INFO: Run Behavior\ContentReplaceBehavior [ RunTime:0.000114s ]
INFO: [ template_filter ] --END-- [ RunTime:0.000261s ]
NOTIC: [2048] Declaration of Common\Model\MenuModel::find() should be compatible with Think\Model::find($options = Array) D:\wamp\www\Application\Common\Model\MenuModel.class.php 第 8 行.
SQL: SHOW COLUMNS FROM `mall_menu` [ RunTime:0.3568s ]
SQL: SELECT * FROM `mall_menu` WHERE `status` <> -1 AND `type` = 1 ORDER BY listorder desc,menu_id   [ RunTime:0.0004s ]
NOTIC: [8] Undefined index: a D:\wamp\www\Application\Common\Common\function.php 第 37 行.
NOTIC: [8] Undefined index: a D:\wamp\www\Application\Common\Common\function.php 第 37 行.
NOTIC: [8] Undefined index: a D:\wamp\www\Application\Common\Common\function.php 第 37 行.
NOTIC: [8] Undefined index: a D:\wamp\www\Application\Common\Common\function.php 第 37 行.
NOTIC: [8] Undefined index: a D:\wamp\www\Application\Common\Common\function.php 第 37 行.
INFO: Run Behavior\ParseTemplateBehavior [ RunTime:0.396461s ]
INFO: [ view_parse ] --END-- [ RunTime:0.396649s ]
INFO: [ view_filter ] --START--
INFO: Run Behavior\WriteHtmlCacheBehavior [ RunTime:0.001188s ]
INFO: [ view_filter ] --END-- [ RunTime:0.001444s ]
INFO: [ app_end ] --START--
INFO: Run Behavior\ShowPageTraceBehavior [ RunTime:0.001429s ]
INFO: [ app_end ] --END-- [ RunTime:0.001573s ]

[ 2016-09-05T16:41:22+08:00 ] ::1 /index.php/Admin/Index/index.html
INFO: [ app_init ] --START--
INFO: Run Behavior\BuildLiteBehavior [ RunTime:0.000040s ]
INFO: [ app_init ] --END-- [ RunTime:0.000875s ]
INFO: [ app_begin ] --START--
INFO: Run Behavior\ReadHtmlCacheBehavior [ RunTime:0.001495s ]
INFO: [ app_begin ] --END-- [ RunTime:0.001698s ]
INFO: [ view_parse ] --START--
INFO: [ template_filter ] --START--
INFO: Run Behavior\ContentReplaceBehavior [ RunTime:0.000134s ]
INFO: [ template_filter ] --END-- [ RunTime:0.000281s ]
NOTIC: [2048] Declaration of Common\Model\MenuModel::find() should be compatible with Think\Model::find($options = Array) D:\wamp\www\Application\Common\Model\MenuModel.class.php 第 8 行.
SQL: SHOW COLUMNS FROM `mall_menu` [ RunTime:0.4307s ]
SQL: SELECT * FROM `mall_menu` WHERE `status` <> -1 AND `type` = 1 ORDER BY listorder desc,menu_id   [ RunTime:0.0005s ]
NOTIC: [8] Undefined index: a D:\wamp\www\Application\Common\Common\function.php 第 37 行.
NOTIC: [8] Undefined index: a D:\wamp\www\Application\Common\Common\function.php 第 37 行.
NOTIC: [8] Undefined index: a D:\wamp\www\Application\Common\Common\function.php 第 37 行.
NOTIC: [8] Undefined index: a D:\wamp\www\Application\Common\Common\function.php 第 37 行.
NOTIC: [8] Undefined index: a D:\wamp\www\Application\Common\Common\function.php 第 37 行.
INFO: Run Behavior\ParseTemplateBehavior [ RunTime:0.461107s ]
INFO: [ view_parse ] --END-- [ RunTime:0.461254s ]
INFO: [ view_filter ] --START--
INFO: Run Behavior\WriteHtmlCacheBehavior [ RunTime:0.001313s ]
INFO: [ view_filter ] --END-- [ RunTime:0.001449s ]
INFO: [ app_end ] --START--
INFO: Run Behavior\ShowPageTraceBehavior [ RunTime:0.001433s ]
INFO: [ app_end ] --END-- [ RunTime:0.001568s ]

[ 2016-09-05T16:41:22+08:00 ] ::1 /index.php/Admin/Login/loginout.html
INFO: [ app_init ] --START--
INFO: Run Behavior\BuildLiteBehavior [ RunTime:0.000034s ]
INFO: [ app_init ] --END-- [ RunTime:0.000745s ]
INFO: [ app_begin ] --START--
INFO: Run Behavior\ReadHtmlCacheBehavior [ RunTime:0.001316s ]
INFO: [ app_begin ] --END-- [ RunTime:0.001477s ]

[ 2016-09-05T16:41:22+08:00 ] ::1 /index.php/Admin/login.html
INFO: [ app_init ] --START--
INFO: Run Behavior\BuildLiteBehavior [ RunTime:0.000033s ]
INFO: [ app_init ] --END-- [ RunTime:0.000760s ]
INFO: [ app_begin ] --START--
INFO: Run Behavior\ReadHtmlCacheBehavior [ RunTime:0.001298s ]
INFO: [ app_begin ] --END-- [ RunTime:0.001449s ]
INFO: [ view_parse ] --START--
INFO: [ template_filter ] --START--
INFO: Run Behavior\ContentReplaceBehavior [ RunTime:0.000114s ]
INFO: [ template_filter ] --END-- [ RunTime:0.000274s ]
INFO: Run Behavior\ParseTemplateBehavior [ RunTime:0.011853s ]
INFO: [ view_parse ] --END-- [ RunTime:0.012006s ]
INFO: [ view_filter ] --START--
INFO: Run Behavior\WriteHtmlCacheBehavior [ RunTime:0.001201s ]
INFO: [ view_filter ] --END-- [ RunTime:0.001343s ]
INFO: [ app_end ] --START--
INFO: Run Behavior\ShowPageTraceBehavior [ RunTime:0.001457s ]
INFO: [ app_end ] --END-- [ RunTime:0.001595s ]

